#
# A fatal error has been detected by the Java Runtime Environment:
#
#  EXCEPTION_ACCESS_VIOLATION (0xc0000005) at pc=0x00007ffc3e298437, pid=16308, tid=8332
#
# JRE version: OpenJDK Runtime Environment Corretto-17.0.15.6.1 (17.0.15+6) (build 17.0.15+6-LTS)
# Java VM: OpenJDK 64-Bit Server VM Corretto-17.0.15.6.1 (17.0.15+6-LTS, mixed mode, sharing, tiered, compressed oops, compressed class ptrs, g1 gc, windows-amd64)
# Problematic frame:
# V  [jvm.dll+0x588437]
#
# No core dump will be written. Minidumps are not enabled by default on client versions of Windows
#
# If you would like to submit a bug report, please visit:
#   https://github.com/corretto/corretto-17/issues/
#

---------------  S U M M A R Y ------------

Command Line: -agentlib:jdwp=transport=dt_socket,address=127.0.0.1:52848,suspend=y,server=n -javaagent:C:\Users\Micro\AppData\Local\JetBrains\IdeaIC2023.3\captureAgent\debugger-agent.jar -Dfile.encoding=UTF-8 com.br.api.favorites.FavoritesApplication

Host: AMD Ryzen 5 5600G with Radeon Graphics         , 12 cores, 15G,  Windows 11 , 64 bit Build 26100 (10.0.26100.3912)
Time: Fri May 30 16:01:38 2025 Hora oficial do Brasil elapsed time: 3.795003 seconds (0d 0h 0m 3s)

---------------  T H R E A D  ---------------

Current thread (0x0000024a60955930):  JavaThread "C2 CompilerThread0" daemon [_thread_in_native, id=8332, stack(0x000000af09200000,0x000000af09300000)]


Current CompileTask:
C2:   3795 5229       4       org.springframework.core.annotation.TypeMappedAnnotations::get (8 bytes)

Stack: [0x000000af09200000,0x000000af09300000],  sp=0x000000af092fa520,  free space=1001k
Native frames: (J=compiled Java code, j=interpreted, Vv=VM code, C=native code)
V  [jvm.dll+0x588437]
V  [jvm.dll+0x587917]
V  [jvm.dll+0x2231e2]
V  [jvm.dll+0x21c4e0]
V  [jvm.dll+0x219bf1]
V  [jvm.dll+0x1a59fd]
V  [jvm.dll+0x229a5d]
V  [jvm.dll+0x227bec]
V  [jvm.dll+0x7eda37]
V  [jvm.dll+0x7e7f8c]
V  [jvm.dll+0x680017]
C  [ucrtbase.dll+0x37b0]
C  [KERNEL32.DLL+0x2e8d7]
C  [ntdll.dll+0x9c5dc]


siginfo: EXCEPTION_ACCESS_VIOLATION (0xc0000005), reading address 0xffffffffffffffff


Registers:
RAX=0x0000024aa73da498, RBX=0x0002024aa979c428, RCX=0x0000000000000001, RDX=0x0000000000000000
RSP=0x000000af092fa520, RBP=0x000000af092fa900, RSI=0x0000000000000002, RDI=0x000000af092fa5f0
R8 =0x0000000000004000, R9 =0x0000000000000000, R10=0x00007ffc7a810000, R11=0x0000024a61c14900
R12=0x0000000000000002, R13=0x000000af092fa5b0, R14=0x0000024aa73da458, R15=0x000000af092fa5d0
RIP=0x00007ffc3e298437, EFLAGS=0x0000000000010206

XMM[0]=0x0000000000000000 0x0000000000000000
XMM[1]=0x0000024aa72f75b0 0x0000024aa72f1510
XMM[2]=0x0000024a61a946e8 0x0000024aaac094c0
XMM[3]=0x0000024aa8eecf18 0x0000024aa747e060
XMM[4]=0x0000024aa8eee130 0x0000024aa8eedb70
XMM[5]=0x0000024aa8210250 0x0000024aa8210c90
XMM[6]=0x0000000000000000 0x0000000000000000
XMM[7]=0x0000000000000000 0x0000000000000000
XMM[8]=0x0000000000000000 0x0000000000000000
XMM[9]=0x0000000000000000 0x0000000000000000
XMM[10]=0x0000000000000000 0x0000000000000000
XMM[11]=0x0000000000000000 0x0000000000000000
XMM[12]=0x0000000000000000 0x0000000000000000
XMM[13]=0x0000000000000000 0x0000000000000000
XMM[14]=0x0000000000000000 0x0000000000000000
XMM[15]=0x0000000000000000 0x0000000000000000
  MXCSR=0x00001fa0


Register to memory mapping:

RIP=0x00007ffc3e298437 jvm.dll
RAX=0x0000024aa73da498 points into unknown readable memory: 0x0000000000000000 | 00 00 00 00 00 00 00 00
RBX=0x0002024aa979c428 is an unknown value
RCX=0x0000000000000001 is an unknown value
RDX=0x0 is NULL
RSP=0x000000af092fa520 is pointing into the stack for thread: 0x0000024a60955930
RBP=0x000000af092fa900 is pointing into the stack for thread: 0x0000024a60955930
RSI=0x0000000000000002 is an unknown value
RDI=0x000000af092fa5f0 is pointing into the stack for thread: 0x0000024a60955930
R8 =0x0000000000004000 is an unknown value
R9 =0x0 is NULL
R10=0x00007ffc7a810000 VCRUNTIME140.dll
R11=0x0000024a61c14900 points into unknown readable memory: 0x0000024aaad45fc8 | c8 5f d4 aa 4a 02 00 00
R12=0x0000000000000002 is an unknown value
R13=0x000000af092fa5b0 is pointing into the stack for thread: 0x0000024a60955930
R14=0x0000024aa73da458 points into unknown readable memory: 0x00007ffc3e628780 | 80 87 62 3e fc 7f 00 00
R15=0x000000af092fa5d0 is pointing into the stack for thread: 0x0000024a60955930


Top of Stack: (sp=0x000000af092fa520)
0x000000af092fa520:   0000000000000c17 000000af092fa900
0x000000af092fa530:   000000af092fa5f0 00007ffc3e53204e
0x000000af092fa540:   0000024a3e1ec0e0 0000024a3e17f390
0x000000af092fa550:   0000000000000000 0000000000000001
0x000000af092fa560:   0000024a3e1ec0b0 0000000000098100
0x000000af092fa570:   000000af092fa680 00007ffc3e297917
0x000000af092fa580:   000000af092fa900 000000af092fa5d0
0x000000af092fa590:   0000024a00000002 000000af092fa5f0
0x000000af092fa5a0:   00000000000981f8 0000024a3be20000
0x000000af092fa5b0:   0000024a60945290 00007ffc00000200
0x000000af092fa5c0:   0000024a61c14100 000000000000004a
0x000000af092fa5d0:   0000000000000200 0000024a61c13900
0x000000af092fa5e0:   0000024a00000200 0000024a60945290
0x000000af092fa5f0:   0000024aac214db0 0000024aac224ca0
0x000000af092fa600:   0000024aac214db0 0000024a60945290
0x000000af092fa610:   0000024a60945290 00007ffc00000004
0x000000af092fa620:   0000024aa72ff640 00007ffc00000000
0x000000af092fa630:   0000024aa9534500 00007ffc3dfb4e33
0x000000af092fa640:   0000000000000000 0000024aac63ff80
0x000000af092fa650:   0000000000000005 0000024a61193bc0
0x000000af092fa660:   0000000000000802 0000000000000000
0x000000af092fa670:   00000000f600a452 0000000000000050
0x000000af092fa680:   000000af092fb500 00007ffc3dd10000
0x000000af092fa690:   0000024aa9534500 00007ffc3e50bee0
0x000000af092fa6a0:   0000024aa7f071e0 0000024aab9aaf10
0x000000af092fa6b0:   0000024a3e1ec090 000000007fffffff
0x000000af092fa6c0:   0000024a6129ad80 0000000000000005
0x000000af092fa6d0:   0000000000000005 0000024a611c7270
0x000000af092fa6e0:   00000000000981f8 0000024a611c9fb8
0x000000af092fa6f0:   00007ffc9a6088b0 00007ffc9a4e0139
0x000000af092fa700:   0000024aac68fff0 0000000000020010
0x000000af092fa710:   000000000000000d 0000024aac68fff0 

Instructions: (pc=0x00007ffc3e298437)
0x00007ffc3e298337:   00 00 4d 8b 09 4d 85 c9 74 37 49 8b 49 68 48 85
0x00007ffc3e298347:   c9 74 26 8b 51 18 33 c0 85 d2 74 1d 4c 8b 41 10
0x00007ffc3e298357:   66 0f 1f 84 00 00 00 00 00 4d 3b 34 c0 0f 84 9e
0x00007ffc3e298367:   00 00 00 ff c0 3b c2 72 f0 4d 8b 09 4d 85 c9 75
0x00007ffc3e298377:   c9 49 8b 46 08 49 8b d6 48 8b cd 48 8b 30 4c 8b
0x00007ffc3e298387:   c6 e8 33 db fe ff 48 8b 4f 60 48 85 c9 74 08 49
0x00007ffc3e298397:   8b d6 e8 72 7c 0d 00 8b 7e 28 8b df c1 eb 05 41
0x00007ffc3e2983a7:   3b 1f 72 0a 8b d3 49 8b cf e8 2b 9c 29 00 49 8b
0x00007ffc3e2983b7:   47 08 83 e7 1f 48 8d 14 98 40 0f b6 cf 41 b8 01
0x00007ffc3e2983c7:   00 00 00 41 d3 e0 8b 0a 8b c1 41 0b c0 89 02 41
0x00007ffc3e2983d7:   85 c8 75 23 41 8b 5d 18 8d 43 01 41 89 45 18 41
0x00007ffc3e2983e7:   3b 5d 08 72 0a 8b d3 49 8b cd e8 3a 63 0d 00 49
0x00007ffc3e2983f7:   8b 45 10 48 89 34 d8 8b 74 24 70 44 8d 66 01 eb
0x00007ffc3e298407:   04 8b 74 24 70 44 3b e6 0f 83 f8 00 00 00 66 66
0x00007ffc3e298417:   66 0f 1f 84 00 00 00 00 00 49 8b 46 08 41 8b cc
0x00007ffc3e298427:   41 ff c4 48 8b 1c c8 48 85 db 0f 84 cb 00 00 00
0x00007ffc3e298437:   48 8b 03 48 8b cb ff 90 a8 00 00 00 84 c0 74 38
0x00007ffc3e298447:   48 8b 03 48 8b cb ff 50 10 84 c0 75 2b 48 8b 43
0x00007ffc3e298457:   08 8b 7b 28 4c 8b 38 3b 7d 28 72 0b 8b d7 48 8d
0x00007ffc3e298467:   4d 20 e8 c2 62 0d 00 48 8b 45 30 49 8d 57 01 4c
0x00007ffc3e298477:   8b 7c 24 68 48 89 14 f8 8b 73 28 8b fe c1 ef 05
0x00007ffc3e298487:   41 3b 3f 72 0a 8b d7 49 8b cf e8 4a 9b 29 00 49
0x00007ffc3e298497:   8b 47 08 83 e6 1f 44 8b 0c b8 48 8d 14 b8 41 8b
0x00007ffc3e2984a7:   c1 41 b8 01 00 00 00 40 0f b6 ce 41 d3 e0 41 0b
0x00007ffc3e2984b7:   c0 45 23 c8 89 02 8b 43 28 3b 45 28 0f 83 d2 00
0x00007ffc3e2984c7:   00 00 8b c8 48 8b 45 30 48 83 3c c8 00 0f 84 c1
0x00007ffc3e2984d7:   00 00 00 45 85 c9 75 23 41 8b 7d 18 8d 47 01 41
0x00007ffc3e2984e7:   89 45 18 41 3b 7d 08 72 0a 8b d7 49 8b cd e8 36
0x00007ffc3e2984f7:   62 0d 00 49 8b 45 10 48 89 1c f8 44 3b 64 24 70
0x00007ffc3e298507:   0f 82 13 ff ff ff 41 8b 46 28 3b 45 28 73 0d 8b
0x00007ffc3e298517:   c8 48 8b 45 30 48 83 3c c8 00 75 57 49 8b d6 48
0x00007ffc3e298527:   8b cd e8 f2 39 00 00 41 8b 5e 28 48 8b f0 3b 5d 


Stack slot to memory mapping:
stack at sp + 0 slots: 0x0000000000000c17 is an unknown value
stack at sp + 1 slots: 0x000000af092fa900 is pointing into the stack for thread: 0x0000024a60955930
stack at sp + 2 slots: 0x000000af092fa5f0 is pointing into the stack for thread: 0x0000024a60955930
stack at sp + 3 slots: 0x00007ffc3e53204e jvm.dll
stack at sp + 4 slots: 0x0000024a3e1ec0e0 points into unknown readable memory: 0x8000000800000001 | 01 00 00 00 08 00 00 80
stack at sp + 5 slots: 0x0000024a3e17f390 points into unknown readable memory: 0x00007ffc3e667530 | 30 75 66 3e fc 7f 00 00
stack at sp + 6 slots: 0x0 is NULL
stack at sp + 7 slots: 0x0000000000000001 is an unknown value


---------------  P R O C E S S  ---------------

Threads class SMR info:
_java_thread_list=0x0000024aa9b52d90, length=24, elements={
0x0000024a3e168fa0, 0x0000024a60937d70, 0x0000024a60938730, 0x0000024a60946e80,
0x0000024a60949760, 0x0000024a6094a030, 0x0000024a6094ad10, 0x0000024a60955930,
0x0000024a6097d760, 0x0000024a6097fc20, 0x0000024a60981570, 0x0000024a612df300,
0x0000024a612e3590, 0x0000024a612e3a80, 0x0000024a6097f710, 0x0000024a61428840,
0x0000024aa7c30de0, 0x0000024a60981a80, 0x0000024a60980640, 0x0000024a60981060,
0x0000024a6097e2d0, 0x0000024a6097ecf0, 0x0000024aabcfa8e0, 0x0000024aabcf94a0
}

Java Threads: ( => current thread )
  0x0000024a3e168fa0 JavaThread "main" [_thread_in_Java, id=17304, stack(0x000000af08500000,0x000000af08600000)]
  0x0000024a60937d70 JavaThread "Reference Handler" daemon [_thread_blocked, id=7272, stack(0x000000af08c00000,0x000000af08d00000)]
  0x0000024a60938730 JavaThread "Finalizer" daemon [_thread_blocked, id=15416, stack(0x000000af08d00000,0x000000af08e00000)]
  0x0000024a60946e80 JavaThread "Signal Dispatcher" daemon [_thread_blocked, id=15280, stack(0x000000af08e00000,0x000000af08f00000)]
  0x0000024a60949760 JavaThread "Attach Listener" daemon [_thread_blocked, id=16584, stack(0x000000af08f00000,0x000000af09000000)]
  0x0000024a6094a030 JavaThread "Service Thread" daemon [_thread_blocked, id=13368, stack(0x000000af09000000,0x000000af09100000)]
  0x0000024a6094ad10 JavaThread "Monitor Deflation Thread" daemon [_thread_blocked, id=16924, stack(0x000000af09100000,0x000000af09200000)]
=>0x0000024a60955930 JavaThread "C2 CompilerThread0" daemon [_thread_in_native, id=8332, stack(0x000000af09200000,0x000000af09300000)]
  0x0000024a6097d760 JavaThread "C1 CompilerThread0" daemon [_thread_blocked, id=15612, stack(0x000000af09300000,0x000000af09400000)]
  0x0000024a6097fc20 JavaThread "Sweeper thread" daemon [_thread_blocked, id=8868, stack(0x000000af09400000,0x000000af09500000)]
  0x0000024a60981570 JavaThread "Common-Cleaner" daemon [_thread_blocked, id=11204, stack(0x000000af09500000,0x000000af09600000)]
  0x0000024a612df300 JavaThread "JDWP Transport Listener: dt_socket" daemon [_thread_blocked, id=8456, stack(0x000000af09600000,0x000000af09700000)]
  0x0000024a612e3590 JavaThread "JDWP Event Helper Thread" daemon [_thread_blocked, id=16508, stack(0x000000af09700000,0x000000af09800000)]
  0x0000024a612e3a80 JavaThread "JDWP Command Reader" daemon [_thread_in_native, id=11640, stack(0x000000af09800000,0x000000af09900000)]
  0x0000024a6097f710 JavaThread "Notification Thread" daemon [_thread_blocked, id=14092, stack(0x000000af09900000,0x000000af09a00000)]
  0x0000024a61428840 JavaThread "C2 CompilerThread1" daemon [_thread_in_native, id=10056, stack(0x000000af09b00000,0x000000af09c00000)]
  0x0000024aa7c30de0 JavaThread "C2 CompilerThread2" daemon [_thread_in_native, id=3216, stack(0x000000af0a500000,0x000000af0a600000)]
  0x0000024a60981a80 JavaThread "Catalina-utility-1" [_thread_blocked, id=17268, stack(0x000000af0a900000,0x000000af0aa00000)]
  0x0000024a60980640 JavaThread "Catalina-utility-2" [_thread_blocked, id=11528, stack(0x000000af0aa00000,0x000000af0ab00000)]
  0x0000024a60981060 JavaThread "container-0" [_thread_blocked, id=16064, stack(0x000000af0ab00000,0x000000af0ac00000)]
  0x0000024a6097e2d0 JavaThread "BufferPoolPruner-1-thread-1" daemon [_thread_blocked, id=17088, stack(0x000000af0ac00000,0x000000af0ad00000)]
  0x0000024a6097ecf0 JavaThread "cluster-ClusterId{value='683a009163b9412ac0c4f4fe', description='null'}-localhost:27017" daemon [_thread_in_native, id=11660, stack(0x000000af0ad00000,0x000000af0ae00000)]
  0x0000024aabcfa8e0 JavaThread "cluster-rtt-ClusterId{value='683a009163b9412ac0c4f4fe', description='null'}-localhost:27017" daemon [_thread_blocked, id=16888, stack(0x000000af0af00000,0x000000af0b000000)]
  0x0000024aabcf94a0 JavaThread "MaintenanceTimer-2-thread-1" daemon [_thread_blocked, id=16112, stack(0x000000af0b000000,0x000000af0b100000)]

Other Threads:
  0x0000024a60932ef0 VMThread "VM Thread" [stack: 0x000000af08b00000,0x000000af08c00000] [id=16568]
  0x0000024a61306210 WatcherThread [stack: 0x000000af09a00000,0x000000af09b00000] [id=15080]
  0x0000024a3e1d7f10 GCTaskThread "GC Thread#0" [stack: 0x000000af08600000,0x000000af08700000] [id=14212]
  0x0000024aa7087af0 GCTaskThread "GC Thread#1" [stack: 0x000000af09c00000,0x000000af09d00000] [id=15524]
  0x0000024aa7265f60 GCTaskThread "GC Thread#2" [stack: 0x000000af09d00000,0x000000af09e00000] [id=17136]
  0x0000024aa7266220 GCTaskThread "GC Thread#3" [stack: 0x000000af09e00000,0x000000af09f00000] [id=12824]
  0x0000024aa7139bc0 GCTaskThread "GC Thread#4" [stack: 0x000000af09f00000,0x000000af0a000000] [id=14628]
  0x0000024aa75b08d0 GCTaskThread "GC Thread#5" [stack: 0x000000af0a000000,0x000000af0a100000] [id=14240]
  0x0000024aa7097080 GCTaskThread "GC Thread#6" [stack: 0x000000af0a100000,0x000000af0a200000] [id=16668]
  0x0000024aa7143d20 GCTaskThread "GC Thread#7" [stack: 0x000000af0a200000,0x000000af0a300000] [id=14724]
  0x0000024aa7629c30 GCTaskThread "GC Thread#8" [stack: 0x000000af0a300000,0x000000af0a400000] [id=10136]
  0x0000024aa7629ef0 GCTaskThread "GC Thread#9" [stack: 0x000000af0a400000,0x000000af0a500000] [id=6520]
  0x0000024a3e1e9fa0 ConcurrentGCThread "G1 Main Marker" [stack: 0x000000af08700000,0x000000af08800000] [id=2256]
  0x0000024a3e1ea7d0 ConcurrentGCThread "G1 Conc#0" [stack: 0x000000af08800000,0x000000af08900000] [id=17052]
  0x0000024aa7589070 ConcurrentGCThread "G1 Conc#1" [stack: 0x000000af0a700000,0x000000af0a800000] [id=16764]
  0x0000024aa7589e30 ConcurrentGCThread "G1 Conc#2" [stack: 0x000000af0a800000,0x000000af0a900000] [id=7084]
  0x0000024a60872370 ConcurrentGCThread "G1 Refine#0" [stack: 0x000000af08900000,0x000000af08a00000] [id=12396]
  0x0000024aa7bf2430 ConcurrentGCThread "G1 Refine#1" [stack: 0x000000af0a600000,0x000000af0a700000] [id=4816]
  0x0000024a60872ca0 ConcurrentGCThread "G1 Service" [stack: 0x000000af08a00000,0x000000af08b00000] [id=16860]

Threads with active compile tasks:
C2 CompilerThread0     3858 5229       4       org.springframework.core.annotation.TypeMappedAnnotations::get (8 bytes)
C1 CompilerThread0     3858 5304       3       org.springframework.core.annotation.SynthesizedMergedAnnotationInvocationHandler$$Lambda$638/0x0000024a633aaa18::apply (16 bytes)
C2 CompilerThread1     3858 5227 % !   4       org.springframework.beans.factory.support.DefaultListableBeanFactory::doGetBeanNamesForType @ 20 (527 bytes)
C2 CompilerThread2     3858 5232       4       org.springframework.core.annotation.TypeMappedAnnotations::get (52 bytes)

VM state: not at safepoint (normal execution)

VM Mutex/Monitor currently owned by a thread:  ([mutex/lock_event])
[0x0000024a3e167c80] Compile_lock - owner thread: 0x0000000000000000

Heap address: 0x0000000709a00000, size: 3942 MB, Compressed Oops mode: Zero based, Oop shift amount: 3

CDS archive(s) mapped at: [0x0000024a62000000-0x0000024a62bb0000-0x0000024a62bb0000), size 12255232, SharedBaseAddress: 0x0000024a62000000, ArchiveRelocationMode: 1.
Compressed class space mapped at: 0x0000024a63000000-0x0000024aa3000000, reserved size: 1073741824
Narrow klass base: 0x0000024a62000000, Narrow klass shift: 0, Narrow klass range: 0x100000000

GC Precious Log:
 CPUs: 12 total, 12 available
 Memory: 15762M
 Large Page Support: Disabled
 NUMA Support: Disabled
 Compressed Oops: Enabled (Zero based)
 Heap Region Size: 2M
 Heap Min Capacity: 8M
 Heap Initial Capacity: 248M
 Heap Max Capacity: 3942M
 Pre-touch: Disabled
 Parallel Workers: 10
 Concurrent Workers: 3
 Concurrent Refinement Workers: 10
 Periodic GC: Disabled

Heap:
 garbage-first heap   total 122880K, used 44061K [0x0000000709a00000, 0x0000000800000000)
  region size 2048K, 5 young (10240K), 4 survivors (8192K)
 Metaspace       used 44068K, committed 44480K, reserved 1114112K
  class space    used 5750K, committed 5952K, reserved 1048576K

Heap Regions: E=young(eden), S=young(survivor), O=old, HS=humongous(starts), HC=humongous(continues), CS=collection set, F=free, OA=open archive, CA=closed archive, TAMS=top-at-mark-start (previous, next)
|   0|0x0000000709a00000, 0x0000000709c00000, 0x0000000709c00000|100%| O|  |TAMS 0x0000000709c00000, 0x0000000709a00000| Untracked 
|   1|0x0000000709c00000, 0x0000000709e00000, 0x0000000709e00000|100%| O|  |TAMS 0x0000000709e00000, 0x0000000709c00000| Untracked 
|   2|0x0000000709e00000, 0x000000070a000000, 0x000000070a000000|100%| O|  |TAMS 0x0000000709e00000, 0x0000000709e00000| Untracked 
|   3|0x000000070a000000, 0x000000070a200000, 0x000000070a200000|100%| O|  |TAMS 0x000000070a200000, 0x000000070a000000| Untracked 
|   4|0x000000070a200000, 0x000000070a400000, 0x000000070a400000|100%| O|  |TAMS 0x000000070a400000, 0x000000070a200000| Untracked 
|   5|0x000000070a400000, 0x000000070a600000, 0x000000070a600000|100%| O|  |TAMS 0x000000070a600000, 0x000000070a400000| Untracked 
|   6|0x000000070a600000, 0x000000070a800000, 0x000000070a800000|100%| O|  |TAMS 0x000000070a800000, 0x000000070a600000| Untracked 
|   7|0x000000070a800000, 0x000000070aa00000, 0x000000070aa00000|100%| O|  |TAMS 0x000000070a800000, 0x000000070a800000| Untracked 
|   8|0x000000070aa00000, 0x000000070ac00000, 0x000000070ac00000|100%| O|  |TAMS 0x000000070aa00000, 0x000000070aa00000| Untracked 
|   9|0x000000070ac00000, 0x000000070ae00000, 0x000000070ae00000|100%| O|  |TAMS 0x000000070ac00000, 0x000000070ac00000| Untracked 
|  10|0x000000070ae00000, 0x000000070b000000, 0x000000070b000000|100%| O|  |TAMS 0x000000070ae00000, 0x000000070ae00000| Untracked 
|  11|0x000000070b000000, 0x000000070b200000, 0x000000070b200000|100%| O|  |TAMS 0x000000070b000000, 0x000000070b000000| Untracked 
|  12|0x000000070b200000, 0x000000070b400000, 0x000000070b400000|100%| O|  |TAMS 0x000000070b200000, 0x000000070b200000| Untracked 
|  13|0x000000070b400000, 0x000000070b600000, 0x000000070b600000|100%| O|  |TAMS 0x000000070b400000, 0x000000070b400000| Untracked 
|  14|0x000000070b600000, 0x000000070b800000, 0x000000070b800000|100%| O|  |TAMS 0x000000070b600000, 0x000000070b600000| Untracked 
|  15|0x000000070b800000, 0x000000070ba00000, 0x000000070ba00000|100%| O|  |TAMS 0x000000070b800000, 0x000000070b800000| Untracked 
|  16|0x000000070ba00000, 0x000000070bc00000, 0x000000070bc00000|100%| O|  |TAMS 0x000000070ba00000, 0x000000070ba00000| Untracked 
|  17|0x000000070bc00000, 0x000000070bd0dc00, 0x000000070be00000| 52%| O|  |TAMS 0x000000070bc00000, 0x000000070bc00000| Untracked 
|  18|0x000000070be00000, 0x000000070be00000, 0x000000070c000000|  0%| F|  |TAMS 0x000000070be00000, 0x000000070be00000| Untracked 
|  19|0x000000070c000000, 0x000000070c000000, 0x000000070c200000|  0%| F|  |TAMS 0x000000070c000000, 0x000000070c000000| Untracked 
|  20|0x000000070c200000, 0x000000070c200000, 0x000000070c400000|  0%| F|  |TAMS 0x000000070c200000, 0x000000070c200000| Untracked 
|  21|0x000000070c400000, 0x000000070c400000, 0x000000070c600000|  0%| F|  |TAMS 0x000000070c400000, 0x000000070c400000| Untracked 
|  22|0x000000070c600000, 0x000000070c600000, 0x000000070c800000|  0%| F|  |TAMS 0x000000070c600000, 0x000000070c600000| Untracked 
|  23|0x000000070c800000, 0x000000070c800000, 0x000000070ca00000|  0%| F|  |TAMS 0x000000070c800000, 0x000000070c800000| Untracked 
|  24|0x000000070ca00000, 0x000000070ca00000, 0x000000070cc00000|  0%| F|  |TAMS 0x000000070ca00000, 0x000000070ca00000| Untracked 
|  25|0x000000070cc00000, 0x000000070cc00000, 0x000000070ce00000|  0%| F|  |TAMS 0x000000070cc00000, 0x000000070cc00000| Untracked 
|  26|0x000000070ce00000, 0x000000070ce00000, 0x000000070d000000|  0%| F|  |TAMS 0x000000070ce00000, 0x000000070ce00000| Untracked 
|  27|0x000000070d000000, 0x000000070d000000, 0x000000070d200000|  0%| F|  |TAMS 0x000000070d000000, 0x000000070d000000| Untracked 
|  28|0x000000070d200000, 0x000000070d200000, 0x000000070d400000|  0%| F|  |TAMS 0x000000070d200000, 0x000000070d200000| Untracked 
|  29|0x000000070d400000, 0x000000070d400000, 0x000000070d600000|  0%| F|  |TAMS 0x000000070d400000, 0x000000070d400000| Untracked 
|  30|0x000000070d600000, 0x000000070d600000, 0x000000070d800000|  0%| F|  |TAMS 0x000000070d600000, 0x000000070d600000| Untracked 
|  31|0x000000070d800000, 0x000000070d800000, 0x000000070da00000|  0%| F|  |TAMS 0x000000070d800000, 0x000000070d800000| Untracked 
|  32|0x000000070da00000, 0x000000070dbf9b08, 0x000000070dc00000| 98%| S|CS|TAMS 0x000000070da00000, 0x000000070da00000| Complete 
|  33|0x000000070dc00000, 0x000000070de00000, 0x000000070de00000|100%| S|CS|TAMS 0x000000070dc00000, 0x000000070dc00000| Complete 
|  34|0x000000070de00000, 0x000000070e000000, 0x000000070e000000|100%| S|CS|TAMS 0x000000070de00000, 0x000000070de00000| Complete 
|  35|0x000000070e000000, 0x000000070e200000, 0x000000070e200000|100%| S|CS|TAMS 0x000000070e000000, 0x000000070e000000| Complete 
|  36|0x000000070e200000, 0x000000070e200000, 0x000000070e400000|  0%| F|  |TAMS 0x000000070e200000, 0x000000070e200000| Untracked 
|  37|0x000000070e400000, 0x000000070e400000, 0x000000070e600000|  0%| F|  |TAMS 0x000000070e400000, 0x000000070e400000| Untracked 
|  38|0x000000070e600000, 0x000000070e600000, 0x000000070e800000|  0%| F|  |TAMS 0x000000070e600000, 0x000000070e600000| Untracked 
|  39|0x000000070e800000, 0x000000070e800000, 0x000000070ea00000|  0%| F|  |TAMS 0x000000070e800000, 0x000000070e800000| Untracked 
|  40|0x000000070ea00000, 0x000000070ea00000, 0x000000070ec00000|  0%| F|  |TAMS 0x000000070ea00000, 0x000000070ea00000| Untracked 
|  41|0x000000070ec00000, 0x000000070ec00000, 0x000000070ee00000|  0%| F|  |TAMS 0x000000070ec00000, 0x000000070ec00000| Untracked 
|  42|0x000000070ee00000, 0x000000070ee00000, 0x000000070f000000|  0%| F|  |TAMS 0x000000070ee00000, 0x000000070ee00000| Untracked 
|  43|0x000000070f000000, 0x000000070f000000, 0x000000070f200000|  0%| F|  |TAMS 0x000000070f000000, 0x000000070f000000| Untracked 
|  44|0x000000070f200000, 0x000000070f200000, 0x000000070f400000|  0%| F|  |TAMS 0x000000070f200000, 0x000000070f200000| Untracked 
|  45|0x000000070f400000, 0x000000070f400000, 0x000000070f600000|  0%| F|  |TAMS 0x000000070f400000, 0x000000070f400000| Untracked 
|  46|0x000000070f600000, 0x000000070f600000, 0x000000070f800000|  0%| F|  |TAMS 0x000000070f600000, 0x000000070f600000| Untracked 
|  47|0x000000070f800000, 0x000000070f800000, 0x000000070fa00000|  0%| F|  |TAMS 0x000000070f800000, 0x000000070f800000| Untracked 
|  48|0x000000070fa00000, 0x000000070fa00000, 0x000000070fc00000|  0%| F|  |TAMS 0x000000070fa00000, 0x000000070fa00000| Untracked 
|  49|0x000000070fc00000, 0x000000070fc00000, 0x000000070fe00000|  0%| F|  |TAMS 0x000000070fc00000, 0x000000070fc00000| Untracked 
|  50|0x000000070fe00000, 0x000000070fe00000, 0x0000000710000000|  0%| F|  |TAMS 0x000000070fe00000, 0x000000070fe00000| Untracked 
|  51|0x0000000710000000, 0x0000000710000000, 0x0000000710200000|  0%| F|  |TAMS 0x0000000710000000, 0x0000000710000000| Untracked 
|  52|0x0000000710200000, 0x0000000710200000, 0x0000000710400000|  0%| F|  |TAMS 0x0000000710200000, 0x0000000710200000| Untracked 
|  53|0x0000000710400000, 0x0000000710400000, 0x0000000710600000|  0%| F|  |TAMS 0x0000000710400000, 0x0000000710400000| Untracked 
|  54|0x0000000710600000, 0x0000000710600000, 0x0000000710800000|  0%| F|  |TAMS 0x0000000710600000, 0x0000000710600000| Untracked 
|  66|0x0000000711e00000, 0x0000000711e00000, 0x0000000712000000|  0%| F|  |TAMS 0x0000000711e00000, 0x0000000711e00000| Untracked 
|  67|0x0000000712000000, 0x0000000712000000, 0x0000000712200000|  0%| F|  |TAMS 0x0000000712000000, 0x0000000712000000| Untracked 
|  68|0x0000000712200000, 0x0000000712200000, 0x0000000712400000|  0%| F|  |TAMS 0x0000000712200000, 0x0000000712200000| Untracked 
|  90|0x0000000714e00000, 0x0000000714e00000, 0x0000000715000000|  0%| F|  |TAMS 0x0000000714e00000, 0x0000000714e00000| Untracked 
| 123|0x0000000719000000, 0x00000007191c85e0, 0x0000000719200000| 89%| E|  |TAMS 0x0000000719000000, 0x0000000719000000| Complete 

Card table byte_map: [0x0000024a559b0000,0x0000024a56170000] _byte_map_base: 0x0000024a52163000

Marking Bits (Prev, Next): (CMBitMap*) 0x0000024a3e1d9350, (CMBitMap*) 0x0000024a3e1d9390
 Prev Bits: [0x0000024a56930000, 0x0000024a5a6c8000)
 Next Bits: [0x0000024a5a6d0000, 0x0000024a5e468000)

Polling page: 0x0000024a3c0b0000

Metaspace:

Usage:
  Non-class:     37.42 MB used.
      Class:      5.62 MB used.
       Both:     43.04 MB used.

Virtual space:
  Non-class space:       64.00 MB reserved,      37.62 MB ( 59%) committed,  1 nodes.
      Class space:        1.00 GB reserved,       5.81 MB ( <1%) committed,  1 nodes.
             Both:        1.06 GB reserved,      43.44 MB (  4%) committed. 

Chunk freelists:
   Non-Class:  10.06 MB
       Class:  10.06 MB
        Both:  20.13 MB

MaxMetaspaceSize: unlimited
CompressedClassSpaceSize: 1.00 GB
Initial GC threshold: 21.00 MB
Current GC threshold: 58.88 MB
CDS: on
MetaspaceReclaimPolicy: balanced
 - commit_granule_bytes: 65536.
 - commit_granule_words: 8192.
 - virtual_space_node_default_size: 8388608.
 - enlarge_chunks_in_place: 1.
 - new_chunks_are_fully_committed: 0.
 - uncommit_free_chunks: 1.
 - use_allocation_guard: 0.
 - handle_deallocations: 1.


Internal statistics:

num_allocs_failed_limit: 6.
num_arena_births: 640.
num_arena_deaths: 0.
num_vsnodes_births: 2.
num_vsnodes_deaths: 0.
num_space_committed: 696.
num_space_uncommitted: 0.
num_chunks_returned_to_freelist: 6.
num_chunks_taken_from_freelist: 2321.
num_chunk_merges: 6.
num_chunk_splits: 1570.
num_chunks_enlarged: 1147.
num_inconsistent_stats: 0.

CodeHeap 'non-profiled nmethods': size=120000Kb used=2973Kb max_used=3217Kb free=117026Kb
 bounds [0x0000024a4d770000, 0x0000024a4daa0000, 0x0000024a54ca0000]
CodeHeap 'profiled nmethods': size=120000Kb used=10097Kb max_used=10244Kb free=109902Kb
 bounds [0x0000024a45ca0000, 0x0000024a46700000, 0x0000024a4d1d0000]
CodeHeap 'non-nmethods': size=5760Kb used=1331Kb max_used=1384Kb free=4428Kb
 bounds [0x0000024a4d1d0000, 0x0000024a4d440000, 0x0000024a4d770000]
 total_blobs=5139 nmethods=4560 adapters=491
 compilation: enabled
              stopped_count=0, restarted_count=0
 full_count=0

Compilation events (20 events):
Event: 3.783 Thread 0x0000024a6097d760 5255   !   3       org.springframework.beans.factory.annotation.AutowiredAnnotationBeanPostProcessor::findAutowiringMetadata (124 bytes)
Event: 3.784 Thread 0x0000024a6097d760 nmethod 5255 0x0000024a463a0790 code [0x0000024a463a0a20, 0x0000024a463a1998]
Event: 3.784 Thread 0x0000024a6097d760 5256       3       org.springframework.beans.factory.annotation.InjectionMetadata::needsRefresh (14 bytes)
Event: 3.784 Thread 0x0000024a6097d760 nmethod 5256 0x0000024a45eebf10 code [0x0000024a45eec0a0, 0x0000024a45eec218]
Event: 3.784 Thread 0x0000024a6097d760 5258       1       org.springframework.beans.factory.support.AbstractAutowireCapableBeanFactory::getLogger (5 bytes)
Event: 3.784 Thread 0x0000024a6097d760 nmethod 5258 0x0000024a4d88cd90 code [0x0000024a4d88cf20, 0x0000024a4d88cff8]
Event: 3.784 Thread 0x0000024a6097d760 5259       3       java.util.HashSet::<init> (17 bytes)
Event: 3.784 Thread 0x0000024a6097d760 nmethod 5259 0x0000024a4607eb90 code [0x0000024a4607ed80, 0x0000024a4607f128]
Event: 3.785 Thread 0x0000024a6097d760 5260       3       org.springframework.util.ReflectionUtils::findDefaultMethodsOnInterfaces (97 bytes)
Event: 3.785 Thread 0x0000024a6097d760 nmethod 5260 0x0000024a45d23410 code [0x0000024a45d23640, 0x0000024a45d23f38]
Event: 3.785 Thread 0x0000024a6097d760 5261       3       org.springframework.aop.support.AopUtils::canApply (53 bytes)
Event: 3.785 Thread 0x0000024a6097d760 nmethod 5261 0x0000024a45d22510 code [0x0000024a45d22720, 0x0000024a45d22fd8]
Event: 3.785 Thread 0x0000024a6097d760 5262       3       org.springframework.aop.support.AopUtils::canApply (210 bytes)
Event: 3.787 Thread 0x0000024a6097d760 nmethod 5262 0x0000024a45dc7d90 code [0x0000024a45dc8240, 0x0000024a45dca8e8]
Event: 3.787 Thread 0x0000024a6097d760 5263       3       org.springframework.aop.support.annotation.AnnotationClassFilter::matches (27 bytes)
Event: 3.788 Thread 0x0000024a6097d760 nmethod 5263 0x0000024a45d34790 code [0x0000024a45d349a0, 0x0000024a45d35058]
Event: 3.788 Thread 0x0000024a6097d760 5264       3       org.springframework.aop.framework.autoproxy.AbstractAutoProxyCreator::isInfrastructureClass (78 bytes)
Event: 3.788 Thread 0x0000024a6097d760 nmethod 5264 0x0000024a45d33c90 code [0x0000024a45d33ec0, 0x0000024a45d34558]
Event: 3.788 Thread 0x0000024a6097d760 5265       3       org.springframework.aop.framework.autoproxy.AbstractAutoProxyCreator::shouldSkip (6 bytes)
Event: 3.788 Thread 0x0000024a6097d760 nmethod 5265 0x0000024a45dc7790 code [0x0000024a45dc7920, 0x0000024a45dc7a68]

GC Heap History (20 events):
Event: 1.732 GC heap before
{Heap before GC invocations=4 (full 0):
 garbage-first heap   total 55296K, used 38470K [0x0000000709a00000, 0x0000000800000000)
  region size 2048K, 17 young (34816K), 4 survivors (8192K)
 Metaspace       used 24323K, committed 24704K, reserved 1114112K
  class space    used 3145K, committed 3328K, reserved 1048576K
}
Event: 1.738 GC heap after
{Heap after GC invocations=5 (full 0):
 garbage-first heap   total 55296K, used 13450K [0x0000000709a00000, 0x0000000800000000)
  region size 2048K, 2 young (4096K), 2 survivors (4096K)
 Metaspace       used 24323K, committed 24704K, reserved 1114112K
  class space    used 3145K, committed 3328K, reserved 1048576K
}
Event: 1.762 GC heap before
{Heap before GC invocations=5 (full 0):
 garbage-first heap   total 55296K, used 15498K [0x0000000709a00000, 0x0000000800000000)
  region size 2048K, 3 young (6144K), 2 survivors (4096K)
 Metaspace       used 24560K, committed 24896K, reserved 1114112K
  class space    used 3164K, committed 3328K, reserved 1048576K
}
Event: 1.768 GC heap after
{Heap after GC invocations=6 (full 0):
 garbage-first heap   total 55296K, used 14351K [0x0000000709a00000, 0x0000000800000000)
  region size 2048K, 1 young (2048K), 1 survivors (2048K)
 Metaspace       used 24560K, committed 24896K, reserved 1114112K
  class space    used 3164K, committed 3328K, reserved 1048576K
}
Event: 2.140 GC heap before
{Heap before GC invocations=6 (full 0):
 garbage-first heap   total 55296K, used 34831K [0x0000000709a00000, 0x0000000800000000)
  region size 2048K, 12 young (24576K), 1 survivors (2048K)
 Metaspace       used 27908K, committed 28352K, reserved 1114112K
  class space    used 3624K, committed 3840K, reserved 1048576K
}
Event: 2.144 GC heap after
{Heap after GC invocations=7 (full 0):
 garbage-first heap   total 55296K, used 15620K [0x0000000709a00000, 0x0000000800000000)
  region size 2048K, 1 young (2048K), 1 survivors (2048K)
 Metaspace       used 27908K, committed 28352K, reserved 1114112K
  class space    used 3624K, committed 3840K, reserved 1048576K
}
Event: 2.546 GC heap before
{Heap before GC invocations=7 (full 0):
 garbage-first heap   total 55296K, used 38148K [0x0000000709a00000, 0x0000000800000000)
  region size 2048K, 12 young (24576K), 1 survivors (2048K)
 Metaspace       used 32488K, committed 32960K, reserved 1114112K
  class space    used 4196K, committed 4416K, reserved 1048576K
}
Event: 2.548 GC heap after
{Heap after GC invocations=8 (full 0):
 garbage-first heap   total 155648K, used 17479K [0x0000000709a00000, 0x0000000800000000)
  region size 2048K, 2 young (4096K), 2 survivors (4096K)
 Metaspace       used 32488K, committed 32960K, reserved 1114112K
  class space    used 4196K, committed 4416K, reserved 1048576K
}
Event: 2.716 GC heap before
{Heap before GC invocations=8 (full 0):
 garbage-first heap   total 155648K, used 29767K [0x0000000709a00000, 0x0000000800000000)
  region size 2048K, 9 young (18432K), 2 survivors (4096K)
 Metaspace       used 35518K, committed 35968K, reserved 1114112K
  class space    used 4614K, committed 4864K, reserved 1048576K
}
Event: 2.718 GC heap after
{Heap after GC invocations=9 (full 0):
 garbage-first heap   total 155648K, used 18155K [0x0000000709a00000, 0x0000000800000000)
  region size 2048K, 3 young (6144K), 3 survivors (6144K)
 Metaspace       used 35518K, committed 35968K, reserved 1114112K
  class space    used 4614K, committed 4864K, reserved 1048576K
}
Event: 3.321 GC heap before
{Heap before GC invocations=10 (full 0):
 garbage-first heap   total 81920K, used 61163K [0x0000000709a00000, 0x0000000800000000)
  region size 2048K, 24 young (49152K), 3 survivors (6144K)
 Metaspace       used 41968K, committed 42432K, reserved 1114112K
  class space    used 5542K, committed 5760K, reserved 1048576K
}
Event: 3.324 GC heap after
{Heap after GC invocations=11 (full 0):
 garbage-first heap   total 81920K, used 22063K [0x0000000709a00000, 0x0000000800000000)
  region size 2048K, 3 young (6144K), 3 survivors (6144K)
 Metaspace       used 41968K, committed 42432K, reserved 1114112K
  class space    used 5542K, committed 5760K, reserved 1048576K
}
Event: 3.367 GC heap before
{Heap before GC invocations=11 (full 0):
 garbage-first heap   total 81920K, used 24111K [0x0000000709a00000, 0x0000000800000000)
  region size 2048K, 4 young (8192K), 3 survivors (6144K)
 Metaspace       used 42214K, committed 42752K, reserved 1114112K
  class space    used 5570K, committed 5824K, reserved 1048576K
}
Event: 3.370 GC heap after
{Heap after GC invocations=12 (full 0):
 garbage-first heap   total 81920K, used 22883K [0x0000000709a00000, 0x0000000800000000)
  region size 2048K, 1 young (2048K), 1 survivors (2048K)
 Metaspace       used 42214K, committed 42752K, reserved 1114112K
  class space    used 5570K, committed 5824K, reserved 1048576K
}
Event: 3.501 GC heap before
{Heap before GC invocations=12 (full 0):
 garbage-first heap   total 81920K, used 61795K [0x0000000709a00000, 0x0000000800000000)
  region size 2048K, 20 young (40960K), 1 survivors (2048K)
 Metaspace       used 42647K, committed 43072K, reserved 1114112K
  class space    used 5603K, committed 5824K, reserved 1048576K
}
Event: 3.505 GC heap after
{Heap after GC invocations=13 (full 0):
 garbage-first heap   total 81920K, used 29957K [0x0000000709a00000, 0x0000000800000000)
  region size 2048K, 3 young (6144K), 3 survivors (6144K)
 Metaspace       used 42647K, committed 43072K, reserved 1114112K
  class space    used 5603K, committed 5824K, reserved 1048576K
}
Event: 3.551 GC heap before
{Heap before GC invocations=13 (full 0):
 garbage-first heap   total 81920K, used 58629K [0x0000000709a00000, 0x0000000800000000)
  region size 2048K, 18 young (36864K), 3 survivors (6144K)
 Metaspace       used 42709K, committed 43200K, reserved 1114112K
  class space    used 5603K, committed 5824K, reserved 1048576K
}
Event: 3.555 GC heap after
{Heap after GC invocations=14 (full 0):
 garbage-first heap   total 81920K, used 37551K [0x0000000709a00000, 0x0000000800000000)
  region size 2048K, 3 young (6144K), 3 survivors (6144K)
 Metaspace       used 42709K, committed 43200K, reserved 1114112K
  class space    used 5603K, committed 5824K, reserved 1048576K
}
Event: 3.602 GC heap before
{Heap before GC invocations=14 (full 0):
 garbage-first heap   total 81920K, used 58031K [0x0000000709a00000, 0x0000000800000000)
  region size 2048K, 14 young (28672K), 3 survivors (6144K)
 Metaspace       used 42810K, committed 43264K, reserved 1114112K
  class space    used 5608K, committed 5824K, reserved 1048576K
}
Event: 3.605 GC heap after
{Heap after GC invocations=15 (full 0):
 garbage-first heap   total 122880K, used 39991K [0x0000000709a00000, 0x0000000800000000)
  region size 2048K, 2 young (4096K), 2 survivors (4096K)
 Metaspace       used 42810K, committed 43264K, reserved 1114112K
  class space    used 5608K, committed 5824K, reserved 1048576K
}

Dll operation events (13 events):
Event: 0.009 Loaded shared library C:\Users\Micro\.jdks\corretto-17.0.15\bin\java.dll
Event: 0.010 Loaded shared library C:\Users\Micro\.jdks\corretto-17.0.15\bin\zip.dll
Event: 0.021 Loaded shared library C:\Users\Micro\.jdks\corretto-17.0.15\bin\jsvml.dll
Event: 0.107 Loaded shared library C:\Users\Micro\.jdks\corretto-17.0.15\bin\instrument.dll
Event: 0.121 Loaded shared library C:\Users\Micro\.jdks\corretto-17.0.15\bin\net.dll
Event: 0.122 Loaded shared library C:\Users\Micro\.jdks\corretto-17.0.15\bin\nio.dll
Event: 0.125 Loaded shared library C:\Users\Micro\.jdks\corretto-17.0.15\bin\zip.dll
Event: 0.177 Loaded shared library C:\Users\Micro\.jdks\corretto-17.0.15\bin\jimage.dll
Event: 0.942 Loaded shared library C:\Users\Micro\.jdks\corretto-17.0.15\bin\verify.dll
Event: 1.459 Loaded shared library C:\Users\Micro\.jdks\corretto-17.0.15\bin\sunmscapi.dll
Event: 2.386 Loaded shared library C:\Users\Micro\.jdks\corretto-17.0.15\bin\management.dll
Event: 2.388 Loaded shared library C:\Users\Micro\.jdks\corretto-17.0.15\bin\management_ext.dll
Event: 2.685 Loaded shared library C:\Users\Micro\.jdks\corretto-17.0.15\bin\extnet.dll

Deoptimization events (20 events):
Event: 3.784 Thread 0x0000024a3e168fa0 DEOPT PACKING pc=0x0000024a461f2354 sp=0x000000af085fe500
Event: 3.784 Thread 0x0000024a3e168fa0 DEOPT UNPACKING pc=0x0000024a4d227143 sp=0x000000af085fda78 mode 1
Event: 3.784 Thread 0x0000024a3e168fa0 DEOPT PACKING pc=0x0000024a461f2354 sp=0x000000af085fe500
Event: 3.784 Thread 0x0000024a3e168fa0 DEOPT UNPACKING pc=0x0000024a4d227143 sp=0x000000af085fda78 mode 1
Event: 3.785 Thread 0x0000024a3e168fa0 DEOPT PACKING pc=0x0000024a461f2354 sp=0x000000af085fe500
Event: 3.785 Thread 0x0000024a3e168fa0 DEOPT UNPACKING pc=0x0000024a4d227143 sp=0x000000af085fda78 mode 1
Event: 3.785 Thread 0x0000024a3e168fa0 DEOPT PACKING pc=0x0000024a461f2354 sp=0x000000af085fe500
Event: 3.785 Thread 0x0000024a3e168fa0 DEOPT UNPACKING pc=0x0000024a4d227143 sp=0x000000af085fda78 mode 1
Event: 3.785 Thread 0x0000024a3e168fa0 DEOPT PACKING pc=0x0000024a461f2354 sp=0x000000af085fe500
Event: 3.785 Thread 0x0000024a3e168fa0 DEOPT UNPACKING pc=0x0000024a4d227143 sp=0x000000af085fda78 mode 1
Event: 3.785 Thread 0x0000024a3e168fa0 DEOPT PACKING pc=0x0000024a461f2354 sp=0x000000af085fe500
Event: 3.785 Thread 0x0000024a3e168fa0 DEOPT UNPACKING pc=0x0000024a4d227143 sp=0x000000af085fda78 mode 1
Event: 3.786 Thread 0x0000024a3e168fa0 DEOPT PACKING pc=0x0000024a461f2354 sp=0x000000af085fe500
Event: 3.786 Thread 0x0000024a3e168fa0 DEOPT UNPACKING pc=0x0000024a4d227143 sp=0x000000af085fda78 mode 1
Event: 3.786 Thread 0x0000024a3e168fa0 DEOPT PACKING pc=0x0000024a461f2354 sp=0x000000af085fe500
Event: 3.786 Thread 0x0000024a3e168fa0 DEOPT UNPACKING pc=0x0000024a4d227143 sp=0x000000af085fda78 mode 1
Event: 3.788 Thread 0x0000024a3e168fa0 DEOPT PACKING pc=0x0000024a461f2354 sp=0x000000af085fe500
Event: 3.788 Thread 0x0000024a3e168fa0 DEOPT UNPACKING pc=0x0000024a4d227143 sp=0x000000af085fda78 mode 1
Event: 3.788 Thread 0x0000024a3e168fa0 DEOPT PACKING pc=0x0000024a461f2354 sp=0x000000af085fe500
Event: 3.788 Thread 0x0000024a3e168fa0 DEOPT UNPACKING pc=0x0000024a4d227143 sp=0x000000af085fda78 mode 1

Classes loaded (20 events):
Event: 3.773 Loading class org/springframework/web/servlet/mvc/annotation/ResponseStatusExceptionResolver
Event: 3.773 Loading class org/springframework/web/servlet/mvc/annotation/ResponseStatusExceptionResolver done
Event: 3.774 Loading class org/springframework/web/servlet/mvc/support/DefaultHandlerExceptionResolver
Event: 3.774 Loading class org/springframework/web/servlet/mvc/support/DefaultHandlerExceptionResolver done
Event: 3.776 Loading class org/springframework/web/servlet/handler/HandlerExceptionResolverComposite
Event: 3.776 Loading class org/springframework/web/servlet/handler/HandlerExceptionResolverComposite done
Event: 3.782 Loading class io/swagger/v3/core/converter/AnnotatedType
Event: 3.782 Loading class io/swagger/v3/core/converter/AnnotatedType done
Event: 3.783 Loading class io/swagger/v3/core/converter/ModelConverterContext
Event: 3.783 Loading class io/swagger/v3/core/converter/ModelConverterContext done
Event: 3.784 Loading class io/swagger/v3/oas/models/media/FileSchema
Event: 3.784 Loading class io/swagger/v3/oas/models/media/FileSchema done
Event: 3.786 Loading class io/swagger/v3/oas/models/media/ComposedSchema
Event: 3.786 Loading class io/swagger/v3/oas/models/media/ComposedSchema done
Event: 3.789 Loading class org/springdoc/core/customizers/OpenApiBuilderCustomizer
Event: 3.789 Loading class org/springdoc/core/customizers/OpenApiBuilderCustomizer done
Event: 3.789 Loading class org/springdoc/core/customizers/ServerBaseUrlCustomizer
Event: 3.789 Loading class org/springdoc/core/customizers/ServerBaseUrlCustomizer done
Event: 3.790 Loading class org/springdoc/core/providers/JavadocProvider
Event: 3.790 Loading class org/springdoc/core/providers/JavadocProvider done

Classes unloaded (0 events):
No events

Classes redefined (0 events):
No events

Internal exceptions (20 events):
Event: 3.639 Thread 0x0000024aabcfadf0 Exception <a 'sun/nio/fs/WindowsException'{0x00000007104a5f38}> (0x00000007104a5f38) 
thrown [s\src\hotspot\share\prims\jni.cpp, line 516]
Event: 3.639 Thread 0x0000024aabcfadf0 Exception <a 'sun/nio/fs/WindowsException'{0x00000007104a6340}> (0x00000007104a6340) 
thrown [s\src\hotspot\share\prims\jni.cpp, line 516]
Event: 3.639 Thread 0x0000024aabcfadf0 Exception <a 'sun/nio/fs/WindowsException'{0x00000007104a6d50}> (0x00000007104a6d50) 
thrown [s\src\hotspot\share\prims\jni.cpp, line 516]
Event: 3.639 Thread 0x0000024aabcfadf0 Exception <a 'sun/nio/fs/WindowsException'{0x00000007104a7128}> (0x00000007104a7128) 
thrown [s\src\hotspot\share\prims\jni.cpp, line 516]
Event: 3.640 Thread 0x0000024aabcfadf0 Exception <a 'sun/nio/fs/WindowsException'{0x00000007104a7b10}> (0x00000007104a7b10) 
thrown [s\src\hotspot\share\prims\jni.cpp, line 516]
Event: 3.640 Thread 0x0000024aabcfadf0 Exception <a 'sun/nio/fs/WindowsException'{0x00000007104a7eb0}> (0x00000007104a7eb0) 
thrown [s\src\hotspot\share\prims\jni.cpp, line 516]
Event: 3.640 Thread 0x0000024aabcfadf0 Exception <a 'sun/nio/fs/WindowsException'{0x00000007104a88a8}> (0x00000007104a88a8) 
thrown [s\src\hotspot\share\prims\jni.cpp, line 516]
Event: 3.641 Thread 0x0000024aabcfadf0 Exception <a 'sun/nio/fs/WindowsException'{0x00000007104a8c60}> (0x00000007104a8c60) 
thrown [s\src\hotspot\share\prims\jni.cpp, line 516]
Event: 3.641 Thread 0x0000024aabcfadf0 Exception <a 'sun/nio/fs/WindowsException'{0x00000007104a9648}> (0x00000007104a9648) 
thrown [s\src\hotspot\share\prims\jni.cpp, line 516]
Event: 3.641 Thread 0x0000024aabcfadf0 Exception <a 'sun/nio/fs/WindowsException'{0x00000007104a99f0}> (0x00000007104a99f0) 
thrown [s\src\hotspot\share\prims\jni.cpp, line 516]
Event: 3.641 Thread 0x0000024aabcfadf0 Exception <a 'sun/nio/fs/WindowsException'{0x00000007104aa3e8}> (0x00000007104aa3e8) 
thrown [s\src\hotspot\share\prims\jni.cpp, line 516]
Event: 3.641 Thread 0x0000024aabcfadf0 Exception <a 'sun/nio/fs/WindowsException'{0x00000007104aa7a0}> (0x00000007104aa7a0) 
thrown [s\src\hotspot\share\prims\jni.cpp, line 516]
Event: 3.641 Thread 0x0000024aabcfadf0 Exception <a 'sun/nio/fs/WindowsException'{0x00000007104ab1b0}> (0x00000007104ab1b0) 
thrown [s\src\hotspot\share\prims\jni.cpp, line 516]
Event: 3.641 Thread 0x0000024aabcfadf0 Exception <a 'sun/nio/fs/WindowsException'{0x00000007104ab588}> (0x00000007104ab588) 
thrown [s\src\hotspot\share\prims\jni.cpp, line 516]
Event: 3.642 Thread 0x0000024aabcfadf0 Exception <a 'sun/nio/fs/WindowsException'{0x00000007104abfb0}> (0x00000007104abfb0) 
thrown [s\src\hotspot\share\prims\jni.cpp, line 516]
Event: 3.642 Thread 0x0000024aabcfadf0 Exception <a 'sun/nio/fs/WindowsException'{0x00000007104ac3a0}> (0x00000007104ac3a0) 
thrown [s\src\hotspot\share\prims\jni.cpp, line 516]
Event: 3.642 Thread 0x0000024aabcfadf0 Exception <a 'sun/nio/fs/WindowsException'{0x00000007104acdc0}> (0x00000007104acdc0) 
thrown [s\src\hotspot\share\prims\jni.cpp, line 516]
Event: 3.642 Thread 0x0000024aabcfadf0 Exception <a 'sun/nio/fs/WindowsException'{0x00000007104ad1a8}> (0x00000007104ad1a8) 
thrown [s\src\hotspot\share\prims\jni.cpp, line 516]
Event: 3.694 Thread 0x0000024a3e168fa0 Implicit null exception at 0x0000024a4d8bcac1 to 0x0000024a4d8bcb7e
Event: 3.746 Thread 0x0000024a3e168fa0 Exception <a 'java/lang/NoSuchMethodError'{0x000000070e257d58}: 'int java.lang.invoke.DirectMethodHandle$Holder.invokeStaticInit(java.lang.Object, java.lang.Object, java.lang.Object, java.lang.Object)'> (0x000000070e257d58) 
thrown [s\src\hotspot\share\interpreter\linkResolver.cpp, line 759]

VM Operations (20 events):
Event: 3.277 Executing VM operation: HandshakeAllThreads
Event: 3.277 Executing VM operation: HandshakeAllThreads done
Event: 3.285 Executing VM operation: HandshakeAllThreads
Event: 3.285 Executing VM operation: HandshakeAllThreads done
Event: 3.298 Executing VM operation: HandshakeAllThreads
Event: 3.298 Executing VM operation: HandshakeAllThreads done
Event: 3.321 Executing VM operation: G1CollectForAllocation
Event: 3.324 Executing VM operation: G1CollectForAllocation done
Event: 3.367 Executing VM operation: G1CollectForAllocation
Event: 3.370 Executing VM operation: G1CollectForAllocation done
Event: 3.475 Executing VM operation: HandshakeAllThreads
Event: 3.476 Executing VM operation: HandshakeAllThreads done
Event: 3.500 Executing VM operation: G1CollectForAllocation
Event: 3.505 Executing VM operation: G1CollectForAllocation done
Event: 3.551 Executing VM operation: G1CollectForAllocation
Event: 3.555 Executing VM operation: G1CollectForAllocation done
Event: 3.602 Executing VM operation: G1CollectForAllocation
Event: 3.605 Executing VM operation: G1CollectForAllocation done
Event: 3.727 Executing VM operation: HandshakeAllThreads
Event: 3.727 Executing VM operation: HandshakeAllThreads done

Memory protections (0 events):
No events

Nmethod flushes (20 events):
Event: 3.288 Thread 0x0000024a6097fc20 flushing  nmethod 0x0000024a46556810
Event: 3.288 Thread 0x0000024a6097fc20 flushing  nmethod 0x0000024a4655c190
Event: 3.288 Thread 0x0000024a6097fc20 flushing  nmethod 0x0000024a4655df90
Event: 3.288 Thread 0x0000024a6097fc20 flushing  nmethod 0x0000024a4655fc90
Event: 3.288 Thread 0x0000024a6097fc20 flushing  nmethod 0x0000024a4656b190
Event: 3.288 Thread 0x0000024a6097fc20 flushing  nmethod 0x0000024a4656f910
Event: 3.288 Thread 0x0000024a6097fc20 flushing  nmethod 0x0000024a46570110
Event: 3.288 Thread 0x0000024a6097fc20 flushing  nmethod 0x0000024a46570890
Event: 3.288 Thread 0x0000024a6097fc20 flushing  nmethod 0x0000024a46574210
Event: 3.288 Thread 0x0000024a6097fc20 flushing  nmethod 0x0000024a46574810
Event: 3.288 Thread 0x0000024a6097fc20 flushing  nmethod 0x0000024a46575310
Event: 3.288 Thread 0x0000024a6097fc20 flushing  nmethod 0x0000024a46575b90
Event: 3.288 Thread 0x0000024a6097fc20 flushing  nmethod 0x0000024a46578b10
Event: 3.288 Thread 0x0000024a6097fc20 flushing  nmethod 0x0000024a4657a210
Event: 3.289 Thread 0x0000024a6097fc20 flushing  nmethod 0x0000024a46596790
Event: 3.289 Thread 0x0000024a6097fc20 flushing  nmethod 0x0000024a46597190
Event: 3.289 Thread 0x0000024a6097fc20 flushing  nmethod 0x0000024a46597710
Event: 3.289 Thread 0x0000024a6097fc20 flushing  nmethod 0x0000024a465ed590
Event: 3.289 Thread 0x0000024a6097fc20 flushing  nmethod 0x0000024a465fb490
Event: 3.289 Thread 0x0000024a6097fc20 flushing  nmethod 0x0000024a465ff990

Events (20 events):
Event: 3.686 Thread 0x0000024aabcfadf0 Thread added: 0x0000024aabcfdb80
Event: 3.688 Thread 0x0000024aabcf9ec0 Thread exited: 0x0000024aabcf9ec0
Event: 3.688 Thread 0x0000024aabcfbd20 Thread exited: 0x0000024aabcfbd20
Event: 3.688 Thread 0x0000024aabcf8a80 Thread exited: 0x0000024aabcf8a80
Event: 3.688 Thread 0x0000024aabcfadf0 Thread exited: 0x0000024aabcfadf0
Event: 3.688 Thread 0x0000024aabcfcc50 Thread exited: 0x0000024aabcfcc50
Event: 3.688 Thread 0x0000024aabcff9e0 Thread exited: 0x0000024aabcff9e0
Event: 3.688 Thread 0x0000024aabcfdb80 Thread exited: 0x0000024aabcfdb80
Event: 3.688 Thread 0x0000024aabcfd670 Thread exited: 0x0000024aabcfd670
Event: 3.688 Thread 0x0000024aabcfa3d0 Thread exited: 0x0000024aabcfa3d0
Event: 3.689 Thread 0x0000024aabcf99b0 Thread exited: 0x0000024aabcf99b0
Event: 3.689 Thread 0x0000024aabcf8f90 Thread exited: 0x0000024aabcf8f90
Event: 3.689 Thread 0x0000024aabcf8570 Thread exited: 0x0000024aabcf8570
Event: 3.689 Thread 0x0000024aabcfb810 Thread exited: 0x0000024aabcfb810
Event: 3.689 Thread 0x0000024aabcfd160 Thread exited: 0x0000024aabcfd160
Event: 3.689 Thread 0x0000024aabcfe090 Thread exited: 0x0000024aabcfe090
Event: 3.689 Thread 0x0000024aabcf8060 Thread exited: 0x0000024aabcf8060
Event: 3.689 Thread 0x0000024aabcfc740 Thread exited: 0x0000024aabcfc740
Event: 3.689 Thread 0x0000024aabcfb300 Thread exited: 0x0000024aabcfb300
Event: 3.689 Thread 0x0000024aabcfc230 Thread exited: 0x0000024aabcfc230


Dynamic libraries:
0x00007ff633b20000 - 0x00007ff633b2e000 	C:\Users\Micro\.jdks\corretto-17.0.15\bin\java.exe
0x00007ffc9cbe0000 - 0x00007ffc9ce46000 	C:\WINDOWS\SYSTEM32\ntdll.dll
0x00007ffc9c100000 - 0x00007ffc9c1c9000 	C:\WINDOWS\System32\KERNEL32.DLL
0x00007ffc99ef0000 - 0x00007ffc9a2bc000 	C:\WINDOWS\System32\KERNELBASE.dll
0x00007ffc9a4d0000 - 0x00007ffc9a61b000 	C:\WINDOWS\System32\ucrtbase.dll
0x00007ffc5a250000 - 0x00007ffc5a267000 	C:\Users\Micro\.jdks\corretto-17.0.15\bin\jli.dll
0x00007ffc7a810000 - 0x00007ffc7a82b000 	C:\Users\Micro\.jdks\corretto-17.0.15\bin\VCRUNTIME140.dll
0x00007ffc9ab20000 - 0x00007ffc9acea000 	C:\WINDOWS\System32\USER32.dll
0x00007ffc9a620000 - 0x00007ffc9a647000 	C:\WINDOWS\System32\win32u.dll
0x00007ffc77400000 - 0x00007ffc7769a000 	C:\WINDOWS\WinSxS\amd64_microsoft.windows.common-controls_6595b64144ccf1df_6.0.26100.3912_none_3e07963ce335137e\COMCTL32.dll
0x00007ffc9bdc0000 - 0x00007ffc9bdeb000 	C:\WINDOWS\System32\GDI32.dll
0x00007ffc9c400000 - 0x00007ffc9c4a9000 	C:\WINDOWS\System32\msvcrt.dll
0x00007ffc9a7b0000 - 0x00007ffc9a8e2000 	C:\WINDOWS\System32\gdi32full.dll
0x00007ffc9a8f0000 - 0x00007ffc9a993000 	C:\WINDOWS\System32\msvcp_win.dll
0x00007ffc9b230000 - 0x00007ffc9b260000 	C:\WINDOWS\System32\IMM32.DLL
0x00007ffc88eb0000 - 0x00007ffc88ebc000 	C:\Users\Micro\.jdks\corretto-17.0.15\bin\vcruntime140_1.dll
0x00007ffc53580000 - 0x00007ffc5360d000 	C:\Users\Micro\.jdks\corretto-17.0.15\bin\msvcp140.dll
0x00007ffc3dd10000 - 0x00007ffc3e97c000 	C:\Users\Micro\.jdks\corretto-17.0.15\bin\server\jvm.dll
0x00007ffc9c520000 - 0x00007ffc9c5d2000 	C:\WINDOWS\System32\ADVAPI32.dll
0x00007ffc9c1d0000 - 0x00007ffc9c276000 	C:\WINDOWS\System32\sechost.dll
0x00007ffc9bfe0000 - 0x00007ffc9c0f6000 	C:\WINDOWS\System32\RPCRT4.dll
0x00007ffc9c280000 - 0x00007ffc9c2f4000 	C:\WINDOWS\System32\WS2_32.dll
0x00007ffc99bc0000 - 0x00007ffc99c1e000 	C:\WINDOWS\SYSTEM32\POWRPROF.dll
0x00007ffc927c0000 - 0x00007ffc927cb000 	C:\WINDOWS\SYSTEM32\VERSION.dll
0x00007ffc90640000 - 0x00007ffc90676000 	C:\WINDOWS\SYSTEM32\WINMM.dll
0x00007ffc99ba0000 - 0x00007ffc99bb4000 	C:\WINDOWS\SYSTEM32\UMPDC.dll
0x00007ffc98af0000 - 0x00007ffc98b0a000 	C:\WINDOWS\SYSTEM32\kernel.appcore.dll
0x00007ffc7fa60000 - 0x00007ffc7fa6a000 	C:\Users\Micro\.jdks\corretto-17.0.15\bin\jimage.dll
0x00007ffc929e0000 - 0x00007ffc92c21000 	C:\WINDOWS\SYSTEM32\DBGHELP.DLL
0x00007ffc9c810000 - 0x00007ffc9cb94000 	C:\WINDOWS\System32\combase.dll
0x00007ffc9b270000 - 0x00007ffc9b350000 	C:\WINDOWS\System32\OLEAUT32.dll
0x00007ffc87d40000 - 0x00007ffc87d79000 	C:\WINDOWS\SYSTEM32\dbgcore.DLL
0x00007ffc9a710000 - 0x00007ffc9a7a9000 	C:\WINDOWS\System32\bcryptPrimitives.dll
0x00007ffc96b10000 - 0x00007ffc96b4b000 	C:\Users\Micro\.jdks\corretto-17.0.15\bin\jdwp.dll
0x00007ffc96b00000 - 0x00007ffc96b0e000 	C:\Users\Micro\.jdks\corretto-17.0.15\bin\instrument.dll
0x00007ffc53550000 - 0x00007ffc53575000 	C:\Users\Micro\.jdks\corretto-17.0.15\bin\java.dll
0x00007ffc53490000 - 0x00007ffc534a8000 	C:\Users\Micro\.jdks\corretto-17.0.15\bin\zip.dll
0x00007ffc3db10000 - 0x00007ffc3dbe7000 	C:\Users\Micro\.jdks\corretto-17.0.15\bin\jsvml.dll
0x00007ffc9b590000 - 0x00007ffc9bcbd000 	C:\WINDOWS\System32\SHELL32.dll
0x00007ffc9a2c0000 - 0x00007ffc9a434000 	C:\WINDOWS\System32\wintypes.dll
0x00007ffc979c0000 - 0x00007ffc98216000 	C:\WINDOWS\SYSTEM32\windows.storage.dll
0x00007ffc9c300000 - 0x00007ffc9c3ef000 	C:\WINDOWS\System32\SHCORE.dll
0x00007ffc9b180000 - 0x00007ffc9b1e9000 	C:\WINDOWS\System32\shlwapi.dll
0x00007ffc99c80000 - 0x00007ffc99caf000 	C:\WINDOWS\SYSTEM32\profapi.dll
0x00007ffc8bf10000 - 0x00007ffc8bf1c000 	C:\Users\Micro\.jdks\corretto-17.0.15\bin\dt_socket.dll
0x00007ffc98510000 - 0x00007ffc98543000 	C:\WINDOWS\SYSTEM32\IPHLPAPI.DLL
0x00007ffc99040000 - 0x00007ffc990aa000 	C:\WINDOWS\system32\mswsock.dll
0x00007ffc74980000 - 0x00007ffc74999000 	C:\Users\Micro\.jdks\corretto-17.0.15\bin\net.dll
0x00007ffc921c0000 - 0x00007ffc922de000 	C:\WINDOWS\SYSTEM32\WINHTTP.dll
0x00007ffc53530000 - 0x00007ffc53546000 	C:\Users\Micro\.jdks\corretto-17.0.15\bin\nio.dll
0x00007ffc74250000 - 0x00007ffc74260000 	C:\Users\Micro\.jdks\corretto-17.0.15\bin\verify.dll
0x00007ffc8bdb0000 - 0x00007ffc8bdbe000 	C:\Users\Micro\.jdks\corretto-17.0.15\bin\sunmscapi.dll
0x00007ffc99d70000 - 0x00007ffc99ee7000 	C:\WINDOWS\System32\CRYPT32.dll
0x00007ffc99550000 - 0x00007ffc99580000 	C:\WINDOWS\SYSTEM32\ncrypt.dll
0x00007ffc99500000 - 0x00007ffc9953f000 	C:\WINDOWS\SYSTEM32\NTASN1.dll
0x00007ffc99400000 - 0x00007ffc9941c000 	C:\WINDOWS\SYSTEM32\CRYPTSP.dll
0x00007ffc98a50000 - 0x00007ffc98a8a000 	C:\WINDOWS\system32\rsaenh.dll
0x00007ffc990e0000 - 0x00007ffc9910b000 	C:\WINDOWS\SYSTEM32\USERENV.dll
0x00007ffc99c50000 - 0x00007ffc99c76000 	C:\WINDOWS\SYSTEM32\bcrypt.dll
0x00007ffc99270000 - 0x00007ffc9927c000 	C:\WINDOWS\SYSTEM32\CRYPTBASE.dll
0x00007ffc9b1f0000 - 0x00007ffc9b1fa000 	C:\WINDOWS\System32\NSI.dll
0x00007ffc927d0000 - 0x00007ffc927ef000 	C:\WINDOWS\SYSTEM32\dhcpcsvc6.DLL
0x00007ffc92120000 - 0x00007ffc92145000 	C:\WINDOWS\SYSTEM32\dhcpcsvc.DLL
0x00007ffc98550000 - 0x00007ffc98677000 	C:\WINDOWS\SYSTEM32\DNSAPI.dll
0x00007ffc8bf00000 - 0x00007ffc8bf09000 	C:\Users\Micro\.jdks\corretto-17.0.15\bin\management.dll
0x00007ffc8bef0000 - 0x00007ffc8befb000 	C:\Users\Micro\.jdks\corretto-17.0.15\bin\management_ext.dll
0x00007ffc9c800000 - 0x00007ffc9c808000 	C:\WINDOWS\System32\PSAPI.DLL
0x00007ffc92150000 - 0x00007ffc9215b000 	C:\Windows\System32\rasadhlp.dll
0x00007ffc91af0000 - 0x00007ffc91b76000 	C:\WINDOWS\System32\fwpuclnt.dll
0x00007ffc7a800000 - 0x00007ffc7a809000 	C:\Users\Micro\.jdks\corretto-17.0.15\bin\extnet.dll

dbghelp: loaded successfully - version: 4.0.5 - missing functions: none
symbol engine: initialized successfully - sym options: 0x614 - pdb path: .;C:\Users\Micro\.jdks\corretto-17.0.15\bin;C:\WINDOWS\SYSTEM32;C:\WINDOWS\WinSxS\amd64_microsoft.windows.common-controls_6595b64144ccf1df_6.0.26100.3912_none_3e07963ce335137e;C:\Users\Micro\.jdks\corretto-17.0.15\bin\server

VM Arguments:
jvm_args: -agentlib:jdwp=transport=dt_socket,address=127.0.0.1:52848,suspend=y,server=n -javaagent:C:\Users\Micro\AppData\Local\JetBrains\IdeaIC2023.3\captureAgent\debugger-agent.jar -Dfile.encoding=UTF-8 
java_command: com.br.api.favorites.FavoritesApplication
java_class_path (initial): C:\Users\Micro\OneDrive\rea de Trabalho\GLORIADEUS\favorites_clean_refactored_final\target\classes;C:\Users\Micro\.m2\repository\org\springframework\boot\spring-boot-starter-data-mongodb\3.5.0\spring-boot-starter-data-mongodb-3.5.0.jar;C:\Users\Micro\.m2\repository\org\springframework\boot\spring-boot-starter\3.5.0\spring-boot-starter-3.5.0.jar;C:\Users\Micro\.m2\repository\org\springframework\boot\spring-boot\3.5.0\spring-boot-3.5.0.jar;C:\Users\Micro\.m2\repository\org\springframework\boot\spring-boot-starter-logging\3.5.0\spring-boot-starter-logging-3.5.0.jar;C:\Users\Micro\.m2\repository\ch\qos\logback\logback-classic\1.5.18\logback-classic-1.5.18.jar;C:\Users\Micro\.m2\repository\ch\qos\logback\logback-core\1.5.18\logback-core-1.5.18.jar;C:\Users\Micro\.m2\repository\org\apache\logging\log4j\log4j-to-slf4j\2.24.3\log4j-to-slf4j-2.24.3.jar;C:\Users\Micro\.m2\repository\org\apache\logging\log4j\log4j-api\2.24.3\log4j-api-2.24.3.jar;C:\Users\Micro\.m2\repository\org\slf4j\jul-to-slf4j\2.0.17\jul-to-slf4j-2.0.17.jar;C:\Users\Micro\.m2\repository\jakarta\annotation\jakarta.annotation-api\2.1.1\jakarta.annotation-api-2.1.1.jar;C:\Users\Micro\.m2\repository\org\yaml\snakeyaml\2.4\snakeyaml-2.4.jar;C:\Users\Micro\.m2\repository\org\mongodb\mongodb-driver-sync\5.4.0\mongodb-driver-sync-5.4.0.jar;C:\Users\Micro\.m2\repository\org\mongodb\bson\5.4.0\bson-5.4.0.jar;C:\Users\Micro\.m2\repository\org\mongodb\mongodb-driver-core\5.4.0\mongodb-driver-core-5.4.0.jar;C:\Users\Micro\.m2\repository\org\mongodb\bson-record-codec\5.4.0\bson-record-codec-5.4.0.jar;C:\Users\Micro\.m2\repository\org\springframework\data\spring-data-mongodb\4.5.0\spring-data-mongodb-4.5.0.jar;C:\Users\Micro\.m2\repository\org\springframework\spring-tx\6.2.7\spring-tx-6.2.7.jar;C:\Users\Micro\.m2\repository\org\springframework\spring-context\6.2.7\spring-context-6.2.7.jar;C:\Users\Micro\.m2\repository\org\springframework\spring-beans\6.2.7\spring-beans-6.2.7.jar;C:\Users\Mic
Launcher Type: SUN_STANDARD

[Global flags]
     intx CICompilerCount                          = 4                                         {product} {ergonomic}
     uint ConcGCThreads                            = 3                                         {product} {ergonomic}
     uint G1ConcRefinementThreads                  = 10                                        {product} {ergonomic}
   size_t G1HeapRegionSize                         = 2097152                                   {product} {ergonomic}
    uintx GCDrainStackTargetSize                   = 64                                        {product} {ergonomic}
   size_t InitialHeapSize                          = 260046848                                 {product} {ergonomic}
   size_t MarkStackSize                            = 4194304                                   {product} {ergonomic}
   size_t MaxHeapSize                              = 4133486592                                {product} {ergonomic}
   size_t MaxNewSize                               = 2478833664                                {product} {ergonomic}
   size_t MinHeapDeltaBytes                        = 2097152                                   {product} {ergonomic}
   size_t MinHeapSize                              = 8388608                                   {product} {ergonomic}
    uintx NonNMethodCodeHeapSize                   = 5839372                                {pd product} {ergonomic}
    uintx NonProfiledCodeHeapSize                  = 122909434                              {pd product} {ergonomic}
    uintx ProfiledCodeHeapSize                     = 122909434                              {pd product} {ergonomic}
    uintx ReservedCodeCacheSize                    = 251658240                              {pd product} {ergonomic}
     bool SegmentedCodeCache                       = true                                      {product} {ergonomic}
   size_t SoftMaxHeapSize                          = 4133486592                             {manageable} {ergonomic}
     bool UseCompressedClassPointers               = true                           {product lp64_product} {ergonomic}
     bool UseCompressedOops                        = true                           {product lp64_product} {ergonomic}
     bool UseG1GC                                  = true                                      {product} {ergonomic}
     bool UseLargePagesIndividualAllocation        = false                                  {pd product} {ergonomic}

Logging:
Log output configuration:
 #0: stdout all=warning uptime,level,tags
 #1: stderr all=off uptime,level,tags

Environment Variables:
JAVA_HOME=C:\Program Files\Java\jdk-11
PATH=C:\Program Files\Common Files\Oracle\Java\javapath;C:\WINDOWS\system32;C:\WINDOWS;C:\WINDOWS\System32\Wbem;C:\WINDOWS\System32\WindowsPowerShell\v1.0\;C:\WINDOWS\System32\OpenSSH\;%JAVA_HOME%\bin;C:\Program Files\Go\bin;C:\Users\Micro\apache-maven-3.9.6\bin;C:\Program Files\Docker\Docker\resources\bin;C:\Program Files\Git\cmd;C:\Users\Micro\AppData\Local\Microsoft\WindowsApps;C:\Users\Micro\AppData\Local\Programs\Microsoft VS Code\bin;C:\Users\Micro\go\bin;C:\Program Files\nodejs\;C:\Program Files\WireGuard\;C:\WINDOWS\system32;C:\WINDOWS;C:\WINDOWS\System32\Wbem;C:\WINDOWS\System32\WindowsPowerShell\v1.0\;C:\WINDOWS\System32\OpenSSH\;C:\dev\flutter\bin;C:\mongodb-database-tools-windows-x86_64-100.12.0\bin;C:\Users\Micro\AppData\Local\Microsoft\WindowsApps;C:\Users\Micro\AppData\Local\Programs\Microsoft VS Code\bin;C:\Users\Micro\apache-maven-3.9.6\bin;C:\Users\Micro\go\bin;C:\Users\Micro\AppData\Roaming\npm;
USERNAME=Micro
OS=Windows_NT
PROCESSOR_IDENTIFIER=AMD64 Family 25 Model 80 Stepping 0, AuthenticAMD
TMP=C:\Users\Micro\AppData\Local\Temp
TEMP=C:\Users\Micro\AppData\Local\Temp



Periodic native trim disabled


---------------  S Y S T E M  ---------------

OS:
 Windows 11 , 64 bit Build 26100 (10.0.26100.3912)
OS uptime: 0 days 5:23 hours
Hyper-V role detected

CPU: total 12 (initial active 12) (12 cores per cpu, 2 threads per core) family 25 model 80 stepping 0 microcode 0xa50000d, cx8, cmov, fxsr, ht, mmx, 3dnowpref, sse, sse2, sse3, ssse3, sse4a, sse4.1, sse4.2, popcnt, lzcnt, tsc, tscinvbit, avx, avx2, aes, erms, clmul, bmi1, bmi2, adx, sha, fma, vzeroupper, clflush, clflushopt, hv
Processor Information for all 12 processors :
  Max Mhz: 3901, Current Mhz: 3901, Mhz Limit: 3901

Memory: 4k page, system-wide physical 15762M (5814M free)
TotalPageFile size 23442M (AvailPageFile size 8869M)
current process WorkingSet (physical memory assigned to process): 310M, peak: 310M
current process commit charge ("private bytes"): 352M, peak: 422M

vm_info: OpenJDK 64-Bit Server VM (17.0.15+6-LTS) for windows-amd64 JRE (17.0.15+6-LTS), built on Apr  9 2025 23:33:55 by "Administrator" with MS VC++ 16.10 / 16.11 (VS2019)

END.
