#
# A fatal error has been detected by the Java Runtime Environment:
#
#  EXCEPTION_ACCESS_VIOLATION (0xc0000005) at pc=0x00007ffb4e1bca60, pid=5964, tid=2064
#
# JRE version: OpenJDK Runtime Environment Corretto-17.0.15.6.1 (17.0.15+6) (build 17.0.15+6-LTS)
# Java VM: OpenJDK 64-Bit Server VM Corretto-17.0.15.6.1 (17.0.15+6-LTS, mixed mode, sharing, tiered, compressed oops, compressed class ptrs, g1 gc, windows-amd64)
# Problematic frame:
# V  [jvm.dll+0x36ca60]
#
# No core dump will be written. Minidumps are not enabled by default on client versions of Windows
#
# If you would like to submit a bug report, please visit:
#   https://github.com/corretto/corretto-17/issues/
#

---------------  S U M M A R Y ------------

Command Line: -agentlib:jdwp=transport=dt_socket,address=127.0.0.1:57898,suspend=y,server=n -ea -Didea.test.cyclic.buffer.size=1048576 -javaagent:C:\Users\Micro\AppData\Local\JetBrains\IdeaIC2023.3\captureAgent\debugger-agent.jar -Dfile.encoding=UTF-8 com.intellij.rt.junit.JUnitStarter -ideVersion5 -junit5 com.br.api.favorites.bdd.CucumberIntegrationTest

Host: AMD Ryzen 5 5600G with Radeon Graphics         , 12 cores, 15G,  Windows 11 , 64 bit Build 26100 (10.0.26100.3912)
Time: Sun Jun  1 11:06:30 2025 Hora oficial do Brasil elapsed time: 1.835912 seconds (0d 0h 0m 1s)

---------------  T H R E A D  ---------------

Current thread (0x00000205c3cf7130):  JavaThread "C2 CompilerThread2" daemon [_thread_in_native, id=2064, stack(0x000000ba0fe00000,0x000000ba0ff00000)]


Current CompileTask:
C2:   1835 2454   !   4       jdk.internal.loader.BuiltinClassLoader::loadClassOrNull (143 bytes)

Stack: [0x000000ba0fe00000,0x000000ba0ff00000],  sp=0x000000ba0fefb900,  free space=1006k
Native frames: (J=compiled Java code, j=interpreted, Vv=VM code, C=native code)
V  [jvm.dll+0x36ca60]
V  [jvm.dll+0x365c78]
V  [jvm.dll+0x1bd518]
V  [jvm.dll+0x21aa19]
V  [jvm.dll+0x219d01]
V  [jvm.dll+0x1a59fd]
V  [jvm.dll+0x229a5d]
V  [jvm.dll+0x227bec]
V  [jvm.dll+0x7eda37]
V  [jvm.dll+0x7e7f8c]
V  [jvm.dll+0x680017]
C  [ucrtbase.dll+0x37b0]
C  [KERNEL32.DLL+0x2e8d7]
C  [ntdll.dll+0x9c5dc]


siginfo: EXCEPTION_ACCESS_VIOLATION (0xc0000005), reading address 0xffffffffffffffff


Registers:
RAX=0x0000000000000000, RBX=0x000000ba0fefb950, RCX=0x0000000000000000, RDX=0x00027ffb4e9dde58
RSP=0x000000ba0fefb900, RBP=0x000000ba0fefba70, RSI=0x00007ffb4e9dde58, RDI=0x000000000000001a
R8 =0x0000000000001380, R9 =0x0000000000000004, R10=0x0000000000000003, R11=0x00000205c8ff17c0
R12=0x0000000000000040, R13=0x0000000000000000, R14=0x0000000000000416, R15=0x0000000000000416
RIP=0x00007ffb4e1bca60, EFLAGS=0x0000000000010246

XMM[0]=0x0000000000000000 0x0000000000000000
XMM[1]=0x0000000000000000 0x0000000000000000
XMM[2]=0x0000000000000000 0x0000000000000000
XMM[3]=0x0000000000000000 0x0000000000000000
XMM[4]=0x0000000000000000 0x0000000000000000
XMM[5]=0x0000000000000000 0x0000000000000000
XMM[6]=0x0000000000000000 0x0000000000000000
XMM[7]=0x0000000000000000 0x0000000000000000
XMM[8]=0x0000000000000000 0x0000000000000000
XMM[9]=0x0000000000000000 0x0000000000000000
XMM[10]=0x0000000000000000 0x0000000000000000
XMM[11]=0x0000000000000000 0x0000000000000000
XMM[12]=0x0000000000000000 0x0000000000000000
XMM[13]=0x0000000000000000 0x0000000000000000
XMM[14]=0x0000000000000000 0x0000000000000000
XMM[15]=0x0000000000000000 0x0000000000000000
  MXCSR=0x00001fa0


Register to memory mapping:

RIP=0x00007ffb4e1bca60 jvm.dll
RAX=0x0 is NULL
RBX=0x000000ba0fefb950 is pointing into the stack for thread: 0x00000205c3cf7130
RCX=0x0 is NULL
RDX=0x00027ffb4e9dde58 is an unknown value
RSP=0x000000ba0fefb900 is pointing into the stack for thread: 0x00000205c3cf7130
RBP=0x000000ba0fefba70 is pointing into the stack for thread: 0x00000205c3cf7130
RSI=0x00007ffb4e9dde58 jvm.dll
RDI=0x000000000000001a is an unknown value
R8 =0x0000000000001380 is an unknown value
R9 =0x0000000000000004 is an unknown value
R10=0x0000000000000003 is an unknown value
R11=0x00000205c8ff17c0 points into unknown readable memory: 0x0000000000000000 | 00 00 00 00 00 00 00 00
R12=0x0000000000000040 is an unknown value
R13=0x0 is NULL
R14=0x0000000000000416 is an unknown value
R15=0x0000000000000416 is an unknown value


Top of Stack: (sp=0x000000ba0fefb900)
0x000000ba0fefb900:   0000000000003be1 00007ffb4e1bcbb4
0x000000ba0fefb910:   00000205c3bb5130 00000205c85db400
0x000000ba0fefb920:   0000000000000002 00007ffb4e1b5c78
0x000000ba0fefb930:   0000000000000002 0000000000000014
0x000000ba0fefb940:   0000000000003be4 0000000000003be4
0x000000ba0fefb950:   0000000000000000 0000000300001396
0x000000ba0fefb960:   0000003200000014 00027ffb4e9dde58
0x000000ba0fefb970:   00000205c84ae750 00000205cb41ce10
0x000000ba0fefb980:   00000000000003d8 00000205c3cbe8e0
0x000000ba0fefb990:   00000205c3cbe8d0 00000205c3cbecb8
0x000000ba0fefb9a0:   000000ba0fefbab0 00007ffb4e00d518
0x000000ba0fefb9b0:   000000ba0fefbe00 000000ba0fefbee0
0x000000ba0fefb9c0:   0000000000000000 00000205c3cbe8d0
0x000000ba0fefb9d0:   0000020500000000 0000000000000000
0x000000ba0fefb9e0:   0000000000000006 00000205c3cbe8d0
0x000000ba0fefb9f0:   00000205c894eb40 00000205c8954af0
0x000000ba0fefba00:   00000205c8956b28 0000000001108640
0x000000ba0fefba10:   0000000000000000 0000000000000000
0x000000ba0fefba20:   0000000000000000 00000205c3b44d00
0x000000ba0fefba30:   0000000000000000 00007ffb4e785d00
0x000000ba0fefba40:   0000000000000000 000000ba0fefe750
0x000000ba0fefba50:   0000000000000000 00007ffb4e785d00
0x000000ba0fefba60:   0000020500000000 00000000000001dc
0x000000ba0fefba70:   000002050000000c 000000ba0fefe750
0x000000ba0fefba80:   00000205cb3f4050 000000004e183a01
0x000000ba0fefba90:   00000205cb659050 0000000000003be5
0x000000ba0fefbaa0:   000000ba0fefb9e0 00000205c3cbe8e0
0x000000ba0fefbab0:   00007ffb4e785cd0 000000000000000d
0x000000ba0fefbac0:   000000ba0fefe750 000000ba0fefbe00
0x000000ba0fefbad0:   0000000000002a3b 00000205c3bb5130
0x000000ba0fefbae0:   00007ffb0000000a 000000ba0fefe750
0x000000ba0fefbaf0:   00000205c9632020 0000000000000000 

Instructions: (pc=0x00007ffb4e1bca60)
0x00007ffb4e1bc960:   48 8b a8 80 00 00 00 48 8b 8d d0 08 00 00 48 85
0x00007ffb4e1bc970:   c9 75 0c e8 e8 0b 00 00 48 8b 8d d0 08 00 00 48
0x00007ffb4e1bc980:   8b 01 0f 57 c0 48 89 85 d0 08 00 00 0f 11 01 0f
0x00007ffb4e1bc990:   11 41 10 41 0f 10 06 0f 11 01 41 0f 10 4e 10 0f
0x00007ffb4e1bc9a0:   11 49 10 48 8b 43 08 48 89 0c 06 ff c7 ba 50 00
0x00007ffb4e1bc9b0:   00 00 3b bb 90 00 00 00 0f 82 62 ff ff ff 4c 8b
0x00007ffb4e1bc9c0:   74 24 60 4c 8b 6c 24 58 4c 8b 64 24 50 48 8b c3
0x00007ffb4e1bc9d0:   48 83 c4 20 41 5f 5f 5e 5d 5b c3 cc cc cc cc cc
0x00007ffb4e1bc9e0:   40 53 48 83 ec 20 8b 51 0c 48 8b d9 83 fa 04 73
0x00007ffb4e1bc9f0:   2a 4c 8b 59 18 66 66 66 0f 1f 84 00 00 00 00 00
0x00007ffb4e1bca00:   44 8b d2 44 8d 4a 01 4b 83 3c d3 00 0f 85 8f 00
0x00007ffb4e1bca10:   00 00 41 8b d1 41 83 f9 04 72 e5 48 89 74 24 30
0x00007ffb4e1bca20:   48 89 7c 24 38 8b 79 10 3b 79 14 73 62 48 8d 35
0x00007ffb4e1bca30:   24 14 82 00 0f 1f 40 00 0f 1f 84 00 00 00 00 00
0x00007ffb4e1bca40:   48 8b 43 20 8b cf 48 8b 14 c8 48 3b d6 74 39 33
0x00007ffb4e1bca50:   c0 48 89 53 18 33 c9 66 0f 1f 84 00 00 00 00 00
0x00007ffb4e1bca60:   48 83 3c 11 00 44 8d 48 01 75 6f 48 83 c1 08 41
0x00007ffb4e1bca70:   8b c1 41 83 f9 04 72 e8 48 8b 4b 28 48 85 c9 74
0x00007ffb4e1bca80:   07 8b d7 e8 58 01 00 00 ff c7 3b 7b 14 72 b1 48
0x00007ffb4e1bca90:   8b 74 24 30 33 c0 48 8b 7c 24 38 48 83 c4 20 5b
0x00007ffb4e1bcaa0:   c3 8b 41 10 44 8d 04 82 41 c1 e0 06 41 81 c0 00
0x00007ffb4e1bcab0:   ff ff ff 44 89 41 08 4b 8b 14 d3 48 0f bc c2 44
0x00007ffb4e1bcac0:   89 49 0c 8b c8 48 d3 ea 48 ff ca 41 03 c0 48 89
0x00007ffb4e1bcad0:   13 89 43 08 48 83 c4 20 5b c3 48 8b 74 24 30 44
0x00007ffb4e1bcae0:   8d 04 b8 8b c8 8d 47 01 48 8b 7c 24 38 41 c1 e0
0x00007ffb4e1bcaf0:   06 44 89 43 08 48 8b 14 ca 89 43 10 48 0f bc c2
0x00007ffb4e1bcb00:   44 89 4b 0c 8b c8 48 d3 ea 48 ff ca 41 03 c0 48
0x00007ffb4e1bcb10:   89 13 89 43 08 48 83 c4 20 5b c3 cc cc cc cc cc
0x00007ffb4e1bcb20:   40 53 48 83 ec 20 65 48 8b 04 25 58 00 00 00 8b
0x00007ffb4e1bcb30:   0d c3 08 86 00 48 8b 1c c8 b8 50 00 00 00 80 3c
0x00007ffb4e1bcb40:   18 00 75 05 e8 4f 7f 52 00 b8 20 00 00 00 48 8b
0x00007ffb4e1bcb50:   04 18 48 8b 88 d8 04 00 00 48 8b 99 80 00 00 00 


Stack slot to memory mapping:
stack at sp + 0 slots: 0x0000000000003be1 is an unknown value
stack at sp + 1 slots: 0x00007ffb4e1bcbb4 jvm.dll
stack at sp + 2 slots: 0x00000205c3bb5130 points into unknown readable memory: 0x0000000000000006 | 06 00 00 00 00 00 00 00
stack at sp + 3 slots: 0x00000205c85db400 points into unknown readable memory: 0x00007ffb4e9dde58 | 58 de 9d 4e fb 7f 00 00
stack at sp + 4 slots: 0x0000000000000002 is an unknown value
stack at sp + 5 slots: 0x00007ffb4e1b5c78 jvm.dll
stack at sp + 6 slots: 0x0000000000000002 is an unknown value
stack at sp + 7 slots: 0x0000000000000014 is an unknown value


---------------  P R O C E S S  ---------------

Threads class SMR info:
_java_thread_list=0x00000205c9cdd010, length=18, elements={
0x00000205ded2d7d0, 0x00000205ff715190, 0x00000205ff717b60, 0x00000205ff72c250,
0x00000205ff72cc10, 0x00000205ff72d5d0, 0x00000205ff72df90, 0x00000205ff72ed30,
0x00000205ff73b800, 0x00000205ff74c210, 0x00000205c3080dd0, 0x00000205c3300dd0,
0x00000205c33118d0, 0x00000205c331b200, 0x00000205c334ad70, 0x00000205c33f8950,
0x00000205c3cf7130, 0x00000205c912a9b0
}

Java Threads: ( => current thread )
  0x00000205ded2d7d0 JavaThread "main" [_thread_in_native, id=6028, stack(0x000000ba0e700000,0x000000ba0e800000)]
  0x00000205ff715190 JavaThread "Reference Handler" daemon [_thread_blocked, id=9204, stack(0x000000ba0ee00000,0x000000ba0ef00000)]
  0x00000205ff717b60 JavaThread "Finalizer" daemon [_thread_blocked, id=13684, stack(0x000000ba0ef00000,0x000000ba0f000000)]
  0x00000205ff72c250 JavaThread "Signal Dispatcher" daemon [_thread_blocked, id=372, stack(0x000000ba0f000000,0x000000ba0f100000)]
  0x00000205ff72cc10 JavaThread "Attach Listener" daemon [_thread_blocked, id=6640, stack(0x000000ba0f100000,0x000000ba0f200000)]
  0x00000205ff72d5d0 JavaThread "Service Thread" daemon [_thread_blocked, id=16756, stack(0x000000ba0f200000,0x000000ba0f300000)]
  0x00000205ff72df90 JavaThread "Monitor Deflation Thread" daemon [_thread_blocked, id=5908, stack(0x000000ba0f300000,0x000000ba0f400000)]
  0x00000205ff72ed30 JavaThread "C2 CompilerThread0" daemon [_thread_blocked, id=11936, stack(0x000000ba0f400000,0x000000ba0f500000)]
  0x00000205ff73b800 JavaThread "C1 CompilerThread0" daemon [_thread_blocked, id=7036, stack(0x000000ba0f500000,0x000000ba0f600000)]
  0x00000205ff74c210 JavaThread "Sweeper thread" daemon [_thread_blocked, id=11424, stack(0x000000ba0f600000,0x000000ba0f700000)]
  0x00000205c3080dd0 JavaThread "Common-Cleaner" daemon [_thread_blocked, id=3096, stack(0x000000ba0f700000,0x000000ba0f800000)]
  0x00000205c3300dd0 JavaThread "JDWP Transport Listener: dt_socket" daemon [_thread_blocked, id=10112, stack(0x000000ba0f800000,0x000000ba0f900000)]
  0x00000205c33118d0 JavaThread "JDWP Event Helper Thread" daemon [_thread_blocked, id=15804, stack(0x000000ba0f900000,0x000000ba0fa00000)]
  0x00000205c331b200 JavaThread "JDWP Command Reader" daemon [_thread_in_native, id=15316, stack(0x000000ba0fa00000,0x000000ba0fb00000)]
  0x00000205c334ad70 JavaThread "Notification Thread" daemon [_thread_blocked, id=13412, stack(0x000000ba0fb00000,0x000000ba0fc00000)]
  0x00000205c33f8950 JavaThread "C2 CompilerThread1" daemon [_thread_blocked, id=15572, stack(0x000000ba0fd00000,0x000000ba0fe00000)]
=>0x00000205c3cf7130 JavaThread "C2 CompilerThread2" daemon [_thread_in_native, id=2064, stack(0x000000ba0fe00000,0x000000ba0ff00000)]
  0x00000205c912a9b0 JavaThread "background-preinit" [_thread_in_Java, id=5020, stack(0x000000ba10800000,0x000000ba10900000)]

Other Threads:
  0x00000205ff70fd50 VMThread "VM Thread" [stack: 0x000000ba0ed00000,0x000000ba0ee00000] [id=7076]
  0x00000205c332ce50 WatcherThread [stack: 0x000000ba0fc00000,0x000000ba0fd00000] [id=16428]
  0x00000205ded9ae80 GCTaskThread "GC Thread#0" [stack: 0x000000ba0e800000,0x000000ba0e900000] [id=14820]
  0x00000205c8b46df0 GCTaskThread "GC Thread#1" [stack: 0x000000ba0ff00000,0x000000ba10000000] [id=5264]
  0x00000205c8d29af0 GCTaskThread "GC Thread#2" [stack: 0x000000ba10000000,0x000000ba10100000] [id=8432]
  0x00000205c8c93fc0 GCTaskThread "GC Thread#3" [stack: 0x000000ba10100000,0x000000ba10200000] [id=10188]
  0x00000205c8e6ad20 GCTaskThread "GC Thread#4" [stack: 0x000000ba10200000,0x000000ba10300000] [id=17304]
  0x00000205c3c35f60 GCTaskThread "GC Thread#5" [stack: 0x000000ba10300000,0x000000ba10400000] [id=6156]
  0x00000205c80c4ef0 GCTaskThread "GC Thread#6" [stack: 0x000000ba10400000,0x000000ba10500000] [id=15028]
  0x00000205c8412c30 GCTaskThread "GC Thread#7" [stack: 0x000000ba10500000,0x000000ba10600000] [id=13872]
  0x00000205c806af50 GCTaskThread "GC Thread#8" [stack: 0x000000ba10600000,0x000000ba10700000] [id=15916]
  0x00000205c91e8c70 GCTaskThread "GC Thread#9" [stack: 0x000000ba10700000,0x000000ba10800000] [id=17332]
  0x00000205dedae000 ConcurrentGCThread "G1 Main Marker" [stack: 0x000000ba0e900000,0x000000ba0ea00000] [id=8556]
  0x00000205dedaf7d0 ConcurrentGCThread "G1 Conc#0" [stack: 0x000000ba0ea00000,0x000000ba0eb00000] [id=6200]
  0x00000205c9676e10 ConcurrentGCThread "G1 Conc#1" [stack: 0x000000ba10900000,0x000000ba10a00000] [id=16352]
  0x00000205c91555e0 ConcurrentGCThread "G1 Conc#2" [stack: 0x000000ba10a00000,0x000000ba10b00000] [id=14056]
  0x00000205ff64bf90 ConcurrentGCThread "G1 Refine#0" [stack: 0x000000ba0eb00000,0x000000ba0ec00000] [id=17248]
  0x00000205ff64c760 ConcurrentGCThread "G1 Service" [stack: 0x000000ba0ec00000,0x000000ba0ed00000] [id=14440]

Threads with active compile tasks:
C2 CompilerThread2     1878 2454   !   4       jdk.internal.loader.BuiltinClassLoader::loadClassOrNull (143 bytes)

VM state: not at safepoint (normal execution)

VM Mutex/Monitor currently owned by a thread: None

Heap address: 0x0000000709a00000, size: 3942 MB, Compressed Oops mode: Zero based, Oop shift amount: 3

CDS archive(s) mapped at: [0x0000020582000000-0x0000020582bb0000-0x0000020582bb0000), size 12255232, SharedBaseAddress: 0x0000020582000000, ArchiveRelocationMode: 1.
Compressed class space mapped at: 0x0000020583000000-0x00000205c3000000, reserved size: 1073741824
Narrow klass base: 0x0000020582000000, Narrow klass shift: 0, Narrow klass range: 0x100000000

GC Precious Log:
 CPUs: 12 total, 12 available
 Memory: 15762M
 Large Page Support: Disabled
 NUMA Support: Disabled
 Compressed Oops: Enabled (Zero based)
 Heap Region Size: 2M
 Heap Min Capacity: 8M
 Heap Initial Capacity: 248M
 Heap Max Capacity: 3942M
 Pre-touch: Disabled
 Parallel Workers: 10
 Concurrent Workers: 3
 Concurrent Refinement Workers: 10
 Periodic GC: Disabled

Heap:
 garbage-first heap   total 55296K, used 34471K [0x0000000709a00000, 0x0000000800000000)
  region size 2048K, 15 young (30720K), 3 survivors (6144K)
 Metaspace       used 25663K, committed 26048K, reserved 1114112K
  class space    used 3422K, committed 3584K, reserved 1048576K

Heap Regions: E=young(eden), S=young(survivor), O=old, HS=humongous(starts), HC=humongous(continues), CS=collection set, F=free, OA=open archive, CA=closed archive, TAMS=top-at-mark-start (previous, next)
|   0|0x0000000709a00000, 0x0000000709c00000, 0x0000000709c00000|100%| O|  |TAMS 0x0000000709c00000, 0x0000000709a00000| Untracked 
|   1|0x0000000709c00000, 0x0000000709e00000, 0x0000000709e00000|100%| O|  |TAMS 0x0000000709e00000, 0x0000000709c00000| Untracked 
|   2|0x0000000709e00000, 0x000000070a000000, 0x000000070a000000|100%| O|  |TAMS 0x000000070a000000, 0x0000000709e00000| Untracked 
|   3|0x000000070a000000, 0x000000070a006a00, 0x000000070a200000|  1%| O|  |TAMS 0x000000070a006a00, 0x000000070a000000| Complete 
|   4|0x000000070a200000, 0x000000070a200000, 0x000000070a400000|  0%| F|  |TAMS 0x000000070a200000, 0x000000070a200000| Untracked 
|   5|0x000000070a400000, 0x000000070a400000, 0x000000070a600000|  0%| F|  |TAMS 0x000000070a400000, 0x000000070a400000| Untracked 
|   6|0x000000070a600000, 0x000000070a600000, 0x000000070a800000|  0%| F|  |TAMS 0x000000070a600000, 0x000000070a600000| Untracked 
|   7|0x000000070a800000, 0x000000070a800000, 0x000000070aa00000|  0%| F|  |TAMS 0x000000070a800000, 0x000000070a800000| Untracked 
|   8|0x000000070aa00000, 0x000000070aa00000, 0x000000070ac00000|  0%| F|  |TAMS 0x000000070aa00000, 0x000000070aa00000| Untracked 
|   9|0x000000070ac00000, 0x000000070ac00000, 0x000000070ae00000|  0%| F|  |TAMS 0x000000070ac00000, 0x000000070ac00000| Untracked 
|  10|0x000000070ae00000, 0x000000070ae00000, 0x000000070b000000|  0%| F|  |TAMS 0x000000070ae00000, 0x000000070ae00000| Untracked 
|  11|0x000000070b000000, 0x000000070b000000, 0x000000070b200000|  0%| F|  |TAMS 0x000000070b000000, 0x000000070b000000| Untracked 
|  12|0x000000070b200000, 0x000000070b3eaf08, 0x000000070b400000| 95%| E|  |TAMS 0x000000070b200000, 0x000000070b200000| Complete 
|  13|0x000000070b400000, 0x000000070b600000, 0x000000070b600000|100%| E|CS|TAMS 0x000000070b400000, 0x000000070b400000| Complete 
|  14|0x000000070b600000, 0x000000070b800000, 0x000000070b800000|100%| E|CS|TAMS 0x000000070b600000, 0x000000070b600000| Complete 
|  15|0x000000070b800000, 0x000000070ba00000, 0x000000070ba00000|100%| E|CS|TAMS 0x000000070b800000, 0x000000070b800000| Complete 
|  16|0x000000070ba00000, 0x000000070bc00000, 0x000000070bc00000|100%| E|CS|TAMS 0x000000070ba00000, 0x000000070ba00000| Complete 
|  17|0x000000070bc00000, 0x000000070be00000, 0x000000070be00000|100%| E|CS|TAMS 0x000000070bc00000, 0x000000070bc00000| Complete 
|  18|0x000000070be00000, 0x000000070c000000, 0x000000070c000000|100%| E|CS|TAMS 0x000000070be00000, 0x000000070be00000| Complete 
|  19|0x000000070c000000, 0x000000070c200000, 0x000000070c200000|100%| E|CS|TAMS 0x000000070c000000, 0x000000070c000000| Complete 
|  20|0x000000070c200000, 0x000000070c400000, 0x000000070c400000|100%| E|CS|TAMS 0x000000070c200000, 0x000000070c200000| Complete 
|  21|0x000000070c400000, 0x000000070c600000, 0x000000070c600000|100%| E|CS|TAMS 0x000000070c400000, 0x000000070c400000| Complete 
|  22|0x000000070c600000, 0x000000070c800000, 0x000000070c800000|100%| E|CS|TAMS 0x000000070c600000, 0x000000070c600000| Complete 
|  87|0x0000000714800000, 0x00000007149a3550, 0x0000000714a00000| 81%| S|CS|TAMS 0x0000000714800000, 0x0000000714800000| Complete 
|  88|0x0000000714a00000, 0x0000000714c00000, 0x0000000714c00000|100%| S|CS|TAMS 0x0000000714a00000, 0x0000000714a00000| Complete 
|  89|0x0000000714c00000, 0x0000000714e00000, 0x0000000714e00000|100%| S|CS|TAMS 0x0000000714c00000, 0x0000000714c00000| Complete 
| 123|0x0000000719000000, 0x0000000719200000, 0x0000000719200000|100%| E|CS|TAMS 0x0000000719000000, 0x0000000719000000| Complete 

Card table byte_map: [0x00000205f6570000,0x00000205f6d30000] _byte_map_base: 0x00000205f2d23000

Marking Bits (Prev, Next): (CMBitMap*) 0x00000205ded9d3f0, (CMBitMap*) 0x00000205ded9d3b0
 Prev Bits: [0x00000205fb290000, 0x00000205ff028000)
 Next Bits: [0x00000205f74f0000, 0x00000205fb288000)

Polling page: 0x00000205de400000

Metaspace:

Usage:
  Non-class:     21.73 MB used.
      Class:      3.34 MB used.
       Both:     25.07 MB used.

Virtual space:
  Non-class space:       64.00 MB reserved,      21.94 MB ( 34%) committed,  1 nodes.
      Class space:        1.00 GB reserved,       3.50 MB ( <1%) committed,  1 nodes.
             Both:        1.06 GB reserved,      25.44 MB (  2%) committed. 

Chunk freelists:
   Non-Class:  9.91 MB
       Class:  12.33 MB
        Both:  22.23 MB

MaxMetaspaceSize: unlimited
CompressedClassSpaceSize: 1.00 GB
Initial GC threshold: 21.00 MB
Current GC threshold: 35.31 MB
CDS: on
MetaspaceReclaimPolicy: balanced
 - commit_granule_bytes: 65536.
 - commit_granule_words: 8192.
 - virtual_space_node_default_size: 8388608.
 - enlarge_chunks_in_place: 1.
 - new_chunks_are_fully_committed: 0.
 - uncommit_free_chunks: 1.
 - use_allocation_guard: 0.
 - handle_deallocations: 1.


Internal statistics:

num_allocs_failed_limit: 3.
num_arena_births: 400.
num_arena_deaths: 0.
num_vsnodes_births: 2.
num_vsnodes_deaths: 0.
num_space_committed: 407.
num_space_uncommitted: 0.
num_chunks_returned_to_freelist: 3.
num_chunks_taken_from_freelist: 1242.
num_chunk_merges: 3.
num_chunk_splits: 881.
num_chunks_enlarged: 695.
num_inconsistent_stats: 0.

CodeHeap 'non-profiled nmethods': size=120000Kb used=1529Kb max_used=1529Kb free=118470Kb
 bounds [0x00000205ee330000, 0x00000205ee5a0000, 0x00000205f5860000]
CodeHeap 'profiled nmethods': size=120000Kb used=5708Kb max_used=5708Kb free=114291Kb
 bounds [0x00000205e6860000, 0x00000205e6e00000, 0x00000205edd90000]
CodeHeap 'non-nmethods': size=5760Kb used=1287Kb max_used=1313Kb free=4472Kb
 bounds [0x00000205edd90000, 0x00000205ee000000, 0x00000205ee330000]
 total_blobs=3255 nmethods=2734 adapters=433
 compilation: enabled
              stopped_count=0, restarted_count=0
 full_count=0

Compilation events (20 events):
Event: 1.793 Thread 0x00000205ff73b800 2725       3       java.util.Locale::hasExtensions (13 bytes)
Event: 1.793 Thread 0x00000205ff73b800 nmethod 2725 0x00000205e6dee590 code [0x00000205e6dee720, 0x00000205e6dee898]
Event: 1.793 Thread 0x00000205ff73b800 2709       3       sun.util.locale.LanguageTag::getVariants (24 bytes)
Event: 1.793 Thread 0x00000205ff73b800 nmethod 2709 0x00000205e6dee910 code [0x00000205e6deeae0, 0x00000205e6deedb8]
Event: 1.793 Thread 0x00000205ff73b800 2711       3       sun.util.locale.LanguageTag::getExtensions (24 bytes)
Event: 1.793 Thread 0x00000205ff73b800 nmethod 2711 0x00000205e6deee90 code [0x00000205e6def060, 0x00000205e6def338]
Event: 1.796 Thread 0x00000205c33f8950 nmethod 2667 0x00000205ee4a3d10 code [0x00000205ee4a3ea0, 0x00000205ee4a42f8]
Event: 1.796 Thread 0x00000205c33f8950 2726       4       jdk.internal.org.objectweb.asm.SymbolTable::addType (81 bytes)
Event: 1.810 Thread 0x00000205ff73b800 2727       3       java.lang.Character::isJavaIdentifierPart (5 bytes)
Event: 1.810 Thread 0x00000205ff73b800 nmethod 2727 0x00000205e6def410 code [0x00000205e6def5c0, 0x00000205e6def818]
Event: 1.811 Thread 0x00000205ff72ed30 nmethod 2608 0x00000205ee4a4610 code [0x00000205ee4a48c0, 0x00000205ee4a8080]
Event: 1.812 Thread 0x00000205ff73b800 2728       3       java.lang.Package$VersionInfo::<init> (44 bytes)
Event: 1.812 Thread 0x00000205ff73b800 nmethod 2728 0x00000205e6def910 code [0x00000205e6defac0, 0x00000205e6defef8]
Event: 1.815 Thread 0x00000205ff73b800 2731       3       java.lang.invoke.LambdaForm$NamedFunction::<init> (15 bytes)
Event: 1.815 Thread 0x00000205ff73b800 nmethod 2731 0x00000205e6df0010 code [0x00000205e6df01c0, 0x00000205e6df03f8]
Event: 1.820 Thread 0x00000205c33f8950 nmethod 2726 0x00000205ee4aad90 code [0x00000205ee4aaf60, 0x00000205ee4abfb8]
Event: 1.823 Thread 0x00000205c33f8950 2732       4       java.util.zip.ZipUtils::get16 (21 bytes)
Event: 1.824 Thread 0x00000205c33f8950 nmethod 2732 0x00000205ee4ac710 code [0x00000205ee4ac880, 0x00000205ee4ac938]
Event: 1.824 Thread 0x00000205c33f8950 2733       4       java.util.concurrent.ConcurrentHashMap::get (162 bytes)
Event: 1.827 Thread 0x00000205c33f8950 nmethod 2733 0x00000205ee4aca10 code [0x00000205ee4acbc0, 0x00000205ee4acfc8]

GC Heap History (6 events):
Event: 0.494 GC heap before
{Heap before GC invocations=0 (full 0):
 garbage-first heap   total 253952K, used 20480K [0x0000000709a00000, 0x0000000800000000)
  region size 2048K, 11 young (22528K), 0 survivors (0K)
 Metaspace       used 3489K, committed 3712K, reserved 1114112K
  class space    used 402K, committed 512K, reserved 1048576K
}
Event: 0.497 GC heap after
{Heap after GC invocations=1 (full 0):
 garbage-first heap   total 253952K, used 6192K [0x0000000709a00000, 0x0000000800000000)
  region size 2048K, 2 young (4096K), 2 survivors (4096K)
 Metaspace       used 3489K, committed 3712K, reserved 1114112K
  class space    used 402K, committed 512K, reserved 1048576K
}
Event: 0.981 GC heap before
{Heap before GC invocations=1 (full 0):
 garbage-first heap   total 253952K, used 34864K [0x0000000709a00000, 0x0000000800000000)
  region size 2048K, 16 young (32768K), 2 survivors (4096K)
 Metaspace       used 9632K, committed 9920K, reserved 1114112K
  class space    used 1221K, committed 1344K, reserved 1048576K
}
Event: 0.984 GC heap after
{Heap after GC invocations=2 (full 0):
 garbage-first heap   total 253952K, used 8741K [0x0000000709a00000, 0x0000000800000000)
  region size 2048K, 2 young (4096K), 2 survivors (4096K)
 Metaspace       used 9632K, committed 9920K, reserved 1114112K
  class space    used 1221K, committed 1344K, reserved 1048576K
}
Event: 1.697 GC heap before
{Heap before GC invocations=2 (full 0):
 garbage-first heap   total 253952K, used 72229K [0x0000000709a00000, 0x0000000800000000)
  region size 2048K, 34 young (69632K), 2 survivors (4096K)
 Metaspace       used 21219K, committed 21504K, reserved 1114112K
  class space    used 2901K, committed 3008K, reserved 1048576K
}
Event: 1.701 GC heap after
{Heap after GC invocations=3 (full 0):
 garbage-first heap   total 253952K, used 11943K [0x0000000709a00000, 0x0000000800000000)
  region size 2048K, 3 young (6144K), 3 survivors (6144K)
 Metaspace       used 21219K, committed 21504K, reserved 1114112K
  class space    used 2901K, committed 3008K, reserved 1048576K
}

Dll operation events (9 events):
Event: 0.007 Loaded shared library C:\Users\Micro\.jdks\corretto-17.0.15\bin\java.dll
Event: 0.008 Loaded shared library C:\Users\Micro\.jdks\corretto-17.0.15\bin\zip.dll
Event: 0.017 Loaded shared library C:\Users\Micro\.jdks\corretto-17.0.15\bin\jsvml.dll
Event: 0.126 Loaded shared library C:\Users\Micro\.jdks\corretto-17.0.15\bin\instrument.dll
Event: 0.137 Loaded shared library C:\Users\Micro\.jdks\corretto-17.0.15\bin\net.dll
Event: 0.138 Loaded shared library C:\Users\Micro\.jdks\corretto-17.0.15\bin\nio.dll
Event: 0.142 Loaded shared library C:\Users\Micro\.jdks\corretto-17.0.15\bin\zip.dll
Event: 0.241 Loaded shared library C:\Users\Micro\.jdks\corretto-17.0.15\bin\jimage.dll
Event: 0.548 Loaded shared library C:\Users\Micro\.jdks\corretto-17.0.15\bin\verify.dll

Deoptimization events (20 events):
Event: 1.759 Thread 0x00000205ded2d7d0 DEOPT PACKING pc=0x00000205e6ba5124 sp=0x000000ba0e7fafd0
Event: 1.759 Thread 0x00000205ded2d7d0 DEOPT UNPACKING pc=0x00000205edde7143 sp=0x000000ba0e7fa4c0 mode 1
Event: 1.760 Thread 0x00000205ded2d7d0 DEOPT PACKING pc=0x00000205e69b15ec sp=0x000000ba0e7fa520
Event: 1.760 Thread 0x00000205ded2d7d0 DEOPT UNPACKING pc=0x00000205edde7143 sp=0x000000ba0e7f99b8 mode 1
Event: 1.760 Thread 0x00000205ded2d7d0 DEOPT PACKING pc=0x00000205e69b0adc sp=0x000000ba0e7fa5f0
Event: 1.760 Thread 0x00000205ded2d7d0 DEOPT UNPACKING pc=0x00000205edde7143 sp=0x000000ba0e7f9aa8 mode 1
Event: 1.760 Thread 0x00000205ded2d7d0 DEOPT PACKING pc=0x00000205e6ba5124 sp=0x000000ba0e7fafd0
Event: 1.760 Thread 0x00000205ded2d7d0 DEOPT UNPACKING pc=0x00000205edde7143 sp=0x000000ba0e7fa4c0 mode 1
Event: 1.793 Thread 0x00000205ded2d7d0 Uncommon trap: trap_request=0xffffff45 fr.pc=0x00000205ee45f648 relative=0x0000000000000128
Event: 1.793 Thread 0x00000205ded2d7d0 Uncommon trap: reason=unstable_if action=reinterpret pc=0x00000205ee45f648 method=java.util.Arrays.equals([Ljava/lang/Object;[Ljava/lang/Object;)Z @ 44 c2
Event: 1.793 Thread 0x00000205ded2d7d0 DEOPT PACKING pc=0x00000205ee45f648 sp=0x000000ba0e7f6b30
Event: 1.793 Thread 0x00000205ded2d7d0 DEOPT UNPACKING pc=0x00000205edde69a3 sp=0x000000ba0e7f6ac0 mode 2
Event: 1.805 Thread 0x00000205ded2d7d0 Uncommon trap: trap_request=0xffffffde fr.pc=0x00000205ee4853e4 relative=0x00000000000014c4
Event: 1.805 Thread 0x00000205ded2d7d0 Uncommon trap: reason=class_check action=maybe_recompile pc=0x00000205ee4853e4 method=java.util.zip.InflaterInputStream.read([BII)I @ 100 c2
Event: 1.805 Thread 0x00000205ded2d7d0 DEOPT PACKING pc=0x00000205ee4853e4 sp=0x000000ba0e7f72f0
Event: 1.805 Thread 0x00000205ded2d7d0 DEOPT UNPACKING pc=0x00000205edde69a3 sp=0x000000ba0e7f7350 mode 2
Event: 1.805 Thread 0x00000205ded2d7d0 Uncommon trap: trap_request=0xffffffde fr.pc=0x00000205ee4853e4 relative=0x00000000000014c4
Event: 1.805 Thread 0x00000205ded2d7d0 Uncommon trap: reason=class_check action=maybe_recompile pc=0x00000205ee4853e4 method=java.util.zip.InflaterInputStream.read([BII)I @ 100 c2
Event: 1.805 Thread 0x00000205ded2d7d0 DEOPT PACKING pc=0x00000205ee4853e4 sp=0x000000ba0e7f72f0
Event: 1.805 Thread 0x00000205ded2d7d0 DEOPT UNPACKING pc=0x00000205edde69a3 sp=0x000000ba0e7f7350 mode 2

Classes loaded (20 events):
Event: 1.828 Loading class com/fasterxml/jackson/annotation/JsonFormat$Value
Event: 1.828 Loading class com/fasterxml/jackson/annotation/JsonFormat$Value done
Event: 1.828 Loading class com/fasterxml/jackson/annotation/JsonFormat$Shape
Event: 1.828 Loading class com/fasterxml/jackson/annotation/JsonFormat$Shape done
Event: 1.829 Loading class com/fasterxml/jackson/annotation/JsonFormat$Features
Event: 1.829 Loading class com/fasterxml/jackson/annotation/JsonFormat$Features done
Event: 1.829 Loading class com/fasterxml/jackson/databind/cfg/ConfigOverride
Event: 1.829 Loading class com/fasterxml/jackson/databind/cfg/ConfigOverride done
Event: 1.829 Loading class com/fasterxml/jackson/databind/cfg/ConfigOverride$Empty
Event: 1.829 Loading class com/fasterxml/jackson/databind/cfg/ConfigOverride$Empty done
Event: 1.829 Loading class com/fasterxml/jackson/databind/MapperFeature
Event: 1.829 Loading class com/fasterxml/jackson/databind/MapperFeature done
Event: 1.829 Loading class com/fasterxml/jackson/databind/cfg/ConfigFeature
Event: 1.829 Loading class com/fasterxml/jackson/databind/cfg/ConfigFeature done
Event: 1.830 Loading class com/fasterxml/jackson/core/util/DefaultPrettyPrinter$FixedSpaceIndenter
Event: 1.830 Loading class com/fasterxml/jackson/core/util/DefaultPrettyPrinter$FixedSpaceIndenter done
Event: 1.830 Loading class com/fasterxml/jackson/core/util/DefaultPrettyPrinter$NopIndenter
Event: 1.830 Loading class com/fasterxml/jackson/core/util/DefaultPrettyPrinter$NopIndenter done
Event: 1.830 Loading class com/fasterxml/jackson/core/util/DefaultIndenter
Event: 1.830 Loading class com/fasterxml/jackson/core/util/DefaultIndenter done

Classes unloaded (0 events):
No events

Classes redefined (0 events):
No events

Internal exceptions (20 events):
Event: 1.474 Thread 0x00000205ded2d7d0 Exception <a 'java/lang/IncompatibleClassChangeError'{0x0000000716c1f638}: Found class java.lang.Object, but interface was expected> (0x0000000716c1f638) 
thrown [s\src\hotspot\share\interpreter\linkResolver.cpp, line 826]
Event: 1.675 Thread 0x00000205ded2d7d0 Exception <a 'java/lang/NoSuchMethodError'{0x000000071500bcb0}: 'java.lang.Object java.lang.invoke.DirectMethodHandle$Holder.invokeStaticInit(java.lang.Object, java.lang.Object, java.lang.Object, java.lang.Object, java.lang.Object, java.lang.Object, java.lang.Object)'> (0x000000071500bcb0) 
thrown [s\src\hotspot\share\interpreter\linkResolver.cpp, line 759]
Event: 1.678 Thread 0x00000205ded2d7d0 Exception <a 'java/lang/NoSuchMethodError'{0x000000071503dae0}: 'java.lang.Object java.lang.invoke.DirectMethodHandle$Holder.invokeSpecial(java.lang.Object, java.lang.Object, java.lang.Object, java.lang.Object, java.lang.Object, java.lang.Object, java.lang.Object, java.lang.Object, java.lang.Object, java.lang.Object, java.lang.Object, java.lang.Object, java.lang.Object, java.lang.Object)'> (0x000000071503dae0) 
thrown [s\src\hotspot\share\interpreter\linkResolver.cpp, line 759]
Event: 1.678 Thread 0x00000205ded2d7d0 Exception <a 'java/lang/NoSuchMethodError'{0x0000000715042fa8}: 'java.lang.Object java.lang.invoke.Invokers$Holder.invoker(java.lang.Object, java.lang.Object, java.lang.Object, java.lang.Object, java.lang.Object, java.lang.Object, java.lang.Object, java.lang.Object, java.lang.Object, java.lang.Object, java.lang.Object, java.lang.Object, java.lang.Object, java.lang.Object)'> (0x0000000715042fa8) 
thrown [s\src\hotspot\share\interpreter\linkResolver.cpp, line 759]
Event: 1.679 Thread 0x00000205ded2d7d0 Exception <a 'java/lang/NoSuchMethodError'{0x0000000715049168}: 'java.lang.Object java.lang.invoke.DirectMethodHandle$Holder.invokeSpecial(java.lang.Object, java.lang.Object, java.lang.Object, java.lang.Object, java.lang.Object, java.lang.Object, java.lang.Object, java.lang.Object, java.lang.Object, java.lang.Object, java.lang.Object, java.lang.Object, java.lang.Object, java.lang.Object, java.lang.Object)'> (0x0000000715049168) 
thrown [s\src\hotspot\share\interpreter\linkResolver.cpp, line 759]
Event: 1.681 Thread 0x00000205ded2d7d0 Exception <a 'java/lang/NoSuchMethodError'{0x000000071505b668}: 'int java.lang.invoke.DirectMethodHandle$Holder.invokeStaticInit(java.lang.Object, int, int)'> (0x000000071505b668) 
thrown [s\src\hotspot\share\interpreter\linkResolver.cpp, line 759]
Event: 1.682 Thread 0x00000205ded2d7d0 Exception <a 'java/lang/NoSuchMethodError'{0x0000000715063650}: 'int java.lang.invoke.DirectMethodHandle$Holder.invokeStaticInit(java.lang.Object, long, long)'> (0x0000000715063650) 
thrown [s\src\hotspot\share\interpreter\linkResolver.cpp, line 759]
Event: 1.683 Thread 0x00000205ded2d7d0 Exception <a 'java/lang/NoSuchMethodError'{0x000000071506ac98}: 'int java.lang.invoke.DirectMethodHandle$Holder.invokeStaticInit(java.lang.Object, float, float)'> (0x000000071506ac98) 
thrown [s\src\hotspot\share\interpreter\linkResolver.cpp, line 759]
Event: 1.684 Thread 0x00000205ded2d7d0 Exception <a 'java/lang/NoSuchMethodError'{0x00000007150722e8}: 'int java.lang.invoke.DirectMethodHandle$Holder.invokeStaticInit(java.lang.Object, double, double)'> (0x00000007150722e8) 
thrown [s\src\hotspot\share\interpreter\linkResolver.cpp, line 759]
Event: 1.684 Thread 0x00000205ded2d7d0 Exception <a 'java/lang/NoSuchMethodError'{0x0000000715076fd0}: 'int java.lang.invoke.DirectMethodHandle$Holder.invokeStatic(java.lang.Object, long)'> (0x0000000715076fd0) 
thrown [s\src\hotspot\share\interpreter\linkResolver.cpp, line 759]
Event: 1.687 Thread 0x00000205ded2d7d0 Exception <a 'java/lang/NoSuchMethodError'{0x000000071509c7d0}: 'int java.lang.invoke.DirectMethodHandle$Holder.invokeSpecial(java.lang.Object, java.lang.Object, int)'> (0x000000071509c7d0) 
thrown [s\src\hotspot\share\interpreter\linkResolver.cpp, line 759]
Event: 1.687 Thread 0x00000205ded2d7d0 Exception <a 'java/lang/NoSuchMethodError'{0x00000007150a4928}: 'int java.lang.invoke.Invokers$Holder.linkToTargetMethod(java.lang.Object, java.lang.Object)'> (0x00000007150a4928) 
thrown [s\src\hotspot\share\interpreter\linkResolver.cpp, line 759]
Event: 1.707 Thread 0x00000205ded2d7d0 Exception <a 'java/lang/NoSuchMethodError'{0x000000071903b220}: 'java.lang.Object java.lang.invoke.DirectMethodHandle$Holder.invokeSpecial(java.lang.Object, java.lang.Object, java.lang.Object, java.lang.Object, java.lang.Object, java.lang.Object, java.lang.Object, java.lang.Object, java.lang.Object, java.lang.Object)'> (0x000000071903b220) 
thrown [s\src\hotspot\share\interpreter\linkResolver.cpp, line 759]
Event: 1.708 Thread 0x00000205ded2d7d0 Exception <a 'java/lang/NoSuchMethodError'{0x0000000719040000}: 'java.lang.Object java.lang.invoke.Invokers$Holder.invoke_MT(java.lang.Object, java.lang.Object, java.lang.Object, java.lang.Object, java.lang.Object, java.lang.Object, java.lang.Object, java.lang.Object, java.lang.Object, java.lang.Object)'> (0x0000000719040000) 
thrown [s\src\hotspot\share\interpreter\linkResolver.cpp, line 759]
Event: 1.712 Thread 0x00000205ded2d7d0 Exception <a 'java/lang/NoSuchMethodError'{0x00000007190862a0}: 'java.lang.Object java.lang.invoke.DirectMethodHandle$Holder.invokeSpecial(java.lang.Object, java.lang.Object, int, java.lang.Object, java.lang.Object)'> (0x00000007190862a0) 
thrown [s\src\hotspot\share\interpreter\linkResolver.cpp, line 759]
Event: 1.712 Thread 0x00000205ded2d7d0 Exception <a 'java/lang/NoSuchMethodError'{0x000000071908a498}: 'java.lang.Object java.lang.invoke.DelegatingMethodHandle$Holder.delegate(java.lang.Object, int, java.lang.Object, java.lang.Object)'> (0x000000071908a498) 
thrown [s\src\hotspot\share\interpreter\linkResolver.cpp, line 759]
Event: 1.714 Thread 0x00000205ded2d7d0 Exception <a 'java/lang/NoSuchMethodError'{0x000000071909ca68}: 'int java.lang.invoke.Invokers$Holder.linkToTargetMethod(java.lang.Object, java.lang.Object, java.lang.Object)'> (0x000000071909ca68) 
thrown [s\src\hotspot\share\interpreter\linkResolver.cpp, line 759]
Event: 1.799 Thread 0x00000205ded2d7d0 Exception <a 'java/lang/reflect/InvocationTargetException'{0x000000070bdeae90}> (0x000000070bdeae90) 
thrown [s\src\hotspot\share\runtime\reflection.cpp, line 1128]
Event: 1.814 Thread 0x00000205ded2d7d0 Exception <a 'java/lang/NoSuchMethodError'{0x000000070ba1d9d8}: 'void java.lang.invoke.DirectMethodHandle$Holder.invokeStatic(java.lang.Object, long)'> (0x000000070ba1d9d8) 
thrown [s\src\hotspot\share\interpreter\linkResolver.cpp, line 759]
Event: 1.815 Thread 0x00000205ded2d7d0 Exception <a 'java/lang/NoSuchMethodError'{0x000000070ba23820}: 'java.lang.Object java.lang.invoke.DirectMethodHandle$Holder.newInvokeSpecial(java.lang.Object, long)'> (0x000000070ba23820) 
thrown [s\src\hotspot\share\interpreter\linkResolver.cpp, line 759]

VM Operations (20 events):
Event: 1.045 Executing VM operation: HandshakeAllThreads
Event: 1.045 Executing VM operation: HandshakeAllThreads done
Event: 1.398 Executing VM operation: ICBufferFull
Event: 1.398 Executing VM operation: ICBufferFull done
Event: 1.596 Executing VM operation: HandshakeAllThreads
Event: 1.596 Executing VM operation: HandshakeAllThreads done
Event: 1.628 Executing VM operation: HandshakeAllThreads
Event: 1.628 Executing VM operation: HandshakeAllThreads done
Event: 1.677 Executing VM operation: ICBufferFull
Event: 1.677 Executing VM operation: ICBufferFull done
Event: 1.697 Executing VM operation: CollectForMetadataAllocation
Event: 1.701 Executing VM operation: CollectForMetadataAllocation done
Event: 1.704 Executing VM operation: G1PauseRemark
Event: 1.705 Executing VM operation: G1PauseRemark done
Event: 1.706 Executing VM operation: G1PauseCleanup
Event: 1.706 Executing VM operation: G1PauseCleanup done
Event: 1.746 Executing VM operation: HandshakeAllThreads
Event: 1.746 Executing VM operation: HandshakeAllThreads done
Event: 1.809 Executing VM operation: HandshakeAllThreads
Event: 1.809 Executing VM operation: HandshakeAllThreads done

Memory protections (0 events):
No events

Nmethod flushes (0 events):
No events

Events (18 events):
Event: 0.017 Thread 0x00000205ded2d7d0 Thread added: 0x00000205ded2d7d0
Event: 0.020 Thread 0x00000205ded2d7d0 Thread added: 0x00000205ff715190
Event: 0.020 Thread 0x00000205ded2d7d0 Thread added: 0x00000205ff717b60
Event: 0.025 Thread 0x00000205ded2d7d0 Thread added: 0x00000205ff72c250
Event: 0.025 Thread 0x00000205ded2d7d0 Thread added: 0x00000205ff72cc10
Event: 0.025 Thread 0x00000205ded2d7d0 Thread added: 0x00000205ff72d5d0
Event: 0.025 Thread 0x00000205ded2d7d0 Thread added: 0x00000205ff72df90
Event: 0.025 Thread 0x00000205ded2d7d0 Thread added: 0x00000205ff72ed30
Event: 0.025 Thread 0x00000205ded2d7d0 Thread added: 0x00000205ff73b800
Event: 0.025 Thread 0x00000205ded2d7d0 Thread added: 0x00000205ff74c210
Event: 0.105 Thread 0x00000205ded2d7d0 Thread added: 0x00000205c3080dd0
Event: 0.118 Thread 0x00000205ded2d7d0 Thread added: 0x00000205c3300dd0
Event: 0.118 Thread 0x00000205ded2d7d0 Thread added: 0x00000205c33118d0
Event: 0.118 Thread 0x00000205c3300dd0 Thread added: 0x00000205c331b200
Event: 0.130 Thread 0x00000205ded2d7d0 Thread added: 0x00000205c334ad70
Event: 0.165 Thread 0x00000205ff73b800 Thread added: 0x00000205c33f8950
Event: 0.313 Thread 0x00000205ff73b800 Thread added: 0x00000205c3cf7130
Event: 1.473 Thread 0x00000205ded2d7d0 Thread added: 0x00000205c912a9b0


Dynamic libraries:
0x00007ff789b00000 - 0x00007ff789b0e000 	C:\Users\Micro\.jdks\corretto-17.0.15\bin\java.exe
0x00007ffb946a0000 - 0x00007ffb94906000 	C:\WINDOWS\SYSTEM32\ntdll.dll
0x00007ffb92460000 - 0x00007ffb92529000 	C:\WINDOWS\System32\KERNEL32.DLL
0x00007ffb91d20000 - 0x00007ffb920ec000 	C:\WINDOWS\System32\KERNELBASE.dll
0x00007ffb91b20000 - 0x00007ffb91c6b000 	C:\WINDOWS\System32\ucrtbase.dll
0x00007ffb79ca0000 - 0x00007ffb79cbb000 	C:\Users\Micro\.jdks\corretto-17.0.15\bin\VCRUNTIME140.dll
0x00007ffb7b620000 - 0x00007ffb7b637000 	C:\Users\Micro\.jdks\corretto-17.0.15\bin\jli.dll
0x00007ffb927b0000 - 0x00007ffb9297a000 	C:\WINDOWS\System32\USER32.dll
0x00007ffb80ad0000 - 0x00007ffb80d6a000 	C:\WINDOWS\WinSxS\amd64_microsoft.windows.common-controls_6595b64144ccf1df_6.0.26100.3912_none_3e07963ce335137e\COMCTL32.dll
0x00007ffb91830000 - 0x00007ffb91857000 	C:\WINDOWS\System32\win32u.dll
0x00007ffb93750000 - 0x00007ffb937f9000 	C:\WINDOWS\System32\msvcrt.dll
0x00007ffb92c20000 - 0x00007ffb92c4b000 	C:\WINDOWS\System32\GDI32.dll
0x00007ffb91860000 - 0x00007ffb91992000 	C:\WINDOWS\System32\gdi32full.dll
0x00007ffb91c70000 - 0x00007ffb91d13000 	C:\WINDOWS\System32\msvcp_win.dll
0x00007ffb92d30000 - 0x00007ffb92d60000 	C:\WINDOWS\System32\IMM32.DLL
0x00007ffb8e790000 - 0x00007ffb8e79c000 	C:\Users\Micro\.jdks\corretto-17.0.15\bin\vcruntime140_1.dll
0x00007ffb74510000 - 0x00007ffb7459d000 	C:\Users\Micro\.jdks\corretto-17.0.15\bin\msvcp140.dll
0x00007ffb4de50000 - 0x00007ffb4eabc000 	C:\Users\Micro\.jdks\corretto-17.0.15\bin\server\jvm.dll
0x00007ffb92c70000 - 0x00007ffb92d22000 	C:\WINDOWS\System32\ADVAPI32.dll
0x00007ffb92b70000 - 0x00007ffb92c16000 	C:\WINDOWS\System32\sechost.dll
0x00007ffb92d70000 - 0x00007ffb92e86000 	C:\WINDOWS\System32\RPCRT4.dll
0x00007ffb93fd0000 - 0x00007ffb94044000 	C:\WINDOWS\System32\WS2_32.dll
0x00007ffb91680000 - 0x00007ffb916de000 	C:\WINDOWS\SYSTEM32\POWRPROF.dll
0x00007ffb894d0000 - 0x00007ffb894db000 	C:\WINDOWS\SYSTEM32\VERSION.dll
0x00007ffb88f00000 - 0x00007ffb88f36000 	C:\WINDOWS\SYSTEM32\WINMM.dll
0x00007ffb91660000 - 0x00007ffb91674000 	C:\WINDOWS\SYSTEM32\UMPDC.dll
0x00007ffb905b0000 - 0x00007ffb905ca000 	C:\WINDOWS\SYSTEM32\kernel.appcore.dll
0x00007ffb8e5b0000 - 0x00007ffb8e5ba000 	C:\Users\Micro\.jdks\corretto-17.0.15\bin\jimage.dll
0x00007ffb8a350000 - 0x00007ffb8a591000 	C:\WINDOWS\SYSTEM32\DBGHELP.DLL
0x00007ffb94150000 - 0x00007ffb944d4000 	C:\WINDOWS\System32\combase.dll
0x00007ffb92fa0000 - 0x00007ffb93080000 	C:\WINDOWS\System32\OLEAUT32.dll
0x00007ffb7f5f0000 - 0x00007ffb7f629000 	C:\WINDOWS\SYSTEM32\dbgcore.DLL
0x00007ffb923c0000 - 0x00007ffb92459000 	C:\WINDOWS\System32\bcryptPrimitives.dll
0x00007ffb83fa0000 - 0x00007ffb83fdb000 	C:\Users\Micro\.jdks\corretto-17.0.15\bin\jdwp.dll
0x00007ffb8e830000 - 0x00007ffb8e83e000 	C:\Users\Micro\.jdks\corretto-17.0.15\bin\instrument.dll
0x00007ffb79b00000 - 0x00007ffb79b25000 	C:\Users\Micro\.jdks\corretto-17.0.15\bin\java.dll
0x00007ffb78640000 - 0x00007ffb78658000 	C:\Users\Micro\.jdks\corretto-17.0.15\bin\zip.dll
0x00007ffb4dd70000 - 0x00007ffb4de47000 	C:\Users\Micro\.jdks\corretto-17.0.15\bin\jsvml.dll
0x00007ffb938a0000 - 0x00007ffb93fcd000 	C:\WINDOWS\System32\SHELL32.dll
0x00007ffb920f0000 - 0x00007ffb92264000 	C:\WINDOWS\System32\wintypes.dll
0x00007ffb8f480000 - 0x00007ffb8fcd6000 	C:\WINDOWS\SYSTEM32\windows.storage.dll
0x00007ffb944e0000 - 0x00007ffb945cf000 	C:\WINDOWS\System32\SHCORE.dll
0x00007ffb93800000 - 0x00007ffb93869000 	C:\WINDOWS\System32\shlwapi.dll
0x00007ffb91740000 - 0x00007ffb9176f000 	C:\WINDOWS\SYSTEM32\profapi.dll
0x00007ffb8e820000 - 0x00007ffb8e82c000 	C:\Users\Micro\.jdks\corretto-17.0.15\bin\dt_socket.dll
0x00007ffb8ffd0000 - 0x00007ffb90003000 	C:\WINDOWS\SYSTEM32\IPHLPAPI.DLL
0x00007ffb90b00000 - 0x00007ffb90b6a000 	C:\WINDOWS\system32\mswsock.dll
0x00007ffb79ae0000 - 0x00007ffb79af9000 	C:\Users\Micro\.jdks\corretto-17.0.15\bin\net.dll
0x00007ffb8a5a0000 - 0x00007ffb8a6be000 	C:\WINDOWS\SYSTEM32\WINHTTP.dll
0x00007ffb79ac0000 - 0x00007ffb79ad6000 	C:\Users\Micro\.jdks\corretto-17.0.15\bin\nio.dll
0x00007ffb7eea0000 - 0x00007ffb7eeb0000 	C:\Users\Micro\.jdks\corretto-17.0.15\bin\verify.dll
0x00007ffb90ec0000 - 0x00007ffb90edc000 	C:\WINDOWS\SYSTEM32\CRYPTSP.dll
0x00007ffb90510000 - 0x00007ffb9054a000 	C:\WINDOWS\system32\rsaenh.dll
0x00007ffb90ba0000 - 0x00007ffb90bcb000 	C:\WINDOWS\SYSTEM32\USERENV.dll
0x00007ffb91710000 - 0x00007ffb91736000 	C:\WINDOWS\SYSTEM32\bcrypt.dll
0x00007ffb90d30000 - 0x00007ffb90d3c000 	C:\WINDOWS\SYSTEM32\CRYPTBASE.dll
0x00007ffb92b60000 - 0x00007ffb92b6a000 	C:\WINDOWS\System32\NSI.dll
0x00007ffb8b120000 - 0x00007ffb8b13f000 	C:\WINDOWS\SYSTEM32\dhcpcsvc6.DLL
0x00007ffb89d30000 - 0x00007ffb89d55000 	C:\WINDOWS\SYSTEM32\dhcpcsvc.DLL
0x00007ffb90010000 - 0x00007ffb90137000 	C:\WINDOWS\SYSTEM32\DNSAPI.dll

dbghelp: loaded successfully - version: 4.0.5 - missing functions: none
symbol engine: initialized successfully - sym options: 0x614 - pdb path: .;C:\Users\Micro\.jdks\corretto-17.0.15\bin;C:\WINDOWS\SYSTEM32;C:\WINDOWS\WinSxS\amd64_microsoft.windows.common-controls_6595b64144ccf1df_6.0.26100.3912_none_3e07963ce335137e;C:\Users\Micro\.jdks\corretto-17.0.15\bin\server

VM Arguments:
jvm_args: -agentlib:jdwp=transport=dt_socket,address=127.0.0.1:57898,suspend=y,server=n -ea -Didea.test.cyclic.buffer.size=1048576 -javaagent:C:\Users\Micro\AppData\Local\JetBrains\IdeaIC2023.3\captureAgent\debugger-agent.jar -Dfile.encoding=UTF-8 
java_command: com.intellij.rt.junit.JUnitStarter -ideVersion5 -junit5 com.br.api.favorites.bdd.CucumberIntegrationTest
java_class_path (initial): C:\Program Files\JetBrains\IntelliJ IDEA Community Edition 2023.3.3\lib\idea_rt.jar;C:\Program Files\JetBrains\IntelliJ IDEA Community Edition 2023.3.3\plugins\junit\lib\junit5-rt.jar;C:\Program Files\JetBrains\IntelliJ IDEA Community Edition 2023.3.3\plugins\junit\lib\junit-rt.jar;C:\Users\Micro\OneDrive\Área de Trabalho\GLORIADEUS\favorites_clean_refactored_final\target\test-classes;C:\Users\Micro\OneDrive\Área de Trabalho\GLORIADEUS\favorites_clean_refactored_final\target\classes;C:\Users\Micro\.m2\repository\org\springframework\boot\spring-boot-starter-data-mongodb\3.2.5\spring-boot-starter-data-mongodb-3.2.5.jar;C:\Users\Micro\.m2\repository\org\springframework\boot\spring-boot-starter\3.2.5\spring-boot-starter-3.2.5.jar;C:\Users\Micro\.m2\repository\org\springframework\boot\spring-boot\3.2.5\spring-boot-3.2.5.jar;C:\Users\Micro\.m2\repository\org\springframework\boot\spring-boot-starter-logging\3.2.5\spring-boot-starter-logging-3.2.5.jar;C:\Users\Micro\.m2\repository\ch\qos\logback\logback-classic\1.4.14\logback-classic-1.4.14.jar;C:\Users\Micro\.m2\repository\ch\qos\logback\logback-core\1.4.14\logback-core-1.4.14.jar;C:\Users\Micro\.m2\repository\org\apache\logging\log4j\log4j-to-slf4j\2.21.1\log4j-to-slf4j-2.21.1.jar;C:\Users\Micro\.m2\repository\org\apache\logging\log4j\log4j-api\2.21.1\log4j-api-2.21.1.jar;C:\Users\Micro\.m2\repository\org\slf4j\jul-to-slf4j\2.0.13\jul-to-slf4j-2.0.13.jar;C:\Users\Micro\.m2\repository\jakarta\annotation\jakarta.annotation-api\2.1.1\jakarta.annotation-api-2.1.1.jar;C:\Users\Micro\.m2\repository\org\yaml\snakeyaml\2.2\snakeyaml-2.2.jar;C:\Users\Micro\.m2\repository\org\mongodb\mongodb-driver-sync\4.11.2\mongodb-driver-sync-4.11.2.jar;C:\Users\Micro\.m2\repository\org\mongodb\bson\4.11.2\bson-4.11.2.jar;C:\Users\Micro\.m2\repository\org\mongodb\mongodb-driver-core\4.11.2\mongodb-driver-core-4.11.2.jar;C:\Users\Micro\.m2\repository\org\mongodb\bson-record-codec\4.11.2\bson-record-codec-4.11.2.jar;C
Launcher Type: SUN_STANDARD

[Global flags]
     intx CICompilerCount                          = 4                                         {product} {ergonomic}
     uint ConcGCThreads                            = 3                                         {product} {ergonomic}
     uint G1ConcRefinementThreads                  = 10                                        {product} {ergonomic}
   size_t G1HeapRegionSize                         = 2097152                                   {product} {ergonomic}
    uintx GCDrainStackTargetSize                   = 64                                        {product} {ergonomic}
   size_t InitialHeapSize                          = 260046848                                 {product} {ergonomic}
   size_t MarkStackSize                            = 4194304                                   {product} {ergonomic}
   size_t MaxHeapSize                              = 4133486592                                {product} {ergonomic}
   size_t MaxNewSize                               = 2478833664                                {product} {ergonomic}
   size_t MinHeapDeltaBytes                        = 2097152                                   {product} {ergonomic}
   size_t MinHeapSize                              = 8388608                                   {product} {ergonomic}
    uintx NonNMethodCodeHeapSize                   = 5839372                                {pd product} {ergonomic}
    uintx NonProfiledCodeHeapSize                  = 122909434                              {pd product} {ergonomic}
    uintx ProfiledCodeHeapSize                     = 122909434                              {pd product} {ergonomic}
    uintx ReservedCodeCacheSize                    = 251658240                              {pd product} {ergonomic}
     bool SegmentedCodeCache                       = true                                      {product} {ergonomic}
   size_t SoftMaxHeapSize                          = 4133486592                             {manageable} {ergonomic}
     bool UseCompressedClassPointers               = true                           {product lp64_product} {ergonomic}
     bool UseCompressedOops                        = true                           {product lp64_product} {ergonomic}
     bool UseG1GC                                  = true                                      {product} {ergonomic}
     bool UseLargePagesIndividualAllocation        = false                                  {pd product} {ergonomic}

Logging:
Log output configuration:
 #0: stdout all=warning uptime,level,tags
 #1: stderr all=off uptime,level,tags

Environment Variables:
JAVA_HOME=C:\Program Files\Java\jdk-11
PATH=C:\Program Files\Common Files\Oracle\Java\javapath;C:\WINDOWS\system32;C:\WINDOWS;C:\WINDOWS\System32\Wbem;C:\WINDOWS\System32\WindowsPowerShell\v1.0\;C:\WINDOWS\System32\OpenSSH\;%JAVA_HOME%\bin;C:\Program Files\Go\bin;C:\Users\Micro\apache-maven-3.9.6\bin;C:\Program Files\Docker\Docker\resources\bin;C:\Program Files\Git\cmd;C:\Users\Micro\AppData\Local\Microsoft\WindowsApps;C:\Users\Micro\AppData\Local\Programs\Microsoft VS Code\bin;C:\Users\Micro\go\bin;C:\Program Files\nodejs\;C:\Program Files\WireGuard\;C:\WINDOWS\system32;C:\WINDOWS;C:\WINDOWS\System32\Wbem;C:\WINDOWS\System32\WindowsPowerShell\v1.0\;C:\WINDOWS\System32\OpenSSH\;C:\dev\flutter\bin;C:\mongodb-database-tools-windows-x86_64-100.12.0\bin;C:\Users\Micro\AppData\Local\Microsoft\WindowsApps;C:\Users\Micro\AppData\Local\Programs\Microsoft VS Code\bin;C:\Users\Micro\apache-maven-3.9.6\bin;C:\Users\Micro\go\bin;C:\Users\Micro\AppData\Roaming\npm;
USERNAME=Micro
OS=Windows_NT
PROCESSOR_IDENTIFIER=AMD64 Family 25 Model 80 Stepping 0, AuthenticAMD
TMP=C:\Users\Micro\AppData\Local\Temp
TEMP=C:\Users\Micro\AppData\Local\Temp



Periodic native trim disabled


---------------  S Y S T E M  ---------------

OS:
 Windows 11 , 64 bit Build 26100 (10.0.26100.3912)
OS uptime: 0 days 11:03 hours
Hyper-V role detected

CPU: total 12 (initial active 12) (12 cores per cpu, 2 threads per core) family 25 model 80 stepping 0 microcode 0xa50000d, cx8, cmov, fxsr, ht, mmx, 3dnowpref, sse, sse2, sse3, ssse3, sse4a, sse4.1, sse4.2, popcnt, lzcnt, tsc, tscinvbit, avx, avx2, aes, erms, clmul, bmi1, bmi2, adx, sha, fma, vzeroupper, clflush, clflushopt, hv
Processor Information for all 12 processors :
  Max Mhz: 3901, Current Mhz: 3901, Mhz Limit: 3901

Memory: 4k page, system-wide physical 15762M (5642M free)
TotalPageFile size 23442M (AvailPageFile size 9066M)
current process WorkingSet (physical memory assigned to process): 177M, peak: 212M
current process commit charge ("private bytes"): 237M, peak: 427M

vm_info: OpenJDK 64-Bit Server VM (17.0.15+6-LTS) for windows-amd64 JRE (17.0.15+6-LTS), built on Apr  9 2025 23:33:55 by "Administrator" with MS VC++ 16.10 / 16.11 (VS2019)

END.
