#
# A fatal error has been detected by the Java Runtime Environment:
#
#  EXCEPTION_ACCESS_VIOLATION (0xc0000005) at pc=0x00007ffc3e04318d, pid=18400, tid=3412
#
# JRE version: OpenJDK Runtime Environment Corretto-17.0.15.6.1 (17.0.15+6) (build 17.0.15+6-LTS)
# Java VM: OpenJDK 64-Bit Server VM Corretto-17.0.15.6.1 (17.0.15+6-LTS, mixed mode, sharing, tiered, compressed oops, compressed class ptrs, g1 gc, windows-amd64)
# Problematic frame:
# V  [jvm.dll+0x33318d]
#
# No core dump will be written. Minidumps are not enabled by default on client versions of Windows
#
# If you would like to submit a bug report, please visit:
#   https://github.com/corretto/corretto-17/issues/
#

---------------  S U M M A R Y ------------

Command Line: -agentlib:jdwp=transport=dt_socket,address=127.0.0.1:56159,suspend=y,server=n -javaagent:C:\Users\Micro\AppData\Local\JetBrains\IdeaIC2023.3\captureAgent\debugger-agent.jar -Dfile.encoding=UTF-8 com.br.api.favorites.FavoritesApplication

Host: AMD Ryzen 5 5600G with Radeon Graphics         , 12 cores, 15G,  Windows 11 , 64 bit Build 26100 (10.0.26100.3912)
Time: Fri May 30 22:13:52 2025 Hora oficial do Brasil elapsed time: 1.017688 seconds (0d 0h 0m 1s)

---------------  T H R E A D  ---------------

Current thread (0x000001cc18b69be0):  JavaThread "C2 CompilerThread0" daemon [_thread_in_native, id=3412, stack(0x000000c127b00000,0x000000c127c00000)]


Current CompileTask:
C2:   1017 1881       4       jdk.internal.org.objectweb.asm.Frame::execute (2305 bytes)

Stack: [0x000000c127b00000,0x000000c127c00000],  sp=0x000000c127bfba30,  free space=1006k
Native frames: (J=compiled Java code, j=interpreted, Vv=VM code, C=native code)
V  [jvm.dll+0x33318d]
V  [jvm.dll+0x334336]
V  [jvm.dll+0x331bca]
V  [jvm.dll+0x33127a]
V  [jvm.dll+0x21a8c1]
V  [jvm.dll+0x219d01]
V  [jvm.dll+0x1a59fd]
V  [jvm.dll+0x229a5d]
V  [jvm.dll+0x227bec]
V  [jvm.dll+0x7eda37]
V  [jvm.dll+0x7e7f8c]
V  [jvm.dll+0x680017]
C  [ucrtbase.dll+0x37b0]
C  [KERNEL32.DLL+0x2e8d7]
C  [ntdll.dll+0x9c5dc]


siginfo: EXCEPTION_ACCESS_VIOLATION (0xc0000005), reading address 0xffffffffffffffff


Registers:
RAX=0x000001cc5f5dace8, RBX=0x000201cc60e5a098, RCX=0x000001cc601c4560, RDX=0x00000000000019f5
RSP=0x000000c127bfba30, RBP=0x0000000000000380, RSI=0x0000000000000000, RDI=0x0000000000000001
R8 =0x000000c127bfbb78, R9 =0x00007ffc3e82e2e0, R10=0x000001cc5e6e8290, R11=0x000001cc5e6e8450
R12=0x000001cc60e5ef00, R13=0x000001cc60e5fb60, R14=0x000001cc60e5ef38, R15=0x000000c127bfba90
RIP=0x00007ffc3e04318d, EFLAGS=0x0000000000010202

XMM[0]=0x0000000000000000 0x0000000000000000
XMM[1]=0x000001cc60656f00 0x000001cc5f5daa28
XMM[2]=0x000001cc60e5ec38 0x000001cc60e5aa58
XMM[3]=0x000001cc6065a920 0x000001cc6065a5f0
XMM[4]=0x000001cc5f0732c8 0x000001cc5f073118
XMM[5]=0x000001cc60e59e00 0x000001cc60e5f870
XMM[6]=0x0000000000000000 0x0000000000000000
XMM[7]=0x0000000000000000 0x0000000000000000
XMM[8]=0x0000000000000000 0x0000000000000000
XMM[9]=0x0000000000000000 0x0000000000000000
XMM[10]=0x0000000000000000 0x0000000000000000
XMM[11]=0x0000000000000000 0x0000000000000000
XMM[12]=0x0000000000000000 0x0000000000000000
XMM[13]=0x0000000000000000 0x0000000000000000
XMM[14]=0x0000000000000000 0x0000000000000000
XMM[15]=0x0000000000000000 0x0000000000000000
  MXCSR=0x00001fa0


Register to memory mapping:

RIP=0x00007ffc3e04318d jvm.dll
RAX=0x000001cc5f5dace8 points into unknown readable memory: 0x00007ffc3e631540 | 40 15 63 3e fc 7f 00 00
RBX=0x000201cc60e5a098 is an unknown value
RCX=0x000001cc601c4560 points into unknown readable memory: 0x000001cc607eda60 | 60 da 7e 60 cc 01 00 00
RDX=0x00000000000019f5 is an unknown value
RSP=0x000000c127bfba30 is pointing into the stack for thread: 0x000001cc18b69be0
RBP=0x0000000000000380 is an unknown value
RSI=0x0 is NULL
RDI=0x0000000000000001 is an unknown value
R8 =0x000000c127bfbb78 is pointing into the stack for thread: 0x000001cc18b69be0
R9 =0x00007ffc3e82e2e0 jvm.dll
R10=0x000001cc5e6e8290 points into unknown readable memory: 0x000001cc5f5dab88 | 88 ab 5d 5f cc 01 00 00
R11=0x000001cc5e6e8450 points into unknown readable memory: 0x000001cc60e59e00 | 00 9e e5 60 cc 01 00 00
R12=0x000001cc60e5ef00 points into unknown readable memory: 0x0000000000000040 | 40 00 00 00 00 00 00 00
R13=0x000001cc60e5fb60 points into unknown readable memory: 0x00007ffc3e5d8bd0 | d0 8b 5d 3e fc 7f 00 00
R14=0x000001cc60e5ef38 points into unknown readable memory: 0x00007ffc3e5c9d08 | 08 9d 5c 3e fc 7f 00 00
R15=0x000000c127bfba90 is pointing into the stack for thread: 0x000001cc18b69be0


Top of Stack: (sp=0x000000c127bfba30)
0x000000c127bfba30:   000001cc60e5fb60 000001cc60e5fb60
0x000000c127bfba40:   000000c127bfbfb0 000001cc60e5fb60
0x000000c127bfba50:   000001cc60e5fb60 000001cc601c4560
0x000000c127bfba60:   000000c127bfbfb0 00007ffc3e044336
0x000000c127bfba70:   000001cc5f5dabf8 000001cc60e5fcc8
0x000000c127bfba80:   000001cc5f5dace8 000001cc60e5fc01
0x000000c127bfba90:   000000c127bfbb78 000000c127bfbb58
0x000000c127bfbaa0:   000000c127bfbfb0 000001cc18b60d20
0x000000c127bfbab0:   000001cc18b60d20 0000000000000000
0x000000c127bfbac0:   000000c127bfbfb0 00000000000021b5
0x000000c127bfbad0:   000000c127bfbbe0 00007ffc3e041bca
0x000000c127bfbae0:   000001cc5e6f0ef0 000001cc5e6f8cc8
0x000000c127bfbaf0:   000001cc601189e0 0000000000000000
0x000000c127bfbb00:   0000000000000000 000000000001e890
0x000000c127bfbb10:   000001cc72590000 0000000000001e89
0x000000c127bfbb20:   0000000000000000 0000000000000000
0x000000c127bfbb30:   000001cc72590000 0000000000000002
0x000000c127bfbb40:   000000000001e880 00000000000001da
0x000000c127bfbb50:   0000000000000000 000001cc5f475ae0
0x000000c127bfbb60:   000001cc5f480050 000001cc5f475a20
0x000000c127bfbb70:   000001cc18b60d20 000001cc00000200
0x000000c127bfbb80:   000001cc5e6d8d20 0000000000000200
0x000000c127bfbb90:   000001cc18b60d20 000001cc5e6f0ce0
0x000000c127bfbba0:   00000000001f6248 0000000000000001
0x000000c127bfbbb0:   0000000000000000 0000000000000000
0x000000c127bfbbc0:   0000000000000000 0000000000000000
0x000000c127bfbbd0:   0000000000000000 0000000000000000
0x000000c127bfbbe0:   0000000000000000 000001cc5eb40180
0x000000c127bfbbf0:   000001cc5f424710 0000000000000d54
0x000000c127bfbc00:   0000000000007fe8 00007ffc99fa18fd
0x000000c127bfbc10:   000000c127bfbcc0 000000c127bfbc60
0x000000c127bfbc20:   3fc9b29800000000 00000000000001f0 

Instructions: (pc=0x00007ffc3e04318d)
0x00007ffc3e04308d:   48 8b 6c 24 48 48 8b 74 24 50 48 83 c4 20 41 5f
0x00007ffc3e04309d:   41 5e 5f e9 0b 18 00 00 cc cc cc cc cc cc cc cc
0x00007ffc3e0430ad:   cc cc cc 41 57 48 83 ec 30 48 8b 51 08 4c 8b f9
0x00007ffc3e0430bd:   4c 8b 02 49 8b c0 48 2b 42 10 48 83 c0 10 48 c1
0x00007ffc3e0430cd:   e8 04 85 c0 75 09 33 c0 48 83 c4 30 41 5f c3 48
0x00007ffc3e0430dd:   89 5c 24 40 49 8d 40 f0 48 89 6c 24 48 48 89 74
0x00007ffc3e0430ed:   24 50 48 89 7c 24 58 4c 89 64 24 28 4d 8b 20 4c
0x00007ffc3e0430fd:   89 74 24 20 4d 8b f4 49 83 e6 fe 41 80 e4 01 41
0x00007ffc3e04310d:   8b 7e 20 41 39 78 08 41 0f 42 78 08 48 89 02 0f
0x00007ffc3e04311d:   1f 40 00 41 8b 76 28 8b de 49 8b 2f c1 eb 05 3b
0x00007ffc3e04312d:   5d 00 72 0a 8b d3 48 8b cd e8 a5 ee 4e 00 48 8b
0x00007ffc3e04313d:   45 08 83 e6 1f 48 8d 14 98 8b 04 98 0f ab f0 89
0x00007ffc3e04314d:   02 41 8b 46 2c 24 0f 3c 08 75 09 49 8b 46 08 48
0x00007ffc3e04315d:   8b 08 eb 03 49 8b ce 49 8b 47 10 33 f6 8b 51 28
0x00007ffc3e04316d:   48 8b 48 78 48 8b 04 d1 8b 68 68 85 ff 0f 84 b2
0x00007ffc3e04317d:   00 00 00 49 8b 5e 10 ff cf 4d 8b 07 48 8b 1c fb
0x00007ffc3e04318d:   8b 4b 28 8b c1 c1 e8 05 41 3b 00 73 11 8b d0 83
0x00007ffc3e04319d:   e1 1f 49 8b 40 08 8b 04 90 0f a3 c8 72 47 8b 43
0x00007ffc3e0431ad:   2c 24 0f 3c 08 75 09 48 8b 43 08 4c 8b 00 eb 03
0x00007ffc3e0431bd:   4c 8b c3 49 8b 47 10 41 8b 50 28 48 8b 48 78 48
0x00007ffc3e0431cd:   8b 04 d1 39 68 68 72 1d 75 0b 41 8b 40 2c 83 e0
0x00007ffc3e0431dd:   0f 3c 0c 74 10 48 8b cb 48 8b f3 e8 83 c5 32 00
0x00007ffc3e0431ed:   41 3a c4 74 04 85 ff 75 8a 48 85 f6 74 37 49 8b
0x00007ffc3e0431fd:   5f 08 48 83 03 10 48 8b 0b 48 3b 4b 08 72 0b 48
0x00007ffc3e04320d:   8b cb e8 ac b5 32 00 48 8b 0b 41 0f b6 c4 49 0b
0x00007ffc3e04321d:   c6 89 79 08 48 89 01 4c 8b f6 8b 7e 20 45 32 e4
0x00007ffc3e04322d:   e9 ee fe ff ff 45 84 e4 75 0c 41 8b 7e 20 41 b4
0x00007ffc3e04323d:   01 e9 dd fe ff ff 4c 8b 64 24 28 49 8b c6 4c 8b
0x00007ffc3e04324d:   74 24 20 48 8b 7c 24 58 48 8b 74 24 50 48 8b 6c
0x00007ffc3e04325d:   24 48 48 8b 5c 24 40 48 83 c4 30 41 5f c3 cc cc
0x00007ffc3e04326d:   cc cc cc 48 89 5c 24 08 48 89 74 24 10 57 48 83
0x00007ffc3e04327d:   ec 20 8b 59 28 48 8b f9 ff cb 3b 59 18 73 0a 48 


Stack slot to memory mapping:
stack at sp + 0 slots: 0x000001cc60e5fb60 points into unknown readable memory: 0x00007ffc3e5d8bd0 | d0 8b 5d 3e fc 7f 00 00
stack at sp + 1 slots: 0x000001cc60e5fb60 points into unknown readable memory: 0x00007ffc3e5d8bd0 | d0 8b 5d 3e fc 7f 00 00
stack at sp + 2 slots: 0x000000c127bfbfb0 is pointing into the stack for thread: 0x000001cc18b69be0
stack at sp + 3 slots: 0x000001cc60e5fb60 points into unknown readable memory: 0x00007ffc3e5d8bd0 | d0 8b 5d 3e fc 7f 00 00
stack at sp + 4 slots: 0x000001cc60e5fb60 points into unknown readable memory: 0x00007ffc3e5d8bd0 | d0 8b 5d 3e fc 7f 00 00
stack at sp + 5 slots: 0x000001cc601c4560 points into unknown readable memory: 0x000001cc607eda60 | 60 da 7e 60 cc 01 00 00
stack at sp + 6 slots: 0x000000c127bfbfb0 is pointing into the stack for thread: 0x000001cc18b69be0
stack at sp + 7 slots: 0x00007ffc3e044336 jvm.dll


---------------  P R O C E S S  ---------------

Threads class SMR info:
_java_thread_list=0x000001cc6032b780, length=18, elements={
0x000001cc74913b50, 0x000001cc18b4ca70, 0x000001cc18b4dfa0, 0x000001cc18b61360,
0x000001cc18b61c30, 0x000001cc18b67180, 0x000001cc18b686b0, 0x000001cc18b69be0,
0x000001cc18b6b150, 0x000001cc18b84000, 0x000001cc18c8d750, 0x000001cc18cf7480,
0x000001cc18c8dc60, 0x000001cc18c8b3e0, 0x000001cc18c8e170, 0x000001cc18e084d0,
0x000001cc5f58a230, 0x000001cc18c8e680
}

Java Threads: ( => current thread )
  0x000001cc74913b50 JavaThread "main" [_thread_in_Java, id=16388, stack(0x000000c126e00000,0x000000c126f00000)]
  0x000001cc18b4ca70 JavaThread "Reference Handler" daemon [_thread_blocked, id=4056, stack(0x000000c127500000,0x000000c127600000)]
  0x000001cc18b4dfa0 JavaThread "Finalizer" daemon [_thread_blocked, id=6408, stack(0x000000c127600000,0x000000c127700000)]
  0x000001cc18b61360 JavaThread "Signal Dispatcher" daemon [_thread_blocked, id=15172, stack(0x000000c127700000,0x000000c127800000)]
  0x000001cc18b61c30 JavaThread "Attach Listener" daemon [_thread_blocked, id=17236, stack(0x000000c127800000,0x000000c127900000)]
  0x000001cc18b67180 JavaThread "Service Thread" daemon [_thread_blocked, id=16728, stack(0x000000c127900000,0x000000c127a00000)]
  0x000001cc18b686b0 JavaThread "Monitor Deflation Thread" daemon [_thread_blocked, id=13100, stack(0x000000c127a00000,0x000000c127b00000)]
=>0x000001cc18b69be0 JavaThread "C2 CompilerThread0" daemon [_thread_in_native, id=3412, stack(0x000000c127b00000,0x000000c127c00000)]
  0x000001cc18b6b150 JavaThread "C1 CompilerThread0" daemon [_thread_in_native, id=16672, stack(0x000000c127c00000,0x000000c127d00000)]
  0x000001cc18b84000 JavaThread "Sweeper thread" daemon [_thread_blocked, id=10892, stack(0x000000c127d00000,0x000000c127e00000)]
  0x000001cc18c8d750 JavaThread "Common-Cleaner" daemon [_thread_blocked, id=16324, stack(0x000000c127e00000,0x000000c127f00000)]
  0x000001cc18cf7480 JavaThread "JDWP Transport Listener: dt_socket" daemon [_thread_blocked, id=15524, stack(0x000000c127f00000,0x000000c128000000)]
  0x000001cc18c8dc60 JavaThread "JDWP Event Helper Thread" daemon [_thread_blocked, id=18180, stack(0x000000c128000000,0x000000c128100000)]
  0x000001cc18c8b3e0 JavaThread "JDWP Command Reader" daemon [_thread_in_native, id=11680, stack(0x000000c128100000,0x000000c128200000)]
  0x000001cc18c8e170 JavaThread "Notification Thread" daemon [_thread_blocked, id=11004, stack(0x000000c128200000,0x000000c128300000)]
  0x000001cc18e084d0 JavaThread "C2 CompilerThread1" daemon [_thread_in_native, id=16232, stack(0x000000c128400000,0x000000c128500000)]
  0x000001cc5f58a230 JavaThread "C2 CompilerThread2" daemon [_thread_in_native, id=17420, stack(0x000000c128e00000,0x000000c128f00000)]
  0x000001cc18c8e680 JavaThread "background-preinit" [_thread_in_native, id=13724, stack(0x000000c128f00000,0x000000c129000000)]

Other Threads:
  0x000001cc18b43ab0 VMThread "VM Thread" [stack: 0x000000c127400000,0x000000c127500000] [id=16904]
  0x000001cc18d06240 WatcherThread [stack: 0x000000c128300000,0x000000c128400000] [id=16836]
  0x000001cc749833d0 GCTaskThread "GC Thread#0" [stack: 0x000000c126f00000,0x000000c127000000] [id=13984]
  0x000001cc5e9aa160 GCTaskThread "GC Thread#1" [stack: 0x000000c128500000,0x000000c128600000] [id=10648]
  0x000001cc5e9aac40 GCTaskThread "GC Thread#2" [stack: 0x000000c128600000,0x000000c128700000] [id=6220]
  0x000001cc5e9ab300 GCTaskThread "GC Thread#3" [stack: 0x000000c128700000,0x000000c128800000] [id=11708]
  0x000001cc5e9ca0b0 GCTaskThread "GC Thread#4" [stack: 0x000000c128800000,0x000000c128900000] [id=2076]
  0x000001cc5e8aa1b0 GCTaskThread "GC Thread#5" [stack: 0x000000c128900000,0x000000c128a00000] [id=7160]
  0x000001cc5e8aa470 GCTaskThread "GC Thread#6" [stack: 0x000000c128a00000,0x000000c128b00000] [id=14572]
  0x000001cc5e8aa730 GCTaskThread "GC Thread#7" [stack: 0x000000c128b00000,0x000000c128c00000] [id=684]
  0x000001cc5e8aa9f0 GCTaskThread "GC Thread#8" [stack: 0x000000c128c00000,0x000000c128d00000] [id=6640]
  0x000001cc5e8aecc0 GCTaskThread "GC Thread#9" [stack: 0x000000c128d00000,0x000000c128e00000] [id=16020]
  0x000001cc74996550 ConcurrentGCThread "G1 Main Marker" [stack: 0x000000c127000000,0x000000c127100000] [id=17372]
  0x000001cc74998620 ConcurrentGCThread "G1 Conc#0" [stack: 0x000000c127100000,0x000000c127200000] [id=7876]
  0x000001cc7ea2b080 ConcurrentGCThread "G1 Refine#0" [stack: 0x000000c127200000,0x000000c127300000] [id=1760]
  0x000001cc7ea2b9b0 ConcurrentGCThread "G1 Service" [stack: 0x000000c127300000,0x000000c127400000] [id=7172]

Threads with active compile tasks:
C2 CompilerThread0     1058 1881       4       jdk.internal.org.objectweb.asm.Frame::execute (2305 bytes)
C1 CompilerThread0     1058 2020       3       java.util.HashMap::put (13 bytes)
C2 CompilerThread1     1058 1899       4       sun.reflect.generics.parser.SignatureParser::skipIdentifier (67 bytes)
C2 CompilerThread2     1058 1822       4       java.lang.invoke.MethodType::makeImpl (109 bytes)

VM state: not at safepoint (normal execution)

VM Mutex/Monitor currently owned by a thread: None

Heap address: 0x0000000709a00000, size: 3942 MB, Compressed Oops mode: Zero based, Oop shift amount: 3

CDS archive(s) mapped at: [0x000001cc19000000-0x000001cc19bb0000-0x000001cc19bb0000), size 12255232, SharedBaseAddress: 0x000001cc19000000, ArchiveRelocationMode: 1.
Compressed class space mapped at: 0x000001cc1a000000-0x000001cc5a000000, reserved size: 1073741824
Narrow klass base: 0x000001cc19000000, Narrow klass shift: 0, Narrow klass range: 0x100000000

GC Precious Log:
 CPUs: 12 total, 12 available
 Memory: 15762M
 Large Page Support: Disabled
 NUMA Support: Disabled
 Compressed Oops: Enabled (Zero based)
 Heap Region Size: 2M
 Heap Min Capacity: 8M
 Heap Initial Capacity: 248M
 Heap Max Capacity: 3942M
 Pre-touch: Disabled
 Parallel Workers: 10
 Concurrent Workers: 3
 Concurrent Refinement Workers: 10
 Periodic GC: Disabled

Heap:
 garbage-first heap   total 253952K, used 27997K [0x0000000709a00000, 0x0000000800000000)
  region size 2048K, 12 young (24576K), 1 survivors (2048K)
 Metaspace       used 14154K, committed 14528K, reserved 1114112K
  class space    used 1947K, committed 2112K, reserved 1048576K

Heap Regions: E=young(eden), S=young(survivor), O=old, HS=humongous(starts), HC=humongous(continues), CS=collection set, F=free, OA=open archive, CA=closed archive, TAMS=top-at-mark-start (previous, next)
|   0|0x0000000709a00000, 0x0000000709c00000, 0x0000000709c00000|100%| O|  |TAMS 0x0000000709a00000, 0x0000000709a00000| Untracked 
|   1|0x0000000709c00000, 0x0000000709e00000, 0x0000000709e00000|100%| O|  |TAMS 0x0000000709c00000, 0x0000000709c00000| Untracked 
|   2|0x0000000709e00000, 0x0000000709f57600, 0x000000070a000000| 67%| O|  |TAMS 0x0000000709e00000, 0x0000000709e00000| Untracked 
|   3|0x000000070a000000, 0x000000070a000000, 0x000000070a200000|  0%| F|  |TAMS 0x000000070a000000, 0x000000070a000000| Untracked 
|   4|0x000000070a200000, 0x000000070a200000, 0x000000070a400000|  0%| F|  |TAMS 0x000000070a200000, 0x000000070a200000| Untracked 
|   5|0x000000070a400000, 0x000000070a400000, 0x000000070a600000|  0%| F|  |TAMS 0x000000070a400000, 0x000000070a400000| Untracked 
|   6|0x000000070a600000, 0x000000070a600000, 0x000000070a800000|  0%| F|  |TAMS 0x000000070a600000, 0x000000070a600000| Untracked 
|   7|0x000000070a800000, 0x000000070a800000, 0x000000070aa00000|  0%| F|  |TAMS 0x000000070a800000, 0x000000070a800000| Untracked 
|   8|0x000000070aa00000, 0x000000070aa00000, 0x000000070ac00000|  0%| F|  |TAMS 0x000000070aa00000, 0x000000070aa00000| Untracked 
|   9|0x000000070ac00000, 0x000000070ac00000, 0x000000070ae00000|  0%| F|  |TAMS 0x000000070ac00000, 0x000000070ac00000| Untracked 
|  10|0x000000070ae00000, 0x000000070ae00000, 0x000000070b000000|  0%| F|  |TAMS 0x000000070ae00000, 0x000000070ae00000| Untracked 
|  11|0x000000070b000000, 0x000000070b000000, 0x000000070b200000|  0%| F|  |TAMS 0x000000070b000000, 0x000000070b000000| Untracked 
|  12|0x000000070b200000, 0x000000070b200000, 0x000000070b400000|  0%| F|  |TAMS 0x000000070b200000, 0x000000070b200000| Untracked 
|  13|0x000000070b400000, 0x000000070b400000, 0x000000070b600000|  0%| F|  |TAMS 0x000000070b400000, 0x000000070b400000| Untracked 
|  14|0x000000070b600000, 0x000000070b600000, 0x000000070b800000|  0%| F|  |TAMS 0x000000070b600000, 0x000000070b600000| Untracked 
|  15|0x000000070b800000, 0x000000070b800000, 0x000000070ba00000|  0%| F|  |TAMS 0x000000070b800000, 0x000000070b800000| Untracked 
|  16|0x000000070ba00000, 0x000000070ba00000, 0x000000070bc00000|  0%| F|  |TAMS 0x000000070ba00000, 0x000000070ba00000| Untracked 
|  17|0x000000070bc00000, 0x000000070bc00000, 0x000000070be00000|  0%| F|  |TAMS 0x000000070bc00000, 0x000000070bc00000| Untracked 
|  18|0x000000070be00000, 0x000000070be00000, 0x000000070c000000|  0%| F|  |TAMS 0x000000070be00000, 0x000000070be00000| Untracked 
|  19|0x000000070c000000, 0x000000070c000000, 0x000000070c200000|  0%| F|  |TAMS 0x000000070c000000, 0x000000070c000000| Untracked 
|  20|0x000000070c200000, 0x000000070c200000, 0x000000070c400000|  0%| F|  |TAMS 0x000000070c200000, 0x000000070c200000| Untracked 
|  21|0x000000070c400000, 0x000000070c400000, 0x000000070c600000|  0%| F|  |TAMS 0x000000070c400000, 0x000000070c400000| Untracked 
|  22|0x000000070c600000, 0x000000070c600000, 0x000000070c800000|  0%| F|  |TAMS 0x000000070c600000, 0x000000070c600000| Untracked 
|  23|0x000000070c800000, 0x000000070c800000, 0x000000070ca00000|  0%| F|  |TAMS 0x000000070c800000, 0x000000070c800000| Untracked 
|  24|0x000000070ca00000, 0x000000070ca00000, 0x000000070cc00000|  0%| F|  |TAMS 0x000000070ca00000, 0x000000070ca00000| Untracked 
|  25|0x000000070cc00000, 0x000000070cc00000, 0x000000070ce00000|  0%| F|  |TAMS 0x000000070cc00000, 0x000000070cc00000| Untracked 
|  26|0x000000070ce00000, 0x000000070ce00000, 0x000000070d000000|  0%| F|  |TAMS 0x000000070ce00000, 0x000000070ce00000| Untracked 
|  27|0x000000070d000000, 0x000000070d000000, 0x000000070d200000|  0%| F|  |TAMS 0x000000070d000000, 0x000000070d000000| Untracked 
|  28|0x000000070d200000, 0x000000070d200000, 0x000000070d400000|  0%| F|  |TAMS 0x000000070d200000, 0x000000070d200000| Untracked 
|  29|0x000000070d400000, 0x000000070d400000, 0x000000070d600000|  0%| F|  |TAMS 0x000000070d400000, 0x000000070d400000| Untracked 
|  30|0x000000070d600000, 0x000000070d600000, 0x000000070d800000|  0%| F|  |TAMS 0x000000070d600000, 0x000000070d600000| Untracked 
|  31|0x000000070d800000, 0x000000070d800000, 0x000000070da00000|  0%| F|  |TAMS 0x000000070d800000, 0x000000070d800000| Untracked 
|  32|0x000000070da00000, 0x000000070da00000, 0x000000070dc00000|  0%| F|  |TAMS 0x000000070da00000, 0x000000070da00000| Untracked 
|  33|0x000000070dc00000, 0x000000070dc00000, 0x000000070de00000|  0%| F|  |TAMS 0x000000070dc00000, 0x000000070dc00000| Untracked 
|  34|0x000000070de00000, 0x000000070de00000, 0x000000070e000000|  0%| F|  |TAMS 0x000000070de00000, 0x000000070de00000| Untracked 
|  35|0x000000070e000000, 0x000000070e000000, 0x000000070e200000|  0%| F|  |TAMS 0x000000070e000000, 0x000000070e000000| Untracked 
|  36|0x000000070e200000, 0x000000070e200000, 0x000000070e400000|  0%| F|  |TAMS 0x000000070e200000, 0x000000070e200000| Untracked 
|  37|0x000000070e400000, 0x000000070e400000, 0x000000070e600000|  0%| F|  |TAMS 0x000000070e400000, 0x000000070e400000| Untracked 
|  38|0x000000070e600000, 0x000000070e600000, 0x000000070e800000|  0%| F|  |TAMS 0x000000070e600000, 0x000000070e600000| Untracked 
|  39|0x000000070e800000, 0x000000070e800000, 0x000000070ea00000|  0%| F|  |TAMS 0x000000070e800000, 0x000000070e800000| Untracked 
|  40|0x000000070ea00000, 0x000000070ea00000, 0x000000070ec00000|  0%| F|  |TAMS 0x000000070ea00000, 0x000000070ea00000| Untracked 
|  41|0x000000070ec00000, 0x000000070ec00000, 0x000000070ee00000|  0%| F|  |TAMS 0x000000070ec00000, 0x000000070ec00000| Untracked 
|  42|0x000000070ee00000, 0x000000070ee00000, 0x000000070f000000|  0%| F|  |TAMS 0x000000070ee00000, 0x000000070ee00000| Untracked 
|  43|0x000000070f000000, 0x000000070f000000, 0x000000070f200000|  0%| F|  |TAMS 0x000000070f000000, 0x000000070f000000| Untracked 
|  44|0x000000070f200000, 0x000000070f200000, 0x000000070f400000|  0%| F|  |TAMS 0x000000070f200000, 0x000000070f200000| Untracked 
|  45|0x000000070f400000, 0x000000070f400000, 0x000000070f600000|  0%| F|  |TAMS 0x000000070f400000, 0x000000070f400000| Untracked 
|  46|0x000000070f600000, 0x000000070f600000, 0x000000070f800000|  0%| F|  |TAMS 0x000000070f600000, 0x000000070f600000| Untracked 
|  47|0x000000070f800000, 0x000000070f800000, 0x000000070fa00000|  0%| F|  |TAMS 0x000000070f800000, 0x000000070f800000| Untracked 
|  48|0x000000070fa00000, 0x000000070fa00000, 0x000000070fc00000|  0%| F|  |TAMS 0x000000070fa00000, 0x000000070fa00000| Untracked 
|  49|0x000000070fc00000, 0x000000070fc00000, 0x000000070fe00000|  0%| F|  |TAMS 0x000000070fc00000, 0x000000070fc00000| Untracked 
|  50|0x000000070fe00000, 0x000000070fe00000, 0x0000000710000000|  0%| F|  |TAMS 0x000000070fe00000, 0x000000070fe00000| Untracked 
|  51|0x0000000710000000, 0x0000000710000000, 0x0000000710200000|  0%| F|  |TAMS 0x0000000710000000, 0x0000000710000000| Untracked 
|  52|0x0000000710200000, 0x0000000710200000, 0x0000000710400000|  0%| F|  |TAMS 0x0000000710200000, 0x0000000710200000| Untracked 
|  53|0x0000000710400000, 0x0000000710400000, 0x0000000710600000|  0%| F|  |TAMS 0x0000000710400000, 0x0000000710400000| Untracked 
|  54|0x0000000710600000, 0x0000000710600000, 0x0000000710800000|  0%| F|  |TAMS 0x0000000710600000, 0x0000000710600000| Untracked 
|  55|0x0000000710800000, 0x0000000710800000, 0x0000000710a00000|  0%| F|  |TAMS 0x0000000710800000, 0x0000000710800000| Untracked 
|  56|0x0000000710a00000, 0x0000000710a00000, 0x0000000710c00000|  0%| F|  |TAMS 0x0000000710a00000, 0x0000000710a00000| Untracked 
|  57|0x0000000710c00000, 0x0000000710c00000, 0x0000000710e00000|  0%| F|  |TAMS 0x0000000710c00000, 0x0000000710c00000| Untracked 
|  58|0x0000000710e00000, 0x0000000710e00000, 0x0000000711000000|  0%| F|  |TAMS 0x0000000710e00000, 0x0000000710e00000| Untracked 
|  59|0x0000000711000000, 0x0000000711000000, 0x0000000711200000|  0%| F|  |TAMS 0x0000000711000000, 0x0000000711000000| Untracked 
|  60|0x0000000711200000, 0x0000000711200000, 0x0000000711400000|  0%| F|  |TAMS 0x0000000711200000, 0x0000000711200000| Untracked 
|  61|0x0000000711400000, 0x0000000711400000, 0x0000000711600000|  0%| F|  |TAMS 0x0000000711400000, 0x0000000711400000| Untracked 
|  62|0x0000000711600000, 0x0000000711600000, 0x0000000711800000|  0%| F|  |TAMS 0x0000000711600000, 0x0000000711600000| Untracked 
|  63|0x0000000711800000, 0x0000000711800000, 0x0000000711a00000|  0%| F|  |TAMS 0x0000000711800000, 0x0000000711800000| Untracked 
|  64|0x0000000711a00000, 0x0000000711a00000, 0x0000000711c00000|  0%| F|  |TAMS 0x0000000711a00000, 0x0000000711a00000| Untracked 
|  65|0x0000000711c00000, 0x0000000711c00000, 0x0000000711e00000|  0%| F|  |TAMS 0x0000000711c00000, 0x0000000711c00000| Untracked 
|  66|0x0000000711e00000, 0x0000000711e00000, 0x0000000712000000|  0%| F|  |TAMS 0x0000000711e00000, 0x0000000711e00000| Untracked 
|  67|0x0000000712000000, 0x0000000712000000, 0x0000000712200000|  0%| F|  |TAMS 0x0000000712000000, 0x0000000712000000| Untracked 
|  68|0x0000000712200000, 0x0000000712200000, 0x0000000712400000|  0%| F|  |TAMS 0x0000000712200000, 0x0000000712200000| Untracked 
|  69|0x0000000712400000, 0x0000000712400000, 0x0000000712600000|  0%| F|  |TAMS 0x0000000712400000, 0x0000000712400000| Untracked 
|  70|0x0000000712600000, 0x0000000712600000, 0x0000000712800000|  0%| F|  |TAMS 0x0000000712600000, 0x0000000712600000| Untracked 
|  71|0x0000000712800000, 0x0000000712800000, 0x0000000712a00000|  0%| F|  |TAMS 0x0000000712800000, 0x0000000712800000| Untracked 
|  72|0x0000000712a00000, 0x0000000712a00000, 0x0000000712c00000|  0%| F|  |TAMS 0x0000000712a00000, 0x0000000712a00000| Untracked 
|  73|0x0000000712c00000, 0x0000000712c00000, 0x0000000712e00000|  0%| F|  |TAMS 0x0000000712c00000, 0x0000000712c00000| Untracked 
|  74|0x0000000712e00000, 0x0000000712e00000, 0x0000000713000000|  0%| F|  |TAMS 0x0000000712e00000, 0x0000000712e00000| Untracked 
|  75|0x0000000713000000, 0x0000000713000000, 0x0000000713200000|  0%| F|  |TAMS 0x0000000713000000, 0x0000000713000000| Untracked 
|  76|0x0000000713200000, 0x0000000713200000, 0x0000000713400000|  0%| F|  |TAMS 0x0000000713200000, 0x0000000713200000| Untracked 
|  77|0x0000000713400000, 0x0000000713400000, 0x0000000713600000|  0%| F|  |TAMS 0x0000000713400000, 0x0000000713400000| Untracked 
|  78|0x0000000713600000, 0x0000000713600000, 0x0000000713800000|  0%| F|  |TAMS 0x0000000713600000, 0x0000000713600000| Untracked 
|  79|0x0000000713800000, 0x0000000713800000, 0x0000000713a00000|  0%| F|  |TAMS 0x0000000713800000, 0x0000000713800000| Untracked 
|  80|0x0000000713a00000, 0x0000000713a00000, 0x0000000713c00000|  0%| F|  |TAMS 0x0000000713a00000, 0x0000000713a00000| Untracked 
|  81|0x0000000713c00000, 0x0000000713c00000, 0x0000000713e00000|  0%| F|  |TAMS 0x0000000713c00000, 0x0000000713c00000| Untracked 
|  82|0x0000000713e00000, 0x0000000713e00000, 0x0000000714000000|  0%| F|  |TAMS 0x0000000713e00000, 0x0000000713e00000| Untracked 
|  83|0x0000000714000000, 0x0000000714000000, 0x0000000714200000|  0%| F|  |TAMS 0x0000000714000000, 0x0000000714000000| Untracked 
|  84|0x0000000714200000, 0x0000000714200000, 0x0000000714400000|  0%| F|  |TAMS 0x0000000714200000, 0x0000000714200000| Untracked 
|  85|0x0000000714400000, 0x0000000714400000, 0x0000000714600000|  0%| F|  |TAMS 0x0000000714400000, 0x0000000714400000| Untracked 
|  86|0x0000000714600000, 0x0000000714600000, 0x0000000714800000|  0%| F|  |TAMS 0x0000000714600000, 0x0000000714600000| Untracked 
|  87|0x0000000714800000, 0x0000000714800000, 0x0000000714a00000|  0%| F|  |TAMS 0x0000000714800000, 0x0000000714800000| Untracked 
|  88|0x0000000714a00000, 0x0000000714a00000, 0x0000000714c00000|  0%| F|  |TAMS 0x0000000714a00000, 0x0000000714a00000| Untracked 
|  89|0x0000000714c00000, 0x0000000714c00000, 0x0000000714e00000|  0%| F|  |TAMS 0x0000000714c00000, 0x0000000714c00000| Untracked 
|  90|0x0000000714e00000, 0x0000000714e00000, 0x0000000715000000|  0%| F|  |TAMS 0x0000000714e00000, 0x0000000714e00000| Untracked 
|  91|0x0000000715000000, 0x0000000715000000, 0x0000000715200000|  0%| F|  |TAMS 0x0000000715000000, 0x0000000715000000| Untracked 
|  92|0x0000000715200000, 0x0000000715200000, 0x0000000715400000|  0%| F|  |TAMS 0x0000000715200000, 0x0000000715200000| Untracked 
|  93|0x0000000715400000, 0x0000000715400000, 0x0000000715600000|  0%| F|  |TAMS 0x0000000715400000, 0x0000000715400000| Untracked 
|  94|0x0000000715600000, 0x0000000715600000, 0x0000000715800000|  0%| F|  |TAMS 0x0000000715600000, 0x0000000715600000| Untracked 
|  95|0x0000000715800000, 0x0000000715800000, 0x0000000715a00000|  0%| F|  |TAMS 0x0000000715800000, 0x0000000715800000| Untracked 
|  96|0x0000000715a00000, 0x0000000715a00000, 0x0000000715c00000|  0%| F|  |TAMS 0x0000000715a00000, 0x0000000715a00000| Untracked 
|  97|0x0000000715c00000, 0x0000000715c00000, 0x0000000715e00000|  0%| F|  |TAMS 0x0000000715c00000, 0x0000000715c00000| Untracked 
|  98|0x0000000715e00000, 0x0000000715e00000, 0x0000000716000000|  0%| F|  |TAMS 0x0000000715e00000, 0x0000000715e00000| Untracked 
|  99|0x0000000716000000, 0x0000000716000000, 0x0000000716200000|  0%| F|  |TAMS 0x0000000716000000, 0x0000000716000000| Untracked 
| 100|0x0000000716200000, 0x0000000716200000, 0x0000000716400000|  0%| F|  |TAMS 0x0000000716200000, 0x0000000716200000| Untracked 
| 101|0x0000000716400000, 0x0000000716400000, 0x0000000716600000|  0%| F|  |TAMS 0x0000000716400000, 0x0000000716400000| Untracked 
| 102|0x0000000716600000, 0x0000000716600000, 0x0000000716800000|  0%| F|  |TAMS 0x0000000716600000, 0x0000000716600000| Untracked 
| 103|0x0000000716800000, 0x0000000716800000, 0x0000000716a00000|  0%| F|  |TAMS 0x0000000716800000, 0x0000000716800000| Untracked 
| 104|0x0000000716a00000, 0x0000000716a00000, 0x0000000716c00000|  0%| F|  |TAMS 0x0000000716a00000, 0x0000000716a00000| Untracked 
| 105|0x0000000716c00000, 0x0000000716c00000, 0x0000000716e00000|  0%| F|  |TAMS 0x0000000716c00000, 0x0000000716c00000| Untracked 
| 106|0x0000000716e00000, 0x0000000716e00000, 0x0000000717000000|  0%| F|  |TAMS 0x0000000716e00000, 0x0000000716e00000| Untracked 
| 107|0x0000000717000000, 0x0000000717200000, 0x0000000717200000|100%| S|CS|TAMS 0x0000000717000000, 0x0000000717000000| Complete 
| 108|0x0000000717200000, 0x0000000717200000, 0x0000000717400000|  0%| F|  |TAMS 0x0000000717200000, 0x0000000717200000| Untracked 
| 109|0x0000000717400000, 0x0000000717400000, 0x0000000717600000|  0%| F|  |TAMS 0x0000000717400000, 0x0000000717400000| Untracked 
| 110|0x0000000717600000, 0x0000000717600000, 0x0000000717800000|  0%| F|  |TAMS 0x0000000717600000, 0x0000000717600000| Untracked 
| 111|0x0000000717800000, 0x0000000717800000, 0x0000000717a00000|  0%| F|  |TAMS 0x0000000717800000, 0x0000000717800000| Untracked 
| 112|0x0000000717a00000, 0x0000000717a00000, 0x0000000717c00000|  0%| F|  |TAMS 0x0000000717a00000, 0x0000000717a00000| Untracked 
| 113|0x0000000717c00000, 0x0000000717e00000, 0x0000000717e00000|100%| E|  |TAMS 0x0000000717c00000, 0x0000000717c00000| Complete 
| 114|0x0000000717e00000, 0x0000000718000000, 0x0000000718000000|100%| E|CS|TAMS 0x0000000717e00000, 0x0000000717e00000| Complete 
| 115|0x0000000718000000, 0x0000000718200000, 0x0000000718200000|100%| E|CS|TAMS 0x0000000718000000, 0x0000000718000000| Complete 
| 116|0x0000000718200000, 0x0000000718400000, 0x0000000718400000|100%| E|CS|TAMS 0x0000000718200000, 0x0000000718200000| Complete 
| 117|0x0000000718400000, 0x0000000718600000, 0x0000000718600000|100%| E|CS|TAMS 0x0000000718400000, 0x0000000718400000| Complete 
| 118|0x0000000718600000, 0x0000000718800000, 0x0000000718800000|100%| E|CS|TAMS 0x0000000718600000, 0x0000000718600000| Complete 
| 119|0x0000000718800000, 0x0000000718a00000, 0x0000000718a00000|100%| E|CS|TAMS 0x0000000718800000, 0x0000000718800000| Complete 
| 120|0x0000000718a00000, 0x0000000718c00000, 0x0000000718c00000|100%| E|CS|TAMS 0x0000000718a00000, 0x0000000718a00000| Complete 
| 121|0x0000000718c00000, 0x0000000718e00000, 0x0000000718e00000|100%| E|CS|TAMS 0x0000000718c00000, 0x0000000718c00000| Complete 
| 122|0x0000000718e00000, 0x0000000719000000, 0x0000000719000000|100%| E|CS|TAMS 0x0000000718e00000, 0x0000000718e00000| Complete 
| 123|0x0000000719000000, 0x0000000719200000, 0x0000000719200000|100%| E|CS|TAMS 0x0000000719000000, 0x0000000719000000| Complete 

Card table byte_map: [0x000001cc7d170000,0x000001cc7d930000] _byte_map_base: 0x000001cc79923000

Marking Bits (Prev, Next): (CMBitMap*) 0x000001cc74985900, (CMBitMap*) 0x000001cc74985940
 Prev Bits: [0x000001cc0f000000, 0x000001cc12d98000)
 Next Bits: [0x000001cc12da0000, 0x000001cc16b38000)

Polling page: 0x000001cc740c0000

Metaspace:

Usage:
  Non-class:     11.96 MB used.
      Class:      1.91 MB used.
       Both:     13.87 MB used.

Virtual space:
  Non-class space:       64.00 MB reserved,      12.12 MB ( 19%) committed,  1 nodes.
      Class space:        1.00 GB reserved,       2.06 MB ( <1%) committed,  1 nodes.
             Both:        1.06 GB reserved,      14.19 MB (  1%) committed. 

Chunk freelists:
   Non-Class:  3.52 MB
       Class:  13.79 MB
        Both:  17.31 MB

MaxMetaspaceSize: unlimited
CompressedClassSpaceSize: 1.00 GB
Initial GC threshold: 21.00 MB
Current GC threshold: 21.00 MB
CDS: on
MetaspaceReclaimPolicy: balanced
 - commit_granule_bytes: 65536.
 - commit_granule_words: 8192.
 - virtual_space_node_default_size: 8388608.
 - enlarge_chunks_in_place: 1.
 - new_chunks_are_fully_committed: 0.
 - uncommit_free_chunks: 1.
 - use_allocation_guard: 0.
 - handle_deallocations: 1.


Internal statistics:

num_allocs_failed_limit: 0.
num_arena_births: 346.
num_arena_deaths: 0.
num_vsnodes_births: 2.
num_vsnodes_deaths: 0.
num_space_committed: 227.
num_space_uncommitted: 0.
num_chunks_returned_to_freelist: 0.
num_chunks_taken_from_freelist: 867.
num_chunk_merges: 0.
num_chunk_splits: 563.
num_chunks_enlarged: 386.
num_inconsistent_stats: 0.

CodeHeap 'non-profiled nmethods': size=120000Kb used=827Kb max_used=827Kb free=119172Kb
 bounds [0x000001cc07ad0000, 0x000001cc07d40000, 0x000001cc0f000000]
CodeHeap 'profiled nmethods': size=120000Kb used=3921Kb max_used=3921Kb free=116078Kb
 bounds [0x000001cc00000000, 0x000001cc003e0000, 0x000001cc07530000]
CodeHeap 'non-nmethods': size=5760Kb used=1271Kb max_used=1324Kb free=4488Kb
 bounds [0x000001cc07530000, 0x000001cc077a0000, 0x000001cc07ad0000]
 total_blobs=2497 nmethods=2014 adapters=394
 compilation: enabled
              stopped_count=0, restarted_count=0
 full_count=0

Compilation events (20 events):
Event: 1.002 Thread 0x000001cc18b6b150 1976       3       jdk.internal.loader.AbstractClassLoaderValue::sub (10 bytes)
Event: 1.003 Thread 0x000001cc18b6b150 nmethod 1976 0x000001cc0039d210 code [0x000001cc0039d3c0, 0x000001cc0039d718]
Event: 1.003 Thread 0x000001cc18b6b150 1977       3       jdk.internal.loader.AbstractClassLoaderValue$Sub::<init> (15 bytes)
Event: 1.003 Thread 0x000001cc18b6b150 nmethod 1977 0x000001cc0039d810 code [0x000001cc0039d9c0, 0x000001cc0039dc58]
Event: 1.004 Thread 0x000001cc18b6b150 1978       3       java.lang.Module::allows (60 bytes)
Event: 1.004 Thread 0x000001cc18b6b150 nmethod 1978 0x000001cc0039dd10 code [0x000001cc0039df00, 0x000001cc0039e528]
Event: 1.004 Thread 0x000001cc18b6b150 1979       3       java.lang.Class$Atomic::casReflectionData (13 bytes)
Event: 1.004 Thread 0x000001cc18b6b150 nmethod 1979 0x000001cc0039e690 code [0x000001cc0039e820, 0x000001cc0039e978]
Event: 1.004 Thread 0x000001cc18b6b150 1980       3       java.lang.reflect.Constructor::setAccessible (21 bytes)
Event: 1.005 Thread 0x000001cc18b6b150 nmethod 1980 0x000001cc0039ea10 code [0x000001cc0039ec40, 0x000001cc0039f378]
Event: 1.006 Thread 0x000001cc18b6b150 1981       3       java.lang.Class$AnnotationData::<init> (20 bytes)
Event: 1.006 Thread 0x000001cc18b6b150 nmethod 1981 0x000001cc0039f610 code [0x000001cc0039f7c0, 0x000001cc0039f9f8]
Event: 1.007 Thread 0x000001cc18b6b150 1982       3       java.lang.Short::<init> (10 bytes)
Event: 1.008 Thread 0x000001cc18b6b150 nmethod 1982 0x000001cc0039fa90 code [0x000001cc0039fc40, 0x000001cc0039fe18]
Event: 1.008 Thread 0x000001cc18b6b150 1983       3       java.lang.Class$Atomic::casAnnotationData (13 bytes)
Event: 1.008 Thread 0x000001cc18b6b150 nmethod 1983 0x000001cc0039ff10 code [0x000001cc003a00a0, 0x000001cc003a01f8]
Event: 1.009 Thread 0x000001cc18b6b150 1984       3       java.lang.Class::createAnnotationData (195 bytes)
Event: 1.010 Thread 0x000001cc18b6b150 nmethod 1984 0x000001cc003a0290 code [0x000001cc003a0600, 0x000001cc003a1c18]
Event: 1.011 Thread 0x000001cc18b6b150 1985       3       java.lang.NamedPackage::<init> (59 bytes)
Event: 1.012 Thread 0x000001cc18b6b150 nmethod 1985 0x000001cc003a2390 code [0x000001cc003a2620, 0x000001cc003a3118]

GC Heap History (4 events):
Event: 0.431 GC heap before
{Heap before GC invocations=0 (full 0):
 garbage-first heap   total 253952K, used 22528K [0x0000000709a00000, 0x0000000800000000)
  region size 2048K, 11 young (22528K), 0 survivors (0K)
 Metaspace       used 4486K, committed 4608K, reserved 1114112K
  class space    used 503K, committed 576K, reserved 1048576K
}
Event: 0.434 GC heap after
{Heap after GC invocations=1 (full 0):
 garbage-first heap   total 253952K, used 5394K [0x0000000709a00000, 0x0000000800000000)
  region size 2048K, 2 young (4096K), 2 survivors (4096K)
 Metaspace       used 4486K, committed 4608K, reserved 1114112K
  class space    used 503K, committed 576K, reserved 1048576K
}
Event: 0.868 GC heap before
{Heap before GC invocations=1 (full 0):
 garbage-first heap   total 253952K, used 34066K [0x0000000709a00000, 0x0000000800000000)
  region size 2048K, 16 young (32768K), 2 survivors (4096K)
 Metaspace       used 10626K, committed 10944K, reserved 1114112K
  class space    used 1384K, committed 1536K, reserved 1048576K
}
Event: 0.871 GC heap after
{Heap after GC invocations=2 (full 0):
 garbage-first heap   total 253952K, used 7517K [0x0000000709a00000, 0x0000000800000000)
  region size 2048K, 1 young (2048K), 1 survivors (2048K)
 Metaspace       used 10626K, committed 10944K, reserved 1114112K
  class space    used 1384K, committed 1536K, reserved 1048576K
}

Dll operation events (9 events):
Event: 0.007 Loaded shared library C:\Users\Micro\.jdks\corretto-17.0.15\bin\java.dll
Event: 0.008 Loaded shared library C:\Users\Micro\.jdks\corretto-17.0.15\bin\zip.dll
Event: 0.018 Loaded shared library C:\Users\Micro\.jdks\corretto-17.0.15\bin\jsvml.dll
Event: 0.116 Loaded shared library C:\Users\Micro\.jdks\corretto-17.0.15\bin\instrument.dll
Event: 0.130 Loaded shared library C:\Users\Micro\.jdks\corretto-17.0.15\bin\net.dll
Event: 0.131 Loaded shared library C:\Users\Micro\.jdks\corretto-17.0.15\bin\nio.dll
Event: 0.134 Loaded shared library C:\Users\Micro\.jdks\corretto-17.0.15\bin\zip.dll
Event: 0.186 Loaded shared library C:\Users\Micro\.jdks\corretto-17.0.15\bin\jimage.dll
Event: 0.892 Loaded shared library C:\Users\Micro\.jdks\corretto-17.0.15\bin\verify.dll

Deoptimization events (20 events):
Event: 0.924 Thread 0x000001cc74913b50 DEOPT PACKING pc=0x000001cc0011c15c sp=0x000000c126efe4f0
Event: 0.924 Thread 0x000001cc74913b50 DEOPT UNPACKING pc=0x000001cc07587143 sp=0x000000c126efd9a8 mode 1
Event: 0.924 Thread 0x000001cc74913b50 DEOPT PACKING pc=0x000001cc0034d3a4 sp=0x000000c126efeed0
Event: 0.924 Thread 0x000001cc74913b50 DEOPT UNPACKING pc=0x000001cc07587143 sp=0x000000c126efe3c0 mode 1
Event: 0.926 Thread 0x000001cc18c8e680 DEOPT PACKING pc=0x000001cc0011cc6c sp=0x000000c128ffe110
Event: 0.926 Thread 0x000001cc18c8e680 DEOPT UNPACKING pc=0x000001cc07587143 sp=0x000000c128ffd5a8 mode 1
Event: 0.926 Thread 0x000001cc18c8e680 DEOPT PACKING pc=0x000001cc0011c15c sp=0x000000c128ffe1e0
Event: 0.926 Thread 0x000001cc18c8e680 DEOPT UNPACKING pc=0x000001cc07587143 sp=0x000000c128ffd698 mode 1
Event: 0.926 Thread 0x000001cc18c8e680 DEOPT PACKING pc=0x000001cc0034d3a4 sp=0x000000c128ffebc0
Event: 0.926 Thread 0x000001cc18c8e680 DEOPT UNPACKING pc=0x000001cc07587143 sp=0x000000c128ffe0b0 mode 1
Event: 0.942 Thread 0x000001cc74913b50 Uncommon trap: trap_request=0xffffff45 fr.pc=0x000001cc07b3d79c relative=0x00000000000002fc
Event: 0.942 Thread 0x000001cc74913b50 Uncommon trap: reason=unstable_if action=reinterpret pc=0x000001cc07b3d79c method=jdk.internal.org.objectweb.asm.SymbolTable.put(Ljdk/internal/org/objectweb/asm/SymbolTable$Entry;)Ljdk/internal/org/objectweb/asm/SymbolTable$Entry; @ 13 c2
Event: 0.942 Thread 0x000001cc74913b50 DEOPT PACKING pc=0x000001cc07b3d79c sp=0x000000c126efd5a0
Event: 0.942 Thread 0x000001cc74913b50 DEOPT UNPACKING pc=0x000001cc075869a3 sp=0x000000c126efd530 mode 2
Event: 0.978 Thread 0x000001cc74913b50 DEOPT PACKING pc=0x000001cc0011cc6c sp=0x000000c126efd7c0
Event: 0.978 Thread 0x000001cc74913b50 DEOPT UNPACKING pc=0x000001cc07587143 sp=0x000000c126efcc58 mode 1
Event: 0.978 Thread 0x000001cc74913b50 DEOPT PACKING pc=0x000001cc0011c15c sp=0x000000c126efd890
Event: 0.978 Thread 0x000001cc74913b50 DEOPT UNPACKING pc=0x000001cc07587143 sp=0x000000c126efcd48 mode 1
Event: 0.978 Thread 0x000001cc74913b50 DEOPT PACKING pc=0x000001cc0034d3a4 sp=0x000000c126efe270
Event: 0.978 Thread 0x000001cc74913b50 DEOPT UNPACKING pc=0x000001cc07587143 sp=0x000000c126efd760 mode 1

Classes loaded (20 events):
Event: 1.012 Loading class org/springframework/beans/MethodInvocationException
Event: 1.012 Loading class org/springframework/beans/MethodInvocationException done
Event: 1.012 Loading class com/fasterxml/classmate/members/RawMember
Event: 1.012 Loading class com/fasterxml/classmate/members/RawMember done
Event: 1.012 Loading class org/springframework/beans/NotReadablePropertyException
Event: 1.012 Loading class org/springframework/beans/NotReadablePropertyException done
Event: 1.013 Loading class com/fasterxml/classmate/members/RawField
Event: 1.013 Loading class com/fasterxml/classmate/members/RawField done
Event: 1.013 Loading class com/fasterxml/classmate/members/RawMethod
Event: 1.013 Loading class com/fasterxml/classmate/members/RawMethod done
Event: 1.013 Loading class org/springframework/beans/AbstractNestablePropertyAccessor$PropertyHandler
Event: 1.013 Loading class org/springframework/beans/AbstractNestablePropertyAccessor$PropertyHandler done
Event: 1.013 Loading class com/fasterxml/classmate/TypeBindings
Event: 1.013 Loading class com/fasterxml/classmate/TypeBindings done
Event: 1.013 Loading class org/springframework/beans/BeanWrapperImpl$BeanPropertyHandler
Event: 1.013 Loading class org/springframework/beans/BeanWrapperImpl$BeanPropertyHandler done
Event: 1.013 Loading class com/fasterxml/classmate/types/ResolvedPrimitiveType
Event: 1.013 Loading class com/fasterxml/classmate/types/ResolvedPrimitiveType done
Event: 1.013 Loading class org/springframework/beans/factory/support/AbstractBeanFactory$BeanFactoryDefaultEditorRegistrar
Event: 1.013 Loading class org/springframework/beans/factory/support/AbstractBeanFactory$BeanFactoryDefaultEditorRegistrar done

Classes unloaded (0 events):
No events

Classes redefined (0 events):
No events

Internal exceptions (20 events):
Event: 0.653 Thread 0x000001cc74913b50 Exception <a 'java/lang/NoSuchMethodError'{0x00000007185dc7b8}: 'int java.lang.invoke.DirectMethodHandle$Holder.invokeStaticInit(java.lang.Object, float, float)'> (0x00000007185dc7b8) 
thrown [s\src\hotspot\share\interpreter\linkResolver.cpp, line 759]
Event: 0.653 Thread 0x000001cc74913b50 Exception <a 'java/lang/NoSuchMethodError'{0x00000007185e38b8}: 'int java.lang.invoke.DirectMethodHandle$Holder.invokeStaticInit(java.lang.Object, double, double)'> (0x00000007185e38b8) 
thrown [s\src\hotspot\share\interpreter\linkResolver.cpp, line 759]
Event: 0.653 Thread 0x000001cc74913b50 Exception <a 'java/lang/NoSuchMethodError'{0x00000007185e8130}: 'int java.lang.invoke.DirectMethodHandle$Holder.invokeStatic(java.lang.Object, long)'> (0x00000007185e8130) 
thrown [s\src\hotspot\share\interpreter\linkResolver.cpp, line 759]
Event: 0.655 Thread 0x000001cc74913b50 Exception <a 'java/lang/NoSuchMethodError'{0x000000071820ce88}: 'int java.lang.invoke.Invokers$Holder.linkToTargetMethod(java.lang.Object, java.lang.Object)'> (0x000000071820ce88) 
thrown [s\src\hotspot\share\interpreter\linkResolver.cpp, line 759]
Event: 0.664 Thread 0x000001cc74913b50 Exception <a 'java/lang/NoSuchMethodError'{0x000000071829d700}: 'java.lang.Object java.lang.invoke.DirectMethodHandle$Holder.invokeSpecial(java.lang.Object, java.lang.Object, java.lang.Object, int, java.lang.Object)'> (0x000000071829d700) 
thrown [s\src\hotspot\share\interpreter\linkResolver.cpp, line 759]
Event: 0.665 Thread 0x000001cc74913b50 Exception <a 'java/lang/NoSuchMethodError'{0x00000007182a5c68}: 'java.lang.Object java.lang.invoke.DirectMethodHandle$Holder.newInvokeSpecial(java.lang.Object, java.lang.Object, java.lang.Object, int, java.lang.Object)'> (0x00000007182a5c68) 
thrown [s\src\hotspot\share\interpreter\linkResolver.cpp, line 759]
Event: 0.665 Thread 0x000001cc74913b50 Exception <a 'java/lang/NoSuchMethodError'{0x00000007182ad638}: 'java.lang.Object java.lang.invoke.Invokers$Holder.linkToTargetMethod(java.lang.Object, java.lang.Object, int, java.lang.Object, java.lang.Object)'> (0x00000007182ad638) 
thrown [s\src\hotspot\share\interpreter\linkResolver.cpp, line 759]
Event: 0.666 Thread 0x000001cc74913b50 Exception <a 'java/lang/NoSuchMethodError'{0x00000007182bdb08}: 'java.lang.Object java.lang.invoke.DirectMethodHandle$Holder.newInvokeSpecial(java.lang.Object, int, java.lang.Object)'> (0x00000007182bdb08) 
thrown [s\src\hotspot\share\interpreter\linkResolver.cpp, line 759]
Event: 0.666 Thread 0x000001cc74913b50 Exception <a 'java/lang/NoSuchMethodError'{0x00000007182c25d8}: 'int java.lang.invoke.DirectMethodHandle$Holder.invokeSpecialIFC(java.lang.Object, java.lang.Object, java.lang.Object, java.lang.Object)'> (0x00000007182c25d8) 
thrown [s\src\hotspot\share\interpreter\linkResolver.cpp, line 759]
Event: 0.699 Thread 0x000001cc74913b50 Exception <a 'java/lang/NoSuchMethodError'{0x00000007180cbf10}: 'void java.lang.invoke.DirectMethodHandle$Holder.invokeInterface(java.lang.Object, java.lang.Object, java.lang.Object)'> (0x00000007180cbf10) 
thrown [s\src\hotspot\share\interpreter\linkResolver.cpp, line 759]
Event: 0.707 Thread 0x000001cc74913b50 Exception <a 'java/lang/NoSuchMethodError'{0x0000000718131008}: 'void java.lang.invoke.DirectMethodHandle$Holder.invokeStatic(java.lang.Object, java.lang.Object, int)'> (0x0000000718131008) 
thrown [s\src\hotspot\share\interpreter\linkResolver.cpp, line 759]
Event: 0.717 Thread 0x000001cc74913b50 Exception <a 'java/lang/NoSuchMethodError'{0x00000007181952e8}: 'void java.lang.invoke.DirectMethodHandle$Holder.invokeStaticInit(java.lang.Object, java.lang.Object, java.lang.Object)'> (0x00000007181952e8) 
thrown [s\src\hotspot\share\interpreter\linkResolver.cpp, line 759]
Event: 0.735 Thread 0x000001cc74913b50 Exception <a 'java/lang/NoSuchMethodError'{0x0000000717e71658}: 'java.lang.Object java.lang.invoke.DirectMethodHandle$Holder.newInvokeSpecial(java.lang.Object, long)'> (0x0000000717e71658) 
thrown [s\src\hotspot\share\interpreter\linkResolver.cpp, line 759]
Event: 0.736 Thread 0x000001cc74913b50 Exception <a 'java/lang/NoSuchMethodError'{0x0000000717e78ef0}: 'void java.lang.invoke.DirectMethodHandle$Holder.invokeVirtual(java.lang.Object, java.lang.Object, java.lang.Object, java.lang.Object)'> (0x0000000717e78ef0) 
thrown [s\src\hotspot\share\interpreter\linkResolver.cpp, line 759]
Event: 0.751 Thread 0x000001cc74913b50 Exception <a 'java/lang/NoSuchMethodError'{0x0000000717f3d5c0}: 'java.lang.Object java.lang.invoke.DirectMethodHandle$Holder.invokeSpecial(java.lang.Object, java.lang.Object, long, java.lang.Object, java.lang.Object, java.lang.Object, java.lang.Object, java.lang.Object, java.lang.Object)'> (0x0000000717f3d5c0) 
thrown [s\src\hotspot\share\interpreter\linkResolver.cpp, line 759]
Event: 0.751 Thread 0x000001cc74913b50 Exception <a 'java/lang/NoSuchMethodError'{0x0000000717f41e40}: 'java.lang.Object java.lang.invoke.DelegatingMethodHandle$Holder.reinvoke_L(java.lang.Object, long, java.lang.Object, java.lang.Object, java.lang.Object, java.lang.Object, java.lang.Object, java.lang.Object)'> (0x0000000717f41e40) 
thrown [s\src\hotspot\share\interpreter\linkResolver.cpp, line 759]
Event: 0.809 Thread 0x000001cc74913b50 Exception <a 'java/lang/NoSuchMethodError'{0x0000000717d6e750}: 'java.lang.Object java.lang.invoke.DirectMethodHandle$Holder.invokeSpecial(java.lang.Object, java.lang.Object, java.lang.Object, java.lang.Object, java.lang.Object, java.lang.Object, java.lang.Object, java.lang.Object, java.lang.Object)'> (0x0000000717d6e750) 
thrown [s\src\hotspot\share\interpreter\linkResolver.cpp, line 759]
Event: 0.809 Thread 0x000001cc74913b50 Exception <a 'java/lang/NoSuchMethodError'{0x0000000717d73078}: 'java.lang.Object java.lang.invoke.Invokers$Holder.invoke_MT(java.lang.Object, java.lang.Object, java.lang.Object, java.lang.Object, java.lang.Object, java.lang.Object, java.lang.Object, java.lang.Object, java.lang.Object)'> (0x0000000717d73078) 
thrown [s\src\hotspot\share\interpreter\linkResolver.cpp, line 759]
Event: 0.821 Thread 0x000001cc74913b50 Exception <a 'java/lang/IncompatibleClassChangeError'{0x000000071765d9e8}: Found class java.lang.Object, but interface was expected> (0x000000071765d9e8) 
thrown [s\src\hotspot\share\interpreter\linkResolver.cpp, line 826]
Event: 0.843 Thread 0x000001cc18c8e680 Exception <a 'java/lang/NoSuchMethodError'{0x00000007174dd8a8}: 'java.lang.Object java.lang.invoke.Invokers$Holder.invoke_MT(java.lang.Object, java.lang.Object, java.lang.Object)'> (0x00000007174dd8a8) 
thrown [s\src\hotspot\share\interpreter\linkResolver.cpp, line 759]

VM Operations (20 events):
Event: 0.285 Executing VM operation: HandshakeAllThreads
Event: 0.285 Executing VM operation: HandshakeAllThreads done
Event: 0.431 Executing VM operation: HandshakeAllThreads
Event: 0.431 Executing VM operation: HandshakeAllThreads done
Event: 0.431 Executing VM operation: G1CollectForAllocation
Event: 0.434 Executing VM operation: G1CollectForAllocation done
Event: 0.648 Executing VM operation: HandshakeAllThreads
Event: 0.648 Executing VM operation: HandshakeAllThreads done
Event: 0.677 Executing VM operation: HandshakeAllThreads
Event: 0.677 Executing VM operation: HandshakeAllThreads done
Event: 0.745 Executing VM operation: ICBufferFull
Event: 0.745 Executing VM operation: ICBufferFull done
Event: 0.802 Executing VM operation: HandshakeAllThreads
Event: 0.802 Executing VM operation: HandshakeAllThreads done
Event: 0.802 Executing VM operation: HandshakeAllThreads
Event: 0.802 Executing VM operation: HandshakeAllThreads done
Event: 0.868 Executing VM operation: G1CollectForAllocation
Event: 0.871 Executing VM operation: G1CollectForAllocation done
Event: 1.003 Executing VM operation: HandshakeAllThreads
Event: 1.003 Executing VM operation: HandshakeAllThreads done

Memory protections (0 events):
No events

Nmethod flushes (0 events):
No events

Events (18 events):
Event: 0.018 Thread 0x000001cc74913b50 Thread added: 0x000001cc74913b50
Event: 0.020 Thread 0x000001cc74913b50 Thread added: 0x000001cc18b4ca70
Event: 0.020 Thread 0x000001cc74913b50 Thread added: 0x000001cc18b4dfa0
Event: 0.025 Thread 0x000001cc74913b50 Thread added: 0x000001cc18b61360
Event: 0.025 Thread 0x000001cc74913b50 Thread added: 0x000001cc18b61c30
Event: 0.025 Thread 0x000001cc74913b50 Thread added: 0x000001cc18b67180
Event: 0.025 Thread 0x000001cc74913b50 Thread added: 0x000001cc18b686b0
Event: 0.026 Thread 0x000001cc74913b50 Thread added: 0x000001cc18b69be0
Event: 0.026 Thread 0x000001cc74913b50 Thread added: 0x000001cc18b6b150
Event: 0.026 Thread 0x000001cc74913b50 Thread added: 0x000001cc18b84000
Event: 0.081 Thread 0x000001cc74913b50 Thread added: 0x000001cc18c8d750
Event: 0.096 Thread 0x000001cc74913b50 Thread added: 0x000001cc18cf7480
Event: 0.097 Thread 0x000001cc74913b50 Thread added: 0x000001cc18c8dc60
Event: 0.097 Thread 0x000001cc18cf7480 Thread added: 0x000001cc18c8b3e0
Event: 0.121 Thread 0x000001cc74913b50 Thread added: 0x000001cc18c8e170
Event: 0.159 Thread 0x000001cc18b6b150 Thread added: 0x000001cc18e084d0
Event: 0.723 Thread 0x000001cc18b6b150 Thread added: 0x000001cc5f58a230
Event: 0.806 Thread 0x000001cc74913b50 Thread added: 0x000001cc18c8e680


Dynamic libraries:
0x00007ff633b20000 - 0x00007ff633b2e000 	C:\Users\Micro\.jdks\corretto-17.0.15\bin\java.exe
0x00007ffc9cbe0000 - 0x00007ffc9ce46000 	C:\WINDOWS\SYSTEM32\ntdll.dll
0x00007ffc9c100000 - 0x00007ffc9c1c9000 	C:\WINDOWS\System32\KERNEL32.DLL
0x00007ffc99ef0000 - 0x00007ffc9a2bc000 	C:\WINDOWS\System32\KERNELBASE.dll
0x00007ffc9a4d0000 - 0x00007ffc9a61b000 	C:\WINDOWS\System32\ucrtbase.dll
0x00007ffc5a250000 - 0x00007ffc5a267000 	C:\Users\Micro\.jdks\corretto-17.0.15\bin\jli.dll
0x00007ffc7a810000 - 0x00007ffc7a82b000 	C:\Users\Micro\.jdks\corretto-17.0.15\bin\VCRUNTIME140.dll
0x00007ffc9ab20000 - 0x00007ffc9acea000 	C:\WINDOWS\System32\USER32.dll
0x00007ffc9a620000 - 0x00007ffc9a647000 	C:\WINDOWS\System32\win32u.dll
0x00007ffc77400000 - 0x00007ffc7769a000 	C:\WINDOWS\WinSxS\amd64_microsoft.windows.common-controls_6595b64144ccf1df_6.0.26100.3912_none_3e07963ce335137e\COMCTL32.dll
0x00007ffc9bdc0000 - 0x00007ffc9bdeb000 	C:\WINDOWS\System32\GDI32.dll
0x00007ffc9c400000 - 0x00007ffc9c4a9000 	C:\WINDOWS\System32\msvcrt.dll
0x00007ffc9a7b0000 - 0x00007ffc9a8e2000 	C:\WINDOWS\System32\gdi32full.dll
0x00007ffc9a8f0000 - 0x00007ffc9a993000 	C:\WINDOWS\System32\msvcp_win.dll
0x00007ffc9b230000 - 0x00007ffc9b260000 	C:\WINDOWS\System32\IMM32.DLL
0x00007ffc88eb0000 - 0x00007ffc88ebc000 	C:\Users\Micro\.jdks\corretto-17.0.15\bin\vcruntime140_1.dll
0x00007ffc53580000 - 0x00007ffc5360d000 	C:\Users\Micro\.jdks\corretto-17.0.15\bin\msvcp140.dll
0x00007ffc3dd10000 - 0x00007ffc3e97c000 	C:\Users\Micro\.jdks\corretto-17.0.15\bin\server\jvm.dll
0x00007ffc9c520000 - 0x00007ffc9c5d2000 	C:\WINDOWS\System32\ADVAPI32.dll
0x00007ffc9c1d0000 - 0x00007ffc9c276000 	C:\WINDOWS\System32\sechost.dll
0x00007ffc9bfe0000 - 0x00007ffc9c0f6000 	C:\WINDOWS\System32\RPCRT4.dll
0x00007ffc9c280000 - 0x00007ffc9c2f4000 	C:\WINDOWS\System32\WS2_32.dll
0x00007ffc99bc0000 - 0x00007ffc99c1e000 	C:\WINDOWS\SYSTEM32\POWRPROF.dll
0x00007ffc927c0000 - 0x00007ffc927cb000 	C:\WINDOWS\SYSTEM32\VERSION.dll
0x00007ffc90640000 - 0x00007ffc90676000 	C:\WINDOWS\SYSTEM32\WINMM.dll
0x00007ffc99ba0000 - 0x00007ffc99bb4000 	C:\WINDOWS\SYSTEM32\UMPDC.dll
0x00007ffc98af0000 - 0x00007ffc98b0a000 	C:\WINDOWS\SYSTEM32\kernel.appcore.dll
0x00007ffc7fa60000 - 0x00007ffc7fa6a000 	C:\Users\Micro\.jdks\corretto-17.0.15\bin\jimage.dll
0x00007ffc929e0000 - 0x00007ffc92c21000 	C:\WINDOWS\SYSTEM32\DBGHELP.DLL
0x00007ffc9c810000 - 0x00007ffc9cb94000 	C:\WINDOWS\System32\combase.dll
0x00007ffc9b270000 - 0x00007ffc9b350000 	C:\WINDOWS\System32\OLEAUT32.dll
0x00007ffc87d40000 - 0x00007ffc87d79000 	C:\WINDOWS\SYSTEM32\dbgcore.DLL
0x00007ffc9a710000 - 0x00007ffc9a7a9000 	C:\WINDOWS\System32\bcryptPrimitives.dll
0x00007ffc72960000 - 0x00007ffc7299b000 	C:\Users\Micro\.jdks\corretto-17.0.15\bin\jdwp.dll
0x00007ffc94b90000 - 0x00007ffc94b9e000 	C:\Users\Micro\.jdks\corretto-17.0.15\bin\instrument.dll
0x00007ffc53550000 - 0x00007ffc53575000 	C:\Users\Micro\.jdks\corretto-17.0.15\bin\java.dll
0x00007ffc53490000 - 0x00007ffc534a8000 	C:\Users\Micro\.jdks\corretto-17.0.15\bin\zip.dll
0x00007ffc3db10000 - 0x00007ffc3dbe7000 	C:\Users\Micro\.jdks\corretto-17.0.15\bin\jsvml.dll
0x00007ffc9b590000 - 0x00007ffc9bcbd000 	C:\WINDOWS\System32\SHELL32.dll
0x00007ffc9a2c0000 - 0x00007ffc9a434000 	C:\WINDOWS\System32\wintypes.dll
0x00007ffc979c0000 - 0x00007ffc98216000 	C:\WINDOWS\SYSTEM32\windows.storage.dll
0x00007ffc9c300000 - 0x00007ffc9c3ef000 	C:\WINDOWS\System32\SHCORE.dll
0x00007ffc9b180000 - 0x00007ffc9b1e9000 	C:\WINDOWS\System32\shlwapi.dll
0x00007ffc99c80000 - 0x00007ffc99caf000 	C:\WINDOWS\SYSTEM32\profapi.dll
0x00007ffc94b80000 - 0x00007ffc94b8c000 	C:\Users\Micro\.jdks\corretto-17.0.15\bin\dt_socket.dll
0x00007ffc98510000 - 0x00007ffc98543000 	C:\WINDOWS\SYSTEM32\IPHLPAPI.DLL
0x00007ffc99040000 - 0x00007ffc990aa000 	C:\WINDOWS\system32\mswsock.dll
0x00007ffc74980000 - 0x00007ffc74999000 	C:\Users\Micro\.jdks\corretto-17.0.15\bin\net.dll
0x00007ffc921c0000 - 0x00007ffc922de000 	C:\WINDOWS\SYSTEM32\WINHTTP.dll
0x00007ffc53530000 - 0x00007ffc53546000 	C:\Users\Micro\.jdks\corretto-17.0.15\bin\nio.dll
0x00007ffc74250000 - 0x00007ffc74260000 	C:\Users\Micro\.jdks\corretto-17.0.15\bin\verify.dll

dbghelp: loaded successfully - version: 4.0.5 - missing functions: none
symbol engine: initialized successfully - sym options: 0x614 - pdb path: .;C:\Users\Micro\.jdks\corretto-17.0.15\bin;C:\WINDOWS\SYSTEM32;C:\WINDOWS\WinSxS\amd64_microsoft.windows.common-controls_6595b64144ccf1df_6.0.26100.3912_none_3e07963ce335137e;C:\Users\Micro\.jdks\corretto-17.0.15\bin\server

VM Arguments:
jvm_args: -agentlib:jdwp=transport=dt_socket,address=127.0.0.1:56159,suspend=y,server=n -javaagent:C:\Users\Micro\AppData\Local\JetBrains\IdeaIC2023.3\captureAgent\debugger-agent.jar -Dfile.encoding=UTF-8 
java_command: com.br.api.favorites.FavoritesApplication
java_class_path (initial): C:\Users\Micro\OneDrive\rea de Trabalho\GLORIADEUS\favorites_clean_refactored_final\target\classes;C:\Users\Micro\.m2\repository\org\springframework\boot\spring-boot-starter-data-mongodb\3.5.0\spring-boot-starter-data-mongodb-3.5.0.jar;C:\Users\Micro\.m2\repository\org\springframework\boot\spring-boot-starter\3.5.0\spring-boot-starter-3.5.0.jar;C:\Users\Micro\.m2\repository\org\springframework\boot\spring-boot\3.5.0\spring-boot-3.5.0.jar;C:\Users\Micro\.m2\repository\org\springframework\boot\spring-boot-starter-logging\3.5.0\spring-boot-starter-logging-3.5.0.jar;C:\Users\Micro\.m2\repository\ch\qos\logback\logback-classic\1.5.18\logback-classic-1.5.18.jar;C:\Users\Micro\.m2\repository\ch\qos\logback\logback-core\1.5.18\logback-core-1.5.18.jar;C:\Users\Micro\.m2\repository\org\apache\logging\log4j\log4j-to-slf4j\2.24.3\log4j-to-slf4j-2.24.3.jar;C:\Users\Micro\.m2\repository\org\apache\logging\log4j\log4j-api\2.24.3\log4j-api-2.24.3.jar;C:\Users\Micro\.m2\repository\org\slf4j\jul-to-slf4j\2.0.17\jul-to-slf4j-2.0.17.jar;C:\Users\Micro\.m2\repository\jakarta\annotation\jakarta.annotation-api\2.1.1\jakarta.annotation-api-2.1.1.jar;C:\Users\Micro\.m2\repository\org\yaml\snakeyaml\2.4\snakeyaml-2.4.jar;C:\Users\Micro\.m2\repository\org\mongodb\mongodb-driver-sync\5.4.0\mongodb-driver-sync-5.4.0.jar;C:\Users\Micro\.m2\repository\org\mongodb\bson\5.4.0\bson-5.4.0.jar;C:\Users\Micro\.m2\repository\org\mongodb\mongodb-driver-core\5.4.0\mongodb-driver-core-5.4.0.jar;C:\Users\Micro\.m2\repository\org\mongodb\bson-record-codec\5.4.0\bson-record-codec-5.4.0.jar;C:\Users\Micro\.m2\repository\org\springframework\data\spring-data-mongodb\4.5.0\spring-data-mongodb-4.5.0.jar;C:\Users\Micro\.m2\repository\org\springframework\spring-tx\6.2.7\spring-tx-6.2.7.jar;C:\Users\Micro\.m2\repository\org\springframework\spring-context\6.2.7\spring-context-6.2.7.jar;C:\Users\Micro\.m2\repository\org\springframework\spring-beans\6.2.7\spring-beans-6.2.7.jar;C:\Users\Mic
Launcher Type: SUN_STANDARD

[Global flags]
     intx CICompilerCount                          = 4                                         {product} {ergonomic}
     uint ConcGCThreads                            = 3                                         {product} {ergonomic}
     uint G1ConcRefinementThreads                  = 10                                        {product} {ergonomic}
   size_t G1HeapRegionSize                         = 2097152                                   {product} {ergonomic}
    uintx GCDrainStackTargetSize                   = 64                                        {product} {ergonomic}
   size_t InitialHeapSize                          = 260046848                                 {product} {ergonomic}
   size_t MarkStackSize                            = 4194304                                   {product} {ergonomic}
   size_t MaxHeapSize                              = 4133486592                                {product} {ergonomic}
   size_t MaxNewSize                               = 2478833664                                {product} {ergonomic}
   size_t MinHeapDeltaBytes                        = 2097152                                   {product} {ergonomic}
   size_t MinHeapSize                              = 8388608                                   {product} {ergonomic}
    uintx NonNMethodCodeHeapSize                   = 5839372                                {pd product} {ergonomic}
    uintx NonProfiledCodeHeapSize                  = 122909434                              {pd product} {ergonomic}
    uintx ProfiledCodeHeapSize                     = 122909434                              {pd product} {ergonomic}
    uintx ReservedCodeCacheSize                    = 251658240                              {pd product} {ergonomic}
     bool SegmentedCodeCache                       = true                                      {product} {ergonomic}
   size_t SoftMaxHeapSize                          = 4133486592                             {manageable} {ergonomic}
     bool UseCompressedClassPointers               = true                           {product lp64_product} {ergonomic}
     bool UseCompressedOops                        = true                           {product lp64_product} {ergonomic}
     bool UseG1GC                                  = true                                      {product} {ergonomic}
     bool UseLargePagesIndividualAllocation        = false                                  {pd product} {ergonomic}

Logging:
Log output configuration:
 #0: stdout all=warning uptime,level,tags
 #1: stderr all=off uptime,level,tags

Environment Variables:
JAVA_HOME=C:\Program Files\Java\jdk-11
PATH=C:\Program Files\Common Files\Oracle\Java\javapath;C:\WINDOWS\system32;C:\WINDOWS;C:\WINDOWS\System32\Wbem;C:\WINDOWS\System32\WindowsPowerShell\v1.0\;C:\WINDOWS\System32\OpenSSH\;%JAVA_HOME%\bin;C:\Program Files\Go\bin;C:\Users\Micro\apache-maven-3.9.6\bin;C:\Program Files\Docker\Docker\resources\bin;C:\Program Files\Git\cmd;C:\Users\Micro\AppData\Local\Microsoft\WindowsApps;C:\Users\Micro\AppData\Local\Programs\Microsoft VS Code\bin;C:\Users\Micro\go\bin;C:\Program Files\nodejs\;C:\Program Files\WireGuard\;C:\WINDOWS\system32;C:\WINDOWS;C:\WINDOWS\System32\Wbem;C:\WINDOWS\System32\WindowsPowerShell\v1.0\;C:\WINDOWS\System32\OpenSSH\;C:\dev\flutter\bin;C:\mongodb-database-tools-windows-x86_64-100.12.0\bin;C:\Users\Micro\AppData\Local\Microsoft\WindowsApps;C:\Users\Micro\AppData\Local\Programs\Microsoft VS Code\bin;C:\Users\Micro\apache-maven-3.9.6\bin;C:\Users\Micro\go\bin;C:\Users\Micro\AppData\Roaming\npm;
USERNAME=Micro
OS=Windows_NT
PROCESSOR_IDENTIFIER=AMD64 Family 25 Model 80 Stepping 0, AuthenticAMD
TMP=C:\Users\Micro\AppData\Local\Temp
TEMP=C:\Users\Micro\AppData\Local\Temp



Periodic native trim disabled


---------------  S Y S T E M  ---------------

OS:
 Windows 11 , 64 bit Build 26100 (10.0.26100.3912)
OS uptime: 0 days 11:35 hours
Hyper-V role detected

CPU: total 12 (initial active 12) (12 cores per cpu, 2 threads per core) family 25 model 80 stepping 0 microcode 0xa50000d, cx8, cmov, fxsr, ht, mmx, 3dnowpref, sse, sse2, sse3, ssse3, sse4a, sse4.1, sse4.2, popcnt, lzcnt, tsc, tscinvbit, avx, avx2, aes, erms, clmul, bmi1, bmi2, adx, sha, fma, vzeroupper, clflush, clflushopt, hv
Processor Information for all 12 processors :
  Max Mhz: 3901, Current Mhz: 3901, Mhz Limit: 3901

Memory: 4k page, system-wide physical 15762M (4694M free)
TotalPageFile size 23442M (AvailPageFile size 6680M)
current process WorkingSet (physical memory assigned to process): 144M, peak: 148M
current process commit charge ("private bytes"): 404M, peak: 407M

vm_info: OpenJDK 64-Bit Server VM (17.0.15+6-LTS) for windows-amd64 JRE (17.0.15+6-LTS), built on Apr  9 2025 23:33:55 by "Administrator" with MS VC++ 16.10 / 16.11 (VS2019)

END.
